<?xml version="1.0" encoding="UTF-8"?>
<coverage generated="1760996477119" clover="3.2.0">
  <project timestamp="1760996477119" name="All files">
    <metrics statements="5680" coveredstatements="4229" conditionals="2309" coveredconditionals="1484" methods="945" coveredmethods="733" elements="8934" coveredelements="6446" complexity="0" loc="5680" ncloc="5680" packages="15" files="28" classes="28"/>
    <package name="performance">
      <metrics statements="173" coveredstatements="59" conditionals="33" coveredconditionals="5" methods="49" coveredmethods="13"/>
      <file name="CachingStrategy.ts" path="/Users/3fn/Documents/Work Projects/Kiro/DesignerPunk-v2/src/performance/CachingStrategy.ts">
        <metrics statements="127" coveredstatements="36" conditionals="29" coveredconditionals="4" methods="31" coveredmethods="7"/>
        <line num="30" count="2" type="stmt"/>
        <line num="31" count="32" type="stmt"/>
        <line num="32" count="32" type="stmt"/>
        <line num="33" count="32" type="stmt"/>
        <line num="35" count="32" type="stmt"/>
        <line num="36" count="32" type="stmt"/>
        <line num="37" count="32" type="stmt"/>
        <line num="43" count="0" type="cond" truecount="0" falsecount="1"/>
        <line num="44" count="0" type="stmt"/>
        <line num="45" count="0" type="stmt"/>
        <line num="53" count="0" type="stmt"/>
        <line num="64" count="0" type="stmt"/>
        <line num="76" count="0" type="stmt"/>
        <line num="78" count="0" type="cond" truecount="0" falsecount="1"/>
        <line num="79" count="0" type="stmt"/>
        <line num="80" count="0" type="stmt"/>
        <line num="84" count="0" type="cond" truecount="0" falsecount="1"/>
        <line num="85" count="0" type="stmt"/>
        <line num="86" count="0" type="stmt"/>
        <line num="87" count="0" type="stmt"/>
        <line num="91" count="0" type="stmt"/>
        <line num="92" count="0" type="stmt"/>
        <line num="94" count="0" type="stmt"/>
        <line num="101" count="0" type="stmt"/>
        <line num="102" count="0" type="cond" truecount="0" falsecount="2"/>
        <line num="109" count="0" type="stmt"/>
        <line num="120" count="0" type="stmt"/>
        <line num="132" count="0" type="stmt"/>
        <line num="134" count="0" type="cond" truecount="0" falsecount="1"/>
        <line num="135" count="0" type="stmt"/>
        <line num="136" count="0" type="stmt"/>
        <line num="140" count="0" type="cond" truecount="0" falsecount="1"/>
        <line num="141" count="0" type="stmt"/>
        <line num="142" count="0" type="stmt"/>
        <line num="143" count="0" type="stmt"/>
        <line num="147" count="0" type="stmt"/>
        <line num="148" count="0" type="stmt"/>
        <line num="150" count="0" type="stmt"/>
        <line num="157" count="0" type="stmt"/>
        <line num="158" count="0" type="cond" truecount="0" falsecount="2"/>
        <line num="165" count="0" type="stmt"/>
        <line num="176" count="12" type="stmt"/>
        <line num="188" count="16" type="stmt"/>
        <line num="190" count="16" type="cond" truecount="1" falsecount="0"/>
        <line num="191" count="14" type="stmt"/>
        <line num="192" count="14" type="stmt"/>
        <line num="196" count="2" type="cond" truecount="0" falsecount="1"/>
        <line num="197" count="0" type="stmt"/>
        <line num="198" count="0" type="stmt"/>
        <line num="199" count="0" type="stmt"/>
        <line num="203" count="2" type="stmt"/>
        <line num="204" count="2" type="stmt"/>
        <line num="206" count="2" type="stmt"/>
        <line num="213" count="0" type="stmt"/>
        <line num="214" count="0" type="cond" truecount="0" falsecount="2"/>
        <line num="221" count="0" type="stmt"/>
        <line num="232" count="1" type="stmt"/>
        <line num="233" count="1" type="stmt"/>
        <line num="234" count="1" type="stmt"/>
        <line num="235" count="1" type="stmt"/>
        <line num="243" count="0" type="stmt"/>
        <line num="244" count="0" type="cond" truecount="0" falsecount="1"/>
        <line num="245" count="0" type="stmt"/>
        <line num="250" count="0" type="stmt"/>
        <line num="251" count="0" type="cond" truecount="0" falsecount="1"/>
        <line num="252" count="0" type="stmt"/>
        <line num="257" count="0" type="stmt"/>
        <line num="258" count="0" type="cond" truecount="0" falsecount="1"/>
        <line num="259" count="0" type="stmt"/>
        <line num="268" count="1" type="stmt"/>
        <line num="269" count="1" type="stmt"/>
        <line num="272" count="1" type="stmt"/>
        <line num="273" count="0" type="cond" truecount="0" falsecount="1"/>
        <line num="274" count="0" type="stmt"/>
        <line num="275" count="0" type="stmt"/>
        <line num="280" count="1" type="stmt"/>
        <line num="281" count="0" type="cond" truecount="0" falsecount="1"/>
        <line num="282" count="0" type="stmt"/>
        <line num="283" count="0" type="stmt"/>
        <line num="288" count="1" type="stmt"/>
        <line num="289" count="0" type="cond" truecount="0" falsecount="1"/>
        <line num="290" count="0" type="stmt"/>
        <line num="291" count="0" type="stmt"/>
        <line num="295" count="1" type="stmt"/>
        <line num="302" count="0" type="stmt"/>
        <line num="305" count="0" type="cond" truecount="0" falsecount="1"/>
        <line num="306" count="0" type="stmt"/>
        <line num="307" count="0" type="stmt"/>
        <line num="309" count="0" type="stmt"/>
        <line num="310" count="0" type="stmt"/>
        <line num="311" count="0" type="stmt"/>
        <line num="312" count="0" type="stmt"/>
        <line num="317" count="0" type="cond" truecount="0" falsecount="1"/>
        <line num="318" count="0" type="stmt"/>
        <line num="319" count="0" type="stmt"/>
        <line num="321" count="0" type="stmt"/>
        <line num="322" count="0" type="stmt"/>
        <line num="323" count="0" type="stmt"/>
        <line num="324" count="0" type="stmt"/>
        <line num="329" count="0" type="cond" truecount="0" falsecount="1"/>
        <line num="330" count="0" type="stmt"/>
        <line num="331" count="0" type="stmt"/>
        <line num="333" count="0" type="stmt"/>
        <line num="334" count="0" type="stmt"/>
        <line num="335" count="0" type="stmt"/>
        <line num="336" count="0" type="stmt"/>
        <line num="340" count="0" type="stmt"/>
        <line num="351" count="2" type="stmt"/>
        <line num="352" count="2" type="stmt"/>
        <line num="353" count="2" type="cond" truecount="1" falsecount="1"/>
        <line num="356" count="2" type="stmt"/>
        <line num="362" count="2" type="stmt"/>
        <line num="363" count="2" type="cond" truecount="1" falsecount="1"/>
        <line num="364" count="2" type="cond" truecount="1" falsecount="1"/>
        <line num="366" count="2" type="stmt"/>
        <line num="380" count="1" type="stmt"/>
        <line num="381" count="1" type="stmt"/>
        <line num="393" count="0" type="stmt"/>
        <line num="405" count="0" type="stmt"/>
        <line num="408" count="0" type="stmt"/>
        <line num="409" count="0" type="stmt"/>
        <line num="413" count="0" type="stmt"/>
        <line num="414" count="0" type="stmt"/>
        <line num="418" count="0" type="stmt"/>
        <line num="419" count="0" type="stmt"/>
        <line num="422" count="0" type="stmt"/>
        <line num="423" count="0" type="stmt"/>
      </file>
      <file name="PerformanceMonitor.ts" path="/Users/3fn/Documents/Work Projects/Kiro/DesignerPunk-v2/src/performance/PerformanceMonitor.ts">
        <metrics statements="46" coveredstatements="23" conditionals="4" coveredconditionals="1" methods="18" coveredmethods="6"/>
        <line num="29" count="1" type="stmt"/>
        <line num="30" count="15" type="stmt"/>
        <line num="31" count="15" type="stmt"/>
        <line num="37" count="21" type="stmt"/>
        <line num="44" count="21" type="stmt"/>
        <line num="46" count="21" type="cond" truecount="0" falsecount="1"/>
        <line num="47" count="0" type="stmt"/>
        <line num="48" count="0" type="stmt"/>
        <line num="51" count="21" type="stmt"/>
        <line num="52" count="21" type="stmt"/>
        <line num="60" count="21" type="stmt"/>
        <line num="61" count="21" type="stmt"/>
        <line num="63" count="21" type="stmt"/>
        <line num="74" count="21" type="stmt"/>
        <line num="76" count="21" type="stmt"/>
        <line num="77" count="21" type="stmt"/>
        <line num="78" count="19" type="stmt"/>
        <line num="80" count="19" type="cond" truecount="0" falsecount="1"/>
        <line num="81" count="0" type="stmt"/>
        <line num="84" count="19" type="stmt"/>
        <line num="86" count="2" type="stmt"/>
        <line num="87" count="2" type="stmt"/>
        <line num="95" count="0" type="stmt"/>
        <line num="102" count="0" type="stmt"/>
        <line num="109" count="2" type="cond" truecount="1" falsecount="0"/>
        <line num="110" count="2" type="stmt"/>
        <line num="121" count="0" type="stmt"/>
        <line num="122" count="0" type="stmt"/>
        <line num="124" count="0" type="stmt"/>
        <line num="125" count="0" type="stmt"/>
        <line num="126" count="0" type="stmt"/>
        <line num="128" count="0" type="stmt"/>
        <line num="143" count="0" type="stmt"/>
        <line num="144" count="0" type="stmt"/>
        <line num="151" count="0" type="stmt"/>
        <line num="158" count="1" type="stmt"/>
        <line num="159" count="1" type="stmt"/>
        <line num="172" count="0" type="cond" truecount="0" falsecount="1"/>
        <line num="173" count="0" type="stmt"/>
        <line num="176" count="0" type="stmt"/>
        <line num="177" count="0" type="stmt"/>
        <line num="178" count="0" type="stmt"/>
        <line num="179" count="0" type="stmt"/>
        <line num="180" count="0" type="stmt"/>
        <line num="181" count="0" type="stmt"/>
        <line num="183" count="0" type="stmt"/>
      </file>
    </package>
    <package name="release-analysis.cli">
      <metrics statements="829" coveredstatements="466" conditionals="336" coveredconditionals="133" methods="105" coveredmethods="59"/>
      <file name="AdvancedReleaseCLI.ts" path="/Users/3fn/Documents/Work Projects/Kiro/DesignerPunk-v2/src/release-analysis/cli/AdvancedReleaseCLI.ts">
        <metrics statements="510" coveredstatements="271" conditionals="196" coveredconditionals="79" methods="61" coveredmethods="30"/>
        <line num="10" count="1" type="stmt"/>
        <line num="11" count="1" type="stmt"/>
        <line num="12" count="1" type="stmt"/>
        <line num="13" count="1" type="stmt"/>
        <line num="15" count="1" type="stmt"/>
        <line num="104" count="1" type="stmt"/>
        <line num="112" count="24" type="stmt"/>
        <line num="113" count="24" type="stmt"/>
        <line num="114" count="24" type="stmt"/>
        <line num="115" count="24" type="stmt"/>
        <line num="118" count="24" type="stmt"/>
        <line num="128" count="1" type="stmt"/>
        <line num="130" count="1" type="stmt"/>
        <line num="133" count="1" type="stmt"/>
        <line num="136" count="1" type="stmt"/>
        <line num="138" count="1" type="stmt"/>
        <line num="145" count="1" type="stmt"/>
        <line num="147" count="1" type="cond" truecount="1" falsecount="0"/>
        <line num="148" count="1" type="stmt"/>
        <line num="149" count="1" type="stmt"/>
        <line num="150" count="1" type="stmt"/>
        <line num="152" count="1" type="cond" truecount="1" falsecount="0"/>
        <line num="153" count="1" type="stmt"/>
        <line num="154" count="1" type="cond" truecount="3" falsecount="0"/>
        <line num="155" count="1" type="stmt"/>
        <line num="156" count="1" type="stmt"/>
        <line num="162" count="0" type="stmt"/>
        <line num="163" count="0" type="stmt"/>
        <line num="164" count="0" type="stmt"/>
        <line num="167" count="0" type="stmt"/>
        <line num="168" count="0" type="stmt"/>
        <line num="169" count="0" type="stmt"/>
        <line num="172" count="0" type="cond" truecount="0" falsecount="3"/>
        <line num="173" count="0" type="stmt"/>
        <line num="174" count="0" type="stmt"/>
        <line num="178" count="0" type="stmt"/>
        <line num="179" count="0" type="stmt"/>
        <line num="180" count="0" type="stmt"/>
        <line num="181" count="0" type="stmt"/>
        <line num="184" count="0" type="cond" truecount="0" falsecount="3"/>
        <line num="185" count="0" type="stmt"/>
        <line num="186" count="0" type="stmt"/>
        <line num="187" count="0" type="stmt"/>
        <line num="189" count="0" type="stmt"/>
        <line num="190" count="0" type="cond" truecount="0" falsecount="3"/>
        <line num="192" count="0" type="stmt"/>
        <line num="193" count="0" type="cond" truecount="0" falsecount="1"/>
        <line num="194" count="0" type="stmt"/>
        <line num="200" count="0" type="stmt"/>
        <line num="201" count="0" type="stmt"/>
        <line num="202" count="0" type="stmt"/>
        <line num="205" count="0" type="stmt"/>
        <line num="207" count="0" type="stmt"/>
        <line num="216" count="0" type="stmt"/>
        <line num="217" count="0" type="stmt"/>
        <line num="219" count="0" type="stmt"/>
        <line num="222" count="1" type="cond" truecount="1" falsecount="1"/>
        <line num="223" count="1" type="stmt"/>
        <line num="226" count="1" type="stmt"/>
        <line num="227" count="1" type="cond" truecount="0" falsecount="1"/>
        <line num="228" count="0" type="stmt"/>
        <line num="231" count="1" type="stmt"/>
        <line num="233" count="0" type="stmt"/>
        <line num="234" count="0" type="stmt"/>
        <line num="237" count="0" type="cond" truecount="0" falsecount="2"/>
        <line num="245" count="2" type="stmt"/>
        <line num="246" count="2" type="stmt"/>
        <line num="248" count="2" type="cond" truecount="2" falsecount="0"/>
        <line num="251" count="2" type="cond" truecount="1" falsecount="0"/>
        <line num="252" count="2" type="stmt"/>
        <line num="254" count="2" type="stmt"/>
        <line num="255" count="3" type="stmt"/>
        <line num="256" count="3" type="stmt"/>
        <line num="258" count="3" type="cond" truecount="1" falsecount="0"/>
        <line num="259" count="2" type="stmt"/>
        <line num="261" count="2" type="cond" truecount="4" falsecount="5"/>
        <line num="264" count="1" type="stmt"/>
        <line num="265" count="1" type="stmt"/>
        <line num="268" count="1" type="stmt"/>
        <line num="269" count="1" type="stmt"/>
        <line num="270" count="1" type="stmt"/>
        <line num="271" count="1" type="stmt"/>
        <line num="274" count="0" type="stmt"/>
        <line num="275" count="0" type="stmt"/>
        <line num="276" count="0" type="stmt"/>
        <line num="277" count="0" type="stmt"/>
        <line num="281" count="0" type="stmt"/>
        <line num="282" count="0" type="stmt"/>
        <line num="289" count="2" type="cond" truecount="0" falsecount="1"/>
        <line num="290" count="0" type="stmt"/>
        <line num="292" count="0" type="stmt"/>
        <line num="293" count="0" type="stmt"/>
        <line num="294" count="0" type="stmt"/>
        <line num="295" count="0" type="stmt"/>
        <line num="297" count="0" type="cond" truecount="0" falsecount="1"/>
        <line num="298" count="0" type="stmt"/>
        <line num="300" count="0" type="cond" truecount="0" falsecount="7"/>
        <line num="303" count="0" type="stmt"/>
        <line num="305" count="0" type="stmt"/>
        <line num="308" count="0" type="stmt"/>
        <line num="309" count="0" type="stmt"/>
        <line num="313" count="0" type="stmt"/>
        <line num="314" count="0" type="stmt"/>
        <line num="320" count="2" type="stmt"/>
        <line num="327" count="0" type="stmt"/>
        <line num="331" count="0" type="cond" truecount="0" falsecount="2"/>
        <line num="332" count="0" type="stmt"/>
        <line num="333" count="0" type="stmt"/>
        <line num="334" count="0" type="stmt"/>
        <line num="341" count="0" type="stmt"/>
        <line num="342" count="0" type="cond" truecount="0" falsecount="2"/>
        <line num="343" count="0" type="stmt"/>
        <line num="344" count="0" type="stmt"/>
        <line num="345" count="0" type="stmt"/>
        <line num="352" count="0" type="stmt"/>
        <line num="353" count="0" type="stmt"/>
        <line num="361" count="0" type="stmt"/>
        <line num="368" count="1" type="stmt"/>
        <line num="369" count="1" type="stmt"/>
        <line num="370" count="1" type="cond" truecount="1" falsecount="2"/>
        <line num="371" count="1" type="stmt"/>
        <line num="372" count="1" type="stmt"/>
        <line num="374" count="1" type="cond" truecount="1" falsecount="0"/>
        <line num="375" count="1" type="stmt"/>
        <line num="376" count="1" type="stmt"/>
        <line num="377" count="1" type="stmt"/>
        <line num="380" count="1" type="stmt"/>
        <line num="387" count="5" type="cond" truecount="2" falsecount="0"/>
        <line num="388" count="1" type="stmt"/>
        <line num="389" count="4" type="cond" truecount="2" falsecount="0"/>
        <line num="390" count="2" type="stmt"/>
        <line num="391" count="2" type="cond" truecount="1" falsecount="1"/>
        <line num="392" count="0" type="stmt"/>
        <line num="393" count="2" type="cond" truecount="1" falsecount="1"/>
        <line num="394" count="2" type="stmt"/>
        <line num="396" count="0" type="stmt"/>
        <line num="397" count="0" type="stmt"/>
        <line num="398" count="0" type="stmt"/>
        <line num="399" count="0" type="stmt"/>
        <line num="400" count="0" type="stmt"/>
        <line num="408" count="1" type="stmt"/>
        <line num="409" count="1" type="stmt"/>
        <line num="410" count="1" type="stmt"/>
        <line num="417" count="2" type="stmt"/>
        <line num="419" count="2" type="stmt"/>
        <line num="420" count="2" type="stmt"/>
        <line num="423" count="2" type="stmt"/>
        <line num="424" count="3" type="cond" truecount="1" falsecount="0"/>
        <line num="425" count="1" type="stmt"/>
        <line num="427" count="2" type="stmt"/>
        <line num="431" count="1" type="stmt"/>
        <line num="432" count="1" type="cond" truecount="0" falsecount="1"/>
        <line num="433" count="0" type="stmt"/>
        <line num="437" count="1" type="cond" truecount="1" falsecount="1"/>
        <line num="438" count="1" type="stmt"/>
        <line num="439" count="0" type="cond" truecount="0" falsecount="2"/>
        <line num="440" count="0" type="cond" truecount="0" falsecount="2"/>
        <line num="442" count="0" type="stmt"/>
        <line num="446" count="1" type="stmt"/>
        <line num="447" count="1" type="stmt"/>
        <line num="450" count="1" type="stmt"/>
        <line num="458" count="0" type="stmt"/>
        <line num="459" count="0" type="cond" truecount="0" falsecount="4"/>
        <line num="460" count="0" type="stmt"/>
        <line num="461" count="0" type="stmt"/>
        <line num="462" count="0" type="stmt"/>
        <line num="464" count="0" type="stmt"/>
        <line num="472" count="2" type="stmt"/>
        <line num="474" count="2" type="stmt"/>
        <line num="475" count="2" type="stmt"/>
        <line num="478" count="2" type="stmt"/>
        <line num="479" count="2" type="cond" truecount="3" falsecount="0"/>
        <line num="480" count="1" type="stmt"/>
        <line num="482" count="2" type="cond" truecount="3" falsecount="0"/>
        <line num="483" count="1" type="stmt"/>
        <line num="485" count="2" type="cond" truecount="2" falsecount="1"/>
        <line num="486" count="0" type="stmt"/>
        <line num="490" count="2" type="cond" truecount="1" falsecount="0"/>
        <line num="491" count="1" type="stmt"/>
        <line num="495" count="2" type="stmt"/>
        <line num="496" count="2" type="stmt"/>
        <line num="497" count="2" type="stmt"/>
        <line num="499" count="0" type="stmt"/>
        <line num="503" count="2" type="cond" truecount="4" falsecount="0"/>
        <line num="504" count="1" type="stmt"/>
        <line num="506" count="1" type="cond" truecount="1" falsecount="0"/>
        <line num="507" count="1" type="stmt"/>
        <line num="508" count="2" type="stmt"/>
        <line num="510" count="1" type="cond" truecount="1" falsecount="0"/>
        <line num="511" count="1" type="stmt"/>
        <line num="512" count="1" type="stmt"/>
        <line num="521" count="5" type="cond" truecount="2" falsecount="0"/>
        <line num="522" count="2" type="stmt"/>
        <line num="523" count="3" type="cond" truecount="1" falsecount="1"/>
        <line num="524" count="0" type="stmt"/>
        <line num="525" count="3" type="cond" truecount="1" falsecount="1"/>
        <line num="526" count="3" type="stmt"/>
        <line num="527" count="0" type="cond" truecount="0" falsecount="2"/>
        <line num="528" count="0" type="stmt"/>
        <line num="530" count="0" type="stmt"/>
        <line num="531" count="0" type="stmt"/>
        <line num="532" count="0" type="stmt"/>
        <line num="533" count="0" type="stmt"/>
        <line num="534" count="0" type="stmt"/>
        <line num="542" count="2" type="stmt"/>
        <line num="543" count="2" type="stmt"/>
        <line num="545" count="2" type="cond" truecount="1" falsecount="0"/>
        <line num="546" count="1" type="stmt"/>
        <line num="547" count="1" type="stmt"/>
        <line num="550" count="1" type="stmt"/>
        <line num="551" count="1" type="stmt"/>
        <line num="553" count="1" type="stmt"/>
        <line num="554" count="1" type="stmt"/>
        <line num="555" count="1" type="stmt"/>
        <line num="556" count="1" type="stmt"/>
        <line num="561" count="1" type="stmt"/>
        <line num="562" count="1" type="stmt"/>
        <line num="563" count="1" type="stmt"/>
        <line num="564" count="1" type="stmt"/>
        <line num="565" count="1" type="stmt"/>
        <line num="566" count="1" type="stmt"/>
        <line num="570" count="0" type="stmt"/>
        <line num="578" count="0" type="stmt"/>
        <line num="579" count="0" type="stmt"/>
        <line num="580" count="0" type="stmt"/>
        <line num="582" count="0" type="cond" truecount="0" falsecount="1"/>
        <line num="583" count="0" type="stmt"/>
        <line num="584" count="0" type="stmt"/>
        <line num="588" count="0" type="stmt"/>
        <line num="589" count="0" type="stmt"/>
        <line num="592" count="0" type="stmt"/>
        <line num="593" count="0" type="stmt"/>
        <line num="596" count="0" type="stmt"/>
        <line num="604" count="3" type="stmt"/>
        <line num="605" count="3" type="stmt"/>
        <line num="606" count="3" type="stmt"/>
        <line num="608" count="3" type="cond" truecount="1" falsecount="0"/>
        <line num="609" count="2" type="stmt"/>
        <line num="610" count="2" type="stmt"/>
        <line num="613" count="1" type="stmt"/>
        <line num="614" count="1" type="stmt"/>
        <line num="615" count="1" type="stmt"/>
        <line num="616" count="1" type="stmt"/>
        <line num="617" count="1" type="stmt"/>
        <line num="618" count="1" type="stmt"/>
        <line num="619" count="1" type="stmt"/>
        <line num="622" count="1" type="stmt"/>
        <line num="623" count="1" type="stmt"/>
        <line num="624" count="1" type="stmt"/>
        <line num="625" count="1" type="stmt"/>
        <line num="626" count="1" type="stmt"/>
        <line num="627" count="1" type="stmt"/>
        <line num="630" count="0" type="stmt"/>
        <line num="638" count="0" type="stmt"/>
        <line num="639" count="0" type="cond" truecount="0" falsecount="4"/>
        <line num="640" count="0" type="stmt"/>
        <line num="641" count="0" type="stmt"/>
        <line num="642" count="0" type="stmt"/>
        <line num="644" count="0" type="stmt"/>
        <line num="647" count="0" type="stmt"/>
        <line num="660" count="4" type="stmt"/>
        <line num="661" count="4" type="stmt"/>
        <line num="662" count="4" type="stmt"/>
        <line num="663" count="4" type="stmt"/>
        <line num="664" count="4" type="stmt"/>
        <line num="667" count="4" type="cond" truecount="2" falsecount="1"/>
        <line num="668" count="0" type="stmt"/>
        <line num="670" count="4" type="cond" truecount="2" falsecount="1"/>
        <line num="671" count="0" type="stmt"/>
        <line num="675" count="4" type="cond" truecount="3" falsecount="0"/>
        <line num="676" count="2" type="stmt"/>
        <line num="677" count="2" type="cond" truecount="1" falsecount="0"/>
        <line num="678" count="2" type="stmt"/>
        <line num="679" count="2" type="stmt"/>
        <line num="684" count="4" type="stmt"/>
        <line num="685" count="10" type="stmt"/>
        <line num="687" count="10" type="cond" truecount="11" falsecount="8"/>
        <line num="690" count="1" type="cond" truecount="1" falsecount="0"/>
        <line num="691" count="1" type="stmt"/>
        <line num="693" count="1" type="cond" truecount="1" falsecount="0"/>
        <line num="694" count="1" type="stmt"/>
        <line num="695" count="1" type="cond" truecount="1" falsecount="0"/>
        <line num="696" count="1" type="stmt"/>
        <line num="699" count="1" type="stmt"/>
        <line num="701" count="1" type="stmt"/>
        <line num="702" count="1" type="stmt"/>
        <line num="704" count="0" type="cond" truecount="0" falsecount="1"/>
        <line num="705" count="0" type="stmt"/>
        <line num="707" count="0" type="cond" truecount="0" falsecount="1"/>
        <line num="708" count="0" type="stmt"/>
        <line num="713" count="1" type="stmt"/>
        <line num="714" count="1" type="stmt"/>
        <line num="716" count="1" type="stmt"/>
        <line num="717" count="1" type="stmt"/>
        <line num="719" count="0" type="stmt"/>
        <line num="720" count="0" type="stmt"/>
        <line num="722" count="1" type="cond" truecount="1" falsecount="0"/>
        <line num="723" count="1" type="stmt"/>
        <line num="727" count="1" type="stmt"/>
        <line num="728" count="1" type="stmt"/>
        <line num="730" count="1" type="cond" truecount="1" falsecount="0"/>
        <line num="731" count="1" type="stmt"/>
        <line num="732" count="1" type="stmt"/>
        <line num="734" count="1" type="stmt"/>
        <line num="736" count="0" type="stmt"/>
        <line num="737" count="0" type="stmt"/>
        <line num="739" count="0" type="stmt"/>
        <line num="740" count="0" type="stmt"/>
        <line num="742" count="0" type="cond" truecount="0" falsecount="1"/>
        <line num="743" count="0" type="stmt"/>
        <line num="747" count="1" type="stmt"/>
        <line num="748" count="1" type="stmt"/>
        <line num="750" count="1" type="cond" truecount="1" falsecount="0"/>
        <line num="751" count="1" type="stmt"/>
        <line num="753" count="0" type="cond" truecount="0" falsecount="1"/>
        <line num="754" count="0" type="stmt"/>
        <line num="756" count="0" type="stmt"/>
        <line num="757" count="0" type="stmt"/>
        <line num="759" count="10" type="stmt"/>
        <line num="762" count="4" type="stmt"/>
        <line num="769" count="0" type="stmt"/>
        <line num="770" count="0" type="stmt"/>
        <line num="772" count="0" type="cond" truecount="0" falsecount="6"/>
        <line num="774" count="0" type="stmt"/>
        <line num="775" count="0" type="stmt"/>
        <line num="778" count="0" type="stmt"/>
        <line num="780" count="0" type="cond" truecount="0" falsecount="6"/>
        <line num="782" count="0" type="stmt"/>
        <line num="783" count="0" type="stmt"/>
        <line num="785" count="0" type="stmt"/>
        <line num="786" count="0" type="stmt"/>
        <line num="789" count="0" type="stmt"/>
        <line num="790" count="0" type="stmt"/>
        <line num="792" count="0" type="stmt"/>
        <line num="795" count="0" type="stmt"/>
        <line num="796" count="0" type="stmt"/>
        <line num="799" count="0" type="stmt"/>
        <line num="800" count="0" type="stmt"/>
        <line num="803" count="0" type="stmt"/>
        <line num="804" count="0" type="stmt"/>
        <line num="807" count="0" type="stmt"/>
        <line num="808" count="0" type="stmt"/>
        <line num="809" count="0" type="stmt"/>
        <line num="812" count="0" type="stmt"/>
        <line num="813" count="0" type="stmt"/>
        <line num="815" count="0" type="stmt"/>
        <line num="822" count="0" type="stmt"/>
        <line num="824" count="0" type="cond" truecount="0" falsecount="2"/>
        <line num="825" count="0" type="stmt"/>
        <line num="826" count="0" type="stmt"/>
        <line num="827" count="0" type="stmt"/>
        <line num="834" count="0" type="stmt"/>
        <line num="835" count="0" type="cond" truecount="0" falsecount="2"/>
        <line num="836" count="0" type="stmt"/>
        <line num="837" count="0" type="stmt"/>
        <line num="838" count="0" type="stmt"/>
        <line num="845" count="0" type="stmt"/>
        <line num="846" count="0" type="stmt"/>
        <line num="856" count="0" type="stmt"/>
        <line num="861" count="0" type="stmt"/>
        <line num="864" count="0" type="stmt"/>
        <line num="866" count="0" type="stmt"/>
        <line num="867" count="0" type="stmt"/>
        <line num="868" count="0" type="stmt"/>
        <line num="869" count="0" type="stmt"/>
        <line num="870" count="0" type="cond" truecount="0" falsecount="2"/>
        <line num="871" count="0" type="stmt"/>
        <line num="874" count="0" type="stmt"/>
        <line num="880" count="0" type="stmt"/>
        <line num="881" count="0" type="stmt"/>
        <line num="885" count="0" type="stmt"/>
        <line num="886" count="0" type="stmt"/>
        <line num="887" count="0" type="stmt"/>
        <line num="888" count="0" type="stmt"/>
        <line num="889" count="0" type="cond" truecount="0" falsecount="1"/>
        <line num="890" count="0" type="stmt"/>
        <line num="897" count="0" type="stmt"/>
        <line num="898" count="0" type="stmt"/>
        <line num="899" count="0" type="cond" truecount="0" falsecount="1"/>
        <line num="900" count="0" type="stmt"/>
        <line num="903" count="0" type="stmt"/>
        <line num="907" count="0" type="cond" truecount="0" falsecount="2"/>
        <line num="908" count="0" type="cond" truecount="0" falsecount="2"/>
        <line num="910" count="0" type="stmt"/>
        <line num="912" count="0" type="cond" truecount="0" falsecount="1"/>
        <line num="913" count="0" type="stmt"/>
        <line num="916" count="0" type="cond" truecount="0" falsecount="1"/>
        <line num="917" count="0" type="stmt"/>
        <line num="920" count="0" type="stmt"/>
        <line num="930" count="2" type="stmt"/>
        <line num="931" count="2" type="stmt"/>
        <line num="932" count="1" type="stmt"/>
        <line num="934" count="1" type="stmt"/>
        <line num="939" count="1" type="stmt"/>
        <line num="940" count="1" type="stmt"/>
        <line num="944" count="5" type="stmt"/>
        <line num="945" count="5" type="stmt"/>
        <line num="946" count="3" type="stmt"/>
        <line num="948" count="2" type="stmt"/>
        <line num="953" count="0" type="stmt"/>
        <line num="955" count="0" type="stmt"/>
        <line num="964" count="0" type="stmt"/>
        <line num="967" count="0" type="cond" truecount="0" falsecount="1"/>
        <line num="968" count="0" type="stmt"/>
        <line num="971" count="0" type="stmt"/>
        <line num="972" count="0" type="stmt"/>
        <line num="976" count="0" type="stmt"/>
        <line num="977" count="0" type="stmt"/>
        <line num="979" count="0" type="stmt"/>
        <line num="981" count="0" type="stmt"/>
        <line num="984" count="0" type="stmt"/>
        <line num="999" count="0" type="stmt"/>
        <line num="1000" count="0" type="stmt"/>
        <line num="1002" count="0" type="stmt"/>
        <line num="1003" count="0" type="stmt"/>
        <line num="1004" count="0" type="stmt"/>
        <line num="1006" count="0" type="stmt"/>
        <line num="1007" count="0" type="stmt"/>
        <line num="1009" count="0" type="cond" truecount="0" falsecount="2"/>
        <line num="1010" count="0" type="stmt"/>
        <line num="1012" count="0" type="stmt"/>
        <line num="1015" count="0" type="cond" truecount="0" falsecount="2"/>
        <line num="1016" count="0" type="cond" truecount="0" falsecount="2"/>
        <line num="1017" count="0" type="cond" truecount="0" falsecount="2"/>
        <line num="1018" count="0" type="cond" truecount="0" falsecount="2"/>
        <line num="1019" count="0" type="cond" truecount="0" falsecount="2"/>
        <line num="1023" count="0" type="stmt"/>
        <line num="1024" count="0" type="stmt"/>
        <line num="1025" count="0" type="stmt"/>
        <line num="1031" count="3" type="stmt"/>
        <line num="1032" count="3" type="stmt"/>
        <line num="1033" count="3" type="stmt"/>
        <line num="1034" count="3" type="stmt"/>
        <line num="1036" count="3" type="stmt"/>
        <line num="1038" count="3" type="cond" truecount="3" falsecount="0"/>
        <line num="1040" count="1" type="stmt"/>
        <line num="1041" count="1" type="stmt"/>
        <line num="1047" count="1" type="stmt"/>
        <line num="1048" count="1" type="stmt"/>
        <line num="1054" count="1" type="stmt"/>
        <line num="1059" count="1" type="stmt"/>
        <line num="1060" count="1" type="stmt"/>
        <line num="1064" count="1" type="stmt"/>
        <line num="1065" count="1" type="stmt"/>
        <line num="1069" count="1" type="stmt"/>
        <line num="1108" count="0" type="stmt"/>
        <line num="1148" count="1" type="stmt"/>
        <line num="1149" count="1" type="stmt"/>
        <line num="1152" count="1" type="stmt"/>
        <line num="1153" count="1" type="cond" truecount="1" falsecount="2"/>
        <line num="1154" count="1" type="stmt"/>
        <line num="1155" count="1" type="stmt"/>
        <line num="1156" count="1" type="stmt"/>
        <line num="1159" count="1" type="stmt"/>
        <line num="1160" count="1" type="stmt"/>
        <line num="1161" count="1" type="stmt"/>
        <line num="1162" count="1" type="stmt"/>
        <line num="1163" count="1" type="stmt"/>
        <line num="1164" count="1" type="stmt"/>
        <line num="1167" count="1" type="stmt"/>
        <line num="1168" count="1" type="stmt"/>
        <line num="1169" count="1" type="stmt"/>
        <line num="1170" count="1" type="stmt"/>
        <line num="1171" count="1" type="stmt"/>
        <line num="1172" count="1" type="stmt"/>
        <line num="1175" count="1" type="stmt"/>
        <line num="1176" count="1" type="stmt"/>
        <line num="1177" count="1" type="stmt"/>
        <line num="1178" count="1" type="stmt"/>
        <line num="1179" count="1" type="stmt"/>
        <line num="1180" count="1" type="stmt"/>
        <line num="1183" count="1" type="cond" truecount="1" falsecount="0"/>
        <line num="1184" count="1" type="stmt"/>
        <line num="1185" count="1" type="stmt"/>
        <line num="1186" count="1" type="stmt"/>
        <line num="1187" count="1" type="stmt"/>
        <line num="1188" count="1" type="stmt"/>
        <line num="1193" count="1" type="cond" truecount="1" falsecount="0"/>
        <line num="1194" count="1" type="stmt"/>
        <line num="1195" count="1" type="stmt"/>
        <line num="1196" count="1" type="stmt"/>
        <line num="1200" count="1" type="stmt"/>
        <line num="1204" count="1" type="stmt"/>
        <line num="1205" count="1" type="stmt"/>
        <line num="1207" count="1" type="stmt"/>
        <line num="1208" count="1" type="stmt"/>
        <line num="1209" count="1" type="stmt"/>
        <line num="1211" count="1" type="stmt"/>
        <line num="1216" count="1" type="stmt"/>
        <line num="1217" count="1" type="cond" truecount="1" falsecount="0"/>
        <line num="1218" count="1" type="stmt"/>
        <line num="1220" count="1" type="cond" truecount="1" falsecount="0"/>
        <line num="1221" count="1" type="stmt"/>
        <line num="1223" count="1" type="cond" truecount="0" falsecount="1"/>
        <line num="1224" count="0" type="stmt"/>
        <line num="1226" count="1" type="cond" truecount="0" falsecount="1"/>
        <line num="1227" count="0" type="stmt"/>
        <line num="1230" count="1" type="stmt"/>
        <line num="1232" count="1" type="cond" truecount="1" falsecount="0"/>
        <line num="1233" count="1" type="stmt"/>
        <line num="1236" count="1" type="stmt"/>
        <line num="1240" count="1" type="stmt"/>
        <line num="1244" count="0" type="stmt"/>
        <line num="1327" count="0" type="stmt"/>
        <line num="1328" count="0" type="stmt"/>
        <line num="1332" count="1" type="cond" truecount="0" falsecount="1"/>
        <line num="1333" count="0" type="stmt"/>
        <line num="1334" count="0" type="stmt"/>
        <line num="1335" count="0" type="stmt"/>
        <line num="1339" count="1" type="stmt"/>
      </file>
      <file name="ReleaseCLI.ts" path="/Users/3fn/Documents/Work Projects/Kiro/DesignerPunk-v2/src/release-analysis/cli/ReleaseCLI.ts">
        <metrics statements="319" coveredstatements="195" conditionals="140" coveredconditionals="54" methods="44" coveredmethods="29"/>
        <line num="10" count="3" type="stmt"/>
        <line num="11" count="3" type="stmt"/>
        <line num="12" count="3" type="stmt"/>
        <line num="13" count="3" type="stmt"/>
        <line num="36" count="3" type="stmt"/>
        <line num="41" count="39" type="stmt"/>
        <line num="42" count="39" type="stmt"/>
        <line num="49" count="19" type="stmt"/>
        <line num="52" count="19" type="stmt"/>
        <line num="54" count="19" type="stmt"/>
        <line num="61" count="19" type="stmt"/>
        <line num="63" count="19" type="stmt"/>
        <line num="65" count="19" type="stmt"/>
        <line num="67" count="19" type="stmt"/>
        <line num="68" count="19" type="stmt"/>
        <line num="69" count="19" type="cond" truecount="3" falsecount="1"/>
        <line num="70" count="0" type="stmt"/>
        <line num="71" count="0" type="stmt"/>
        <line num="74" count="0" type="cond" truecount="0" falsecount="2"/>
        <line num="75" count="0" type="stmt"/>
        <line num="79" count="19" type="stmt"/>
        <line num="80" count="19" type="stmt"/>
        <line num="83" count="19" type="stmt"/>
        <line num="86" count="19" type="cond" truecount="2" falsecount="0"/>
        <line num="88" count="2" type="stmt"/>
        <line num="89" count="2" type="stmt"/>
        <line num="90" count="1" type="stmt"/>
        <line num="91" count="1" type="stmt"/>
        <line num="98" count="1" type="stmt"/>
        <line num="99" count="1" type="stmt"/>
        <line num="100" count="1" type="stmt"/>
        <line num="109" count="17" type="stmt"/>
        <line num="110" count="17" type="stmt"/>
        <line num="112" count="0" type="cond" truecount="0" falsecount="2"/>
        <line num="113" count="0" type="stmt"/>
        <line num="116" count="17" type="cond" truecount="2" falsecount="0"/>
        <line num="117" count="4" type="stmt"/>
        <line num="118" count="4" type="stmt"/>
        <line num="119" count="4" type="stmt"/>
        <line num="120" count="0" type="stmt"/>
        <line num="121" count="0" type="stmt"/>
        <line num="128" count="4" type="cond" truecount="1" falsecount="1"/>
        <line num="129" count="4" type="stmt"/>
        <line num="130" count="4" type="stmt"/>
        <line num="137" count="13" type="stmt"/>
        <line num="138" count="13" type="stmt"/>
        <line num="139" count="13" type="stmt"/>
        <line num="147" count="19" type="stmt"/>
        <line num="150" count="19" type="stmt"/>
        <line num="152" count="19" type="stmt"/>
        <line num="154" count="19" type="cond" truecount="2" falsecount="1"/>
        <line num="155" count="0" type="stmt"/>
        <line num="158" count="19" type="stmt"/>
        <line num="159" count="19" type="stmt"/>
        <line num="161" count="0" type="cond" truecount="0" falsecount="2"/>
        <line num="164" count="0" type="stmt"/>
        <line num="179" count="0" type="stmt"/>
        <line num="180" count="0" type="stmt"/>
        <line num="181" count="0" type="stmt"/>
        <line num="182" count="0" type="stmt"/>
        <line num="183" count="0" type="stmt"/>
        <line num="184" count="0" type="stmt"/>
        <line num="186" count="0" type="stmt"/>
        <line num="191" count="19" type="stmt"/>
        <line num="193" count="19" type="stmt"/>
        <line num="194" count="19" type="stmt"/>
        <line num="195" count="19" type="stmt"/>
        <line num="196" count="19" type="stmt"/>
        <line num="198" count="0" type="cond" truecount="0" falsecount="2"/>
        <line num="200" count="0" type="stmt"/>
        <line num="201" count="0" type="stmt"/>
        <line num="212" count="19" type="stmt"/>
        <line num="214" count="19" type="stmt"/>
        <line num="215" count="19" type="stmt"/>
        <line num="216" count="19" type="stmt"/>
        <line num="218" count="0" type="cond" truecount="0" falsecount="2"/>
        <line num="220" count="0" type="stmt"/>
        <line num="237" count="19" type="stmt"/>
        <line num="239" count="19" type="stmt"/>
        <line num="248" count="19" type="cond" truecount="3" falsecount="1"/>
        <line num="249" count="19" type="stmt"/>
        <line num="252" count="19" type="stmt"/>
        <line num="253" count="19" type="cond" truecount="1" falsecount="0"/>
        <line num="254" count="12" type="stmt"/>
        <line num="257" count="19" type="stmt"/>
        <line num="259" count="0" type="stmt"/>
        <line num="260" count="0" type="stmt"/>
        <line num="263" count="0" type="cond" truecount="0" falsecount="2"/>
        <line num="271" count="1" type="stmt"/>
        <line num="272" count="1" type="stmt"/>
        <line num="275" count="1" type="stmt"/>
        <line num="276" count="1" type="cond" truecount="1" falsecount="2"/>
        <line num="277" count="1" type="stmt"/>
        <line num="278" count="1" type="stmt"/>
        <line num="279" count="1" type="stmt"/>
        <line num="282" count="1" type="stmt"/>
        <line num="283" count="1" type="stmt"/>
        <line num="284" count="1" type="stmt"/>
        <line num="285" count="1" type="stmt"/>
        <line num="286" count="1" type="stmt"/>
        <line num="287" count="1" type="stmt"/>
        <line num="290" count="1" type="stmt"/>
        <line num="291" count="1" type="stmt"/>
        <line num="292" count="1" type="stmt"/>
        <line num="293" count="1" type="stmt"/>
        <line num="294" count="1" type="stmt"/>
        <line num="295" count="1" type="stmt"/>
        <line num="298" count="1" type="stmt"/>
        <line num="299" count="1" type="stmt"/>
        <line num="300" count="1" type="stmt"/>
        <line num="301" count="1" type="stmt"/>
        <line num="302" count="1" type="stmt"/>
        <line num="303" count="1" type="stmt"/>
        <line num="306" count="1" type="cond" truecount="0" falsecount="1"/>
        <line num="307" count="0" type="stmt"/>
        <line num="308" count="0" type="stmt"/>
        <line num="309" count="0" type="stmt"/>
        <line num="310" count="0" type="stmt"/>
        <line num="311" count="0" type="stmt"/>
        <line num="316" count="1" type="cond" truecount="0" falsecount="1"/>
        <line num="317" count="0" type="stmt"/>
        <line num="318" count="0" type="stmt"/>
        <line num="319" count="0" type="stmt"/>
        <line num="323" count="1" type="stmt"/>
        <line num="330" count="1" type="stmt"/>
        <line num="331" count="1" type="stmt"/>
        <line num="333" count="1" type="stmt"/>
        <line num="334" count="1" type="stmt"/>
        <line num="335" count="1" type="stmt"/>
        <line num="337" count="1" type="stmt"/>
        <line num="342" count="1" type="stmt"/>
        <line num="343" count="1" type="cond" truecount="0" falsecount="1"/>
        <line num="344" count="0" type="stmt"/>
        <line num="346" count="1" type="cond" truecount="1" falsecount="0"/>
        <line num="347" count="1" type="stmt"/>
        <line num="349" count="1" type="cond" truecount="0" falsecount="1"/>
        <line num="350" count="0" type="stmt"/>
        <line num="352" count="1" type="cond" truecount="0" falsecount="1"/>
        <line num="353" count="0" type="stmt"/>
        <line num="356" count="1" type="stmt"/>
        <line num="358" count="1" type="cond" truecount="0" falsecount="1"/>
        <line num="359" count="0" type="stmt"/>
        <line num="362" count="1" type="stmt"/>
        <line num="369" count="2" type="stmt"/>
        <line num="377" count="1" type="stmt"/>
        <line num="378" count="1" type="stmt"/>
        <line num="379" count="1" type="stmt"/>
        <line num="386" count="1" type="stmt"/>
        <line num="387" count="1" type="stmt"/>
        <line num="392" count="1" type="stmt"/>
        <line num="393" count="1" type="stmt"/>
        <line num="395" count="0" type="stmt"/>
        <line num="396" count="0" type="stmt"/>
        <line num="404" count="37" type="stmt"/>
        <line num="410" count="37" type="stmt"/>
        <line num="412" count="74" type="stmt"/>
        <line num="413" count="37" type="stmt"/>
        <line num="415" count="37" type="stmt"/>
        <line num="416" count="37" type="stmt"/>
        <line num="417" count="37" type="stmt"/>
        <line num="420" count="0" type="cond" truecount="0" falsecount="2"/>
        <line num="422" count="0" type="stmt"/>
        <line num="423" count="0" type="stmt"/>
        <line num="427" count="37" type="cond" truecount="1" falsecount="1"/>
        <line num="428" count="37" type="stmt"/>
        <line num="431" count="0" type="stmt"/>
        <line num="432" count="0" type="stmt"/>
        <line num="440" count="0" type="stmt"/>
        <line num="531" count="3" type="stmt"/>
        <line num="532" count="3" type="stmt"/>
        <line num="533" count="3" type="stmt"/>
        <line num="536" count="3" type="cond" truecount="2" falsecount="1"/>
        <line num="537" count="0" type="stmt"/>
        <line num="539" count="3" type="cond" truecount="2" falsecount="1"/>
        <line num="540" count="0" type="stmt"/>
        <line num="544" count="3" type="cond" truecount="3" falsecount="0"/>
        <line num="545" count="2" type="stmt"/>
        <line num="546" count="2" type="cond" truecount="1" falsecount="0"/>
        <line num="547" count="2" type="stmt"/>
        <line num="548" count="2" type="stmt"/>
        <line num="553" count="3" type="stmt"/>
        <line num="554" count="1" type="stmt"/>
        <line num="556" count="1" type="cond" truecount="1" falsecount="4"/>
        <line num="558" count="0" type="cond" truecount="0" falsecount="1"/>
        <line num="559" count="0" type="stmt"/>
        <line num="561" count="0" type="stmt"/>
        <line num="563" count="1" type="cond" truecount="1" falsecount="0"/>
        <line num="564" count="1" type="stmt"/>
        <line num="565" count="1" type="cond" truecount="1" falsecount="0"/>
        <line num="566" count="1" type="stmt"/>
        <line num="569" count="1" type="stmt"/>
        <line num="571" count="0" type="stmt"/>
        <line num="572" count="0" type="stmt"/>
        <line num="574" count="0" type="cond" truecount="0" falsecount="1"/>
        <line num="575" count="0" type="stmt"/>
        <line num="577" count="0" type="stmt"/>
        <line num="579" count="0" type="cond" truecount="0" falsecount="1"/>
        <line num="580" count="0" type="stmt"/>
        <line num="582" count="0" type="stmt"/>
        <line num="584" count="1" type="stmt"/>
        <line num="587" count="3" type="stmt"/>
        <line num="594" count="3" type="stmt"/>
        <line num="595" count="3" type="stmt"/>
        <line num="597" count="3" type="cond" truecount="7" falsecount="1"/>
        <line num="601" count="1" type="stmt"/>
        <line num="602" count="1" type="stmt"/>
        <line num="605" count="1" type="stmt"/>
        <line num="607" count="1" type="cond" truecount="2" falsecount="4"/>
        <line num="609" count="0" type="stmt"/>
        <line num="610" count="0" type="stmt"/>
        <line num="612" count="1" type="stmt"/>
        <line num="613" count="1" type="stmt"/>
        <line num="616" count="0" type="stmt"/>
        <line num="617" count="0" type="stmt"/>
        <line num="619" count="1" type="stmt"/>
        <line num="624" count="1" type="stmt"/>
        <line num="625" count="1" type="stmt"/>
        <line num="628" count="0" type="stmt"/>
        <line num="629" count="0" type="stmt"/>
        <line num="630" count="0" type="stmt"/>
        <line num="633" count="0" type="stmt"/>
        <line num="634" count="0" type="stmt"/>
        <line num="642" count="18" type="stmt"/>
        <line num="648" count="18" type="stmt"/>
        <line num="650" count="18" type="stmt"/>
        <line num="651" count="18" type="stmt"/>
        <line num="656" count="18" type="stmt"/>
        <line num="659" count="18" type="stmt"/>
        <line num="665" count="18" type="stmt"/>
        <line num="666" count="54" type="stmt"/>
        <line num="667" count="108" type="stmt"/>
        <line num="668" count="54" type="stmt"/>
        <line num="669" count="54" type="stmt"/>
        <line num="670" count="54" type="cond" truecount="2" falsecount="0"/>
        <line num="671" count="51" type="stmt"/>
        <line num="674" count="51" type="stmt"/>
        <line num="680" count="18" type="stmt"/>
        <line num="681" count="18" type="stmt"/>
        <line num="683" count="0" type="cond" truecount="0" falsecount="2"/>
        <line num="686" count="0" type="stmt"/>
        <line num="690" count="18" type="cond" truecount="1" falsecount="1"/>
        <line num="691" count="18" type="cond" truecount="1" falsecount="1"/>
        <line num="693" count="0" type="stmt"/>
        <line num="695" count="0" type="stmt"/>
        <line num="696" count="0" type="stmt"/>
        <line num="698" count="0" type="cond" truecount="0" falsecount="2"/>
        <line num="699" count="0" type="stmt"/>
        <line num="708" count="0" type="stmt"/>
        <line num="709" count="0" type="stmt"/>
        <line num="710" count="0" type="stmt"/>
        <line num="713" count="0" type="stmt"/>
        <line num="718" count="0" type="stmt"/>
        <line num="719" count="0" type="stmt"/>
        <line num="720" count="0" type="stmt"/>
        <line num="721" count="0" type="stmt"/>
        <line num="722" count="0" type="stmt"/>
        <line num="723" count="0" type="cond" truecount="0" falsecount="2"/>
        <line num="724" count="0" type="stmt"/>
        <line num="728" count="0" type="stmt"/>
        <line num="729" count="0" type="stmt"/>
        <line num="730" count="0" type="stmt"/>
        <line num="731" count="0" type="stmt"/>
        <line num="732" count="0" type="stmt"/>
        <line num="734" count="0" type="stmt"/>
        <line num="745" count="0" type="cond" truecount="0" falsecount="2"/>
        <line num="750" count="0" type="cond" truecount="0" falsecount="2"/>
        <line num="755" count="0" type="stmt"/>
        <line num="762" count="19" type="stmt"/>
        <line num="768" count="19" type="stmt"/>
        <line num="770" count="19" type="stmt"/>
        <line num="771" count="38" type="stmt"/>
        <line num="772" count="38" type="stmt"/>
        <line num="773" count="19" type="stmt"/>
        <line num="774" count="19" type="stmt"/>
        <line num="775" count="19" type="stmt"/>
        <line num="776" count="19" type="cond" truecount="3" falsecount="0"/>
        <line num="777" count="19" type="stmt"/>
        <line num="780" count="0" type="cond" truecount="0" falsecount="2"/>
        <line num="784" count="0" type="stmt"/>
        <line num="785" count="0" type="stmt"/>
        <line num="786" count="0" type="stmt"/>
        <line num="787" count="0" type="cond" truecount="0" falsecount="4"/>
        <line num="788" count="0" type="stmt"/>
        <line num="789" count="0" type="cond" truecount="0" falsecount="3"/>
        <line num="790" count="0" type="stmt"/>
        <line num="792" count="0" type="stmt"/>
        <line num="795" count="0" type="cond" truecount="0" falsecount="2"/>
        <line num="799" count="0" type="stmt"/>
        <line num="803" count="19" type="cond" truecount="3" falsecount="1"/>
        <line num="804" count="19" type="cond" truecount="1" falsecount="1"/>
        <line num="811" count="19" type="cond" truecount="1" falsecount="1"/>
        <line num="812" count="19" type="cond" truecount="1" falsecount="1"/>
        <line num="815" count="19" type="stmt"/>
        <line num="818" count="19" type="cond" truecount="1" falsecount="0"/>
        <line num="819" count="3" type="stmt"/>
        <line num="823" count="19" type="cond" truecount="1" falsecount="0"/>
        <line num="824" count="7" type="stmt"/>
        <line num="827" count="19" type="stmt"/>
        <line num="844" count="0" type="stmt"/>
        <line num="845" count="0" type="stmt"/>
        <line num="846" count="0" type="stmt"/>
        <line num="848" count="0" type="stmt"/>
        <line num="849" count="0" type="stmt"/>
        <line num="852" count="0" type="cond" truecount="0" falsecount="4"/>
        <line num="853" count="0" type="stmt"/>
        <line num="866" count="0" type="cond" truecount="0" falsecount="4"/>
        <line num="867" count="0" type="stmt"/>
        <line num="879" count="0" type="cond" truecount="0" falsecount="4"/>
        <line num="880" count="0" type="stmt"/>
        <line num="891" count="0" type="stmt"/>
        <line num="898" count="0" type="stmt"/>
        <line num="940" count="1" type="stmt"/>
        <line num="985" count="0" type="stmt"/>
        <line num="986" count="0" type="stmt"/>
        <line num="990" count="3" type="cond" truecount="0" falsecount="1"/>
        <line num="991" count="0" type="stmt"/>
        <line num="992" count="0" type="stmt"/>
        <line num="993" count="0" type="stmt"/>
        <line num="997" count="3" type="stmt"/>
      </file>
    </package>
    <package name="release-analysis.collection">
      <metrics statements="207" coveredstatements="183" conditionals="110" coveredconditionals="83" methods="29" coveredmethods="28"/>
      <file name="CompletionDocumentCollector.ts" path="/Users/3fn/Documents/Work Projects/Kiro/DesignerPunk-v2/src/release-analysis/collection/CompletionDocumentCollector.ts">
        <metrics statements="207" coveredstatements="183" conditionals="110" coveredconditionals="83" methods="29" coveredmethods="28"/>
        <line num="1" count="3" type="stmt"/>
        <line num="2" count="3" type="stmt"/>
        <line num="3" count="3" type="stmt"/>
        <line num="6" count="3" type="stmt"/>
        <line num="7" count="3" type="stmt"/>
        <line num="89" count="3" type="stmt"/>
        <line num="94" count="41" type="stmt"/>
        <line num="95" count="41" type="stmt"/>
        <line num="103" count="6" type="stmt"/>
        <line num="104" count="6" type="stmt"/>
        <line num="118" count="6" type="stmt"/>
        <line num="124" count="6" type="stmt"/>
        <line num="126" count="6" type="stmt"/>
        <line num="127" count="6" type="stmt"/>
        <line num="130" count="6" type="stmt"/>
        <line num="131" count="6" type="stmt"/>
        <line num="134" count="6" type="stmt"/>
        <line num="135" count="6" type="stmt"/>
        <line num="138" count="6" type="stmt"/>
        <line num="139" count="6" type="stmt"/>
        <line num="141" count="6" type="stmt"/>
        <line num="142" count="6" type="stmt"/>
        <line num="144" count="6" type="stmt"/>
        <line num="147" count="6" type="cond" truecount="3" falsecount="1"/>
        <line num="148" count="6" type="stmt"/>
        <line num="151" count="0" type="stmt"/>
        <line num="157" count="0" type="stmt"/>
        <line num="160" count="0" type="stmt"/>
        <line num="161" count="0" type="cond" truecount="0" falsecount="1"/>
        <line num="162" count="0" type="stmt"/>
        <line num="165" count="0" type="stmt"/>
        <line num="174" count="23" type="stmt"/>
        <line num="175" count="23" type="stmt"/>
        <line num="189" count="23" type="stmt"/>
        <line num="191" count="23" type="stmt"/>
        <line num="192" count="23" type="stmt"/>
        <line num="195" count="23" type="stmt"/>
        <line num="196" count="23" type="stmt"/>
        <line num="199" count="23" type="stmt"/>
        <line num="200" count="17" type="stmt"/>
        <line num="202" count="17" type="stmt"/>
        <line num="203" count="17" type="stmt"/>
        <line num="205" count="17" type="stmt"/>
        <line num="207" count="6" type="stmt"/>
        <line num="213" count="6" type="stmt"/>
        <line num="214" count="6" type="stmt"/>
        <line num="223" count="4" type="stmt"/>
        <line num="224" count="4" type="stmt"/>
        <line num="227" count="4" type="cond" truecount="1" falsecount="0"/>
        <line num="228" count="1" type="stmt"/>
        <line num="234" count="1" type="stmt"/>
        <line num="237" count="4" type="cond" truecount="1" falsecount="0"/>
        <line num="238" count="3" type="stmt"/>
        <line num="244" count="3" type="stmt"/>
        <line num="248" count="4" type="cond" truecount="3" falsecount="0"/>
        <line num="249" count="1" type="stmt"/>
        <line num="255" count="1" type="stmt"/>
        <line num="259" count="4" type="cond" truecount="1" falsecount="0"/>
        <line num="260" count="1" type="stmt"/>
        <line num="266" count="1" type="stmt"/>
        <line num="270" count="4" type="stmt"/>
        <line num="271" count="4" type="cond" truecount="2" falsecount="0"/>
        <line num="272" count="2" type="stmt"/>
        <line num="274" count="2" type="stmt"/>
        <line num="283" count="4" type="stmt"/>
        <line num="285" count="4" type="stmt"/>
        <line num="286" count="8" type="stmt"/>
        <line num="300" count="29" type="stmt"/>
        <line num="302" count="29" type="stmt"/>
        <line num="303" count="350" type="stmt"/>
        <line num="304" count="350" type="cond" truecount="1" falsecount="0"/>
        <line num="306" count="349" type="stmt"/>
        <line num="307" count="349" type="cond" truecount="2" falsecount="0"/>
        <line num="308" count="345" type="stmt"/>
        <line num="310" count="4" type="stmt"/>
        <line num="319" count="0" type="stmt"/>
        <line num="328" count="29" type="stmt"/>
        <line num="338" count="29" type="stmt"/>
        <line num="339" count="29" type="stmt"/>
        <line num="345" count="29" type="stmt"/>
        <line num="346" count="345" type="stmt"/>
        <line num="353" count="345" type="stmt"/>
        <line num="354" count="345" type="stmt"/>
        <line num="357" count="345" type="cond" truecount="4" falsecount="0"/>
        <line num="358" count="336" type="stmt"/>
        <line num="359" count="9" type="cond" truecount="1" falsecount="1"/>
        <line num="361" count="9" type="stmt"/>
        <line num="362" count="18" type="stmt"/>
        <line num="363" count="9" type="stmt"/>
        <line num="365" count="0" type="stmt"/>
        <line num="371" count="0" type="cond" truecount="0" falsecount="4"/>
        <line num="372" count="0" type="stmt"/>
        <line num="373" count="0" type="stmt"/>
        <line num="375" count="0" type="stmt"/>
        <line num="383" count="9" type="stmt"/>
        <line num="391" count="0" type="stmt"/>
        <line num="395" count="29" type="stmt"/>
        <line num="407" count="29" type="stmt"/>
        <line num="409" count="317" type="cond" truecount="1" falsecount="0"/>
        <line num="410" count="14" type="stmt"/>
        <line num="411" count="14" type="stmt"/>
        <line num="415" count="297" type="cond" truecount="1" falsecount="0"/>
        <line num="417" count="4" type="cond" truecount="3" falsecount="0"/>
        <line num="418" count="3" type="stmt"/>
        <line num="419" count="3" type="stmt"/>
        <line num="421" count="3" type="cond" truecount="1" falsecount="0"/>
        <line num="422" count="1" type="stmt"/>
        <line num="427" count="3" type="cond" truecount="3" falsecount="0"/>
        <line num="428" count="2" type="stmt"/>
        <line num="429" count="2" type="stmt"/>
        <line num="431" count="2" type="cond" truecount="1" falsecount="0"/>
        <line num="432" count="1" type="stmt"/>
        <line num="437" count="2" type="cond" truecount="3" falsecount="0"/>
        <line num="438" count="1" type="cond" truecount="0" falsecount="1"/>
        <line num="439" count="0" type="stmt"/>
        <line num="444" count="295" type="stmt"/>
        <line num="453" count="350" type="stmt"/>
        <line num="455" count="378" type="cond" truecount="2" falsecount="0"/>
        <line num="464" count="14" type="stmt"/>
        <line num="467" count="14" type="stmt"/>
        <line num="468" count="14" type="stmt"/>
        <line num="470" count="14" type="cond" truecount="3" falsecount="0"/>
        <line num="479" count="345" type="stmt"/>
        <line num="480" count="345" type="stmt"/>
        <line num="482" count="345" type="cond" truecount="0" falsecount="1"/>
        <line num="483" count="0" type="stmt"/>
        <line num="486" count="690" type="stmt"/>
        <line num="487" count="345" type="stmt"/>
        <line num="488" count="327" type="stmt"/>
        <line num="491" count="324" type="stmt"/>
        <line num="494" count="324" type="stmt"/>
        <line num="496" count="324" type="stmt"/>
        <line num="504" count="21" type="cond" truecount="1" falsecount="1"/>
        <line num="512" count="324" type="stmt"/>
        <line num="517" count="324" type="stmt"/>
        <line num="519" count="324" type="cond" truecount="1" falsecount="3"/>
        <line num="522" count="324" type="stmt"/>
        <line num="523" count="324" type="cond" truecount="3" falsecount="0"/>
        <line num="524" count="316" type="stmt"/>
        <line num="528" count="324" type="stmt"/>
        <line num="529" count="324" type="cond" truecount="3" falsecount="0"/>
        <line num="530" count="279" type="stmt"/>
        <line num="533" count="324" type="stmt"/>
        <line num="534" count="324" type="cond" truecount="3" falsecount="0"/>
        <line num="535" count="263" type="stmt"/>
        <line num="538" count="324" type="stmt"/>
        <line num="539" count="324" type="cond" truecount="3" falsecount="0"/>
        <line num="540" count="44" type="stmt"/>
        <line num="543" count="324" type="stmt"/>
        <line num="544" count="324" type="cond" truecount="3" falsecount="0"/>
        <line num="545" count="263" type="stmt"/>
        <line num="549" count="324" type="cond" truecount="4" falsecount="0"/>
        <line num="550" count="314" type="stmt"/>
        <line num="551" count="10" type="cond" truecount="1" falsecount="0"/>
        <line num="552" count="2" type="stmt"/>
        <line num="556" count="324" type="cond" truecount="1" falsecount="0"/>
        <line num="557" count="8" type="cond" truecount="1" falsecount="1"/>
        <line num="558" count="8" type="stmt"/>
        <line num="562" count="0" type="cond" truecount="0" falsecount="2"/>
        <line num="564" count="0" type="cond" truecount="0" falsecount="2"/>
        <line num="565" count="0" type="stmt"/>
        <line num="566" count="0" type="stmt"/>
        <line num="569" count="324" type="stmt"/>
        <line num="577" count="4" type="stmt"/>
        <line num="579" count="4" type="cond" truecount="1" falsecount="0"/>
        <line num="580" count="4" type="stmt"/>
        <line num="581" count="4" type="cond" truecount="1" falsecount="0"/>
        <line num="582" count="4" type="cond" truecount="1" falsecount="0"/>
        <line num="583" count="4" type="cond" truecount="1" falsecount="0"/>
        <line num="584" count="4" type="cond" truecount="1" falsecount="0"/>
        <line num="585" count="4" type="cond" truecount="1" falsecount="0"/>
        <line num="589" count="4" type="cond" truecount="0" falsecount="1"/>
        <line num="590" count="0" type="stmt"/>
        <line num="596" count="4" type="stmt"/>
        <line num="597" count="54" type="stmt"/>
        <line num="598" count="54" type="stmt"/>
        <line num="599" count="54" type="stmt"/>
        <line num="602" count="0" type="stmt"/>
        <line num="613" count="317" type="cond" truecount="1" falsecount="1"/>
        <line num="617" count="317" type="stmt"/>
        <line num="618" count="311" type="stmt"/>
        <line num="621" count="311" type="stmt"/>
        <line num="622" count="2177" type="stmt"/>
        <line num="623" count="2177" type="cond" truecount="2" falsecount="0"/>
        <line num="624" count="2177" type="cond" truecount="2" falsecount="0"/>
        <line num="625" count="2177" type="stmt"/>
        <line num="628" count="0" type="stmt"/>
        <line num="629" count="0" type="stmt"/>
        <line num="630" count="0" type="stmt"/>
        <line num="635" count="311" type="stmt"/>
        <line num="642" count="311" type="stmt"/>
        <line num="643" count="9019" type="cond" truecount="2" falsecount="0"/>
        <line num="644" count="9019" type="stmt"/>
        <line num="650" count="311" type="cond" truecount="4" falsecount="0"/>
        <line num="653" count="311" type="stmt"/>
        <line num="661" count="383" type="stmt"/>
        <line num="666" count="383" type="stmt"/>
        <line num="667" count="383" type="stmt"/>
        <line num="674" count="324" type="stmt"/>
        <line num="675" count="324" type="stmt"/>
        <line num="677" count="8" type="stmt"/>
        <line num="685" count="324" type="stmt"/>
        <line num="686" count="324" type="stmt"/>
        <line num="693" count="13" type="cond" truecount="1" falsecount="1"/>
        <line num="694" count="13" type="cond" truecount="3" falsecount="0"/>
        <line num="697" count="5" type="stmt"/>
        <line num="699" count="8" type="stmt"/>
      </file>
    </package>
    <package name="release-analysis.config">
      <metrics statements="293" coveredstatements="222" conditionals="157" coveredconditionals="101" methods="27" coveredmethods="25"/>
      <file name="AnalysisConfig.ts" path="/Users/3fn/Documents/Work Projects/Kiro/DesignerPunk-v2/src/release-analysis/config/AnalysisConfig.ts">
        <metrics statements="1" coveredstatements="1" conditionals="0" coveredconditionals="0" methods="0" coveredmethods="0"/>
        <line num="238" count="18" type="stmt"/>
      </file>
      <file name="AnalysisConfigManager.ts" path="/Users/3fn/Documents/Work Projects/Kiro/DesignerPunk-v2/src/release-analysis/config/AnalysisConfigManager.ts">
        <metrics statements="128" coveredstatements="118" conditionals="56" coveredconditionals="43" methods="21" coveredmethods="20"/>
        <line num="8" count="5" type="stmt"/>
        <line num="9" count="5" type="stmt"/>
        <line num="10" count="5" type="stmt"/>
        <line num="11" count="5" type="stmt"/>
        <line num="26" count="5" type="stmt"/>
        <line num="28" count="5" type="stmt"/>
        <line num="29" count="5" type="stmt"/>
        <line num="38" count="79" type="cond" truecount="1" falsecount="0"/>
        <line num="39" count="5" type="stmt"/>
        <line num="41" count="79" type="stmt"/>
        <line num="48" count="23" type="stmt"/>
        <line num="49" count="23" type="stmt"/>
        <line num="52" count="23" type="stmt"/>
        <line num="59" count="23" type="stmt"/>
        <line num="60" count="23" type="cond" truecount="2" falsecount="0"/>
        <line num="61" count="6" type="stmt"/>
        <line num="62" count="6" type="stmt"/>
        <line num="67" count="17" type="cond" truecount="1" falsecount="0"/>
        <line num="68" count="3" type="stmt"/>
        <line num="77" count="23" type="stmt"/>
        <line num="78" count="23" type="cond" truecount="1" falsecount="0"/>
        <line num="79" count="10" type="stmt"/>
        <line num="80" count="10" type="stmt"/>
        <line num="88" count="23" type="stmt"/>
        <line num="91" count="23" type="cond" truecount="1" falsecount="0"/>
        <line num="92" count="22" type="stmt"/>
        <line num="95" count="23" type="stmt"/>
        <line num="106" count="48" type="cond" truecount="1" falsecount="0"/>
        <line num="107" count="37" type="stmt"/>
        <line num="110" count="11" type="stmt"/>
        <line num="111" count="11" type="cond" truecount="1" falsecount="0"/>
        <line num="112" count="1" type="stmt"/>
        <line num="115" count="10" type="stmt"/>
        <line num="122" count="66" type="stmt"/>
        <line num="129" count="7" type="cond" truecount="2" falsecount="0"/>
        <line num="132" count="7" type="stmt"/>
        <line num="133" count="7" type="cond" truecount="1" falsecount="0"/>
        <line num="134" count="2" type="stmt"/>
        <line num="138" count="5" type="stmt"/>
        <line num="139" count="5" type="cond" truecount="1" falsecount="0"/>
        <line num="140" count="4" type="stmt"/>
        <line num="144" count="5" type="stmt"/>
        <line num="145" count="5" type="stmt"/>
        <line num="148" count="5" type="stmt"/>
        <line num="155" count="23" type="cond" truecount="1" falsecount="1"/>
        <line num="157" count="23" type="stmt"/>
        <line num="158" count="51" type="stmt"/>
        <line num="160" count="51" type="stmt"/>
        <line num="161" count="51" type="cond" truecount="1" falsecount="0"/>
        <line num="162" count="9" type="stmt"/>
        <line num="163" count="9" type="stmt"/>
        <line num="164" count="6" type="stmt"/>
        <line num="167" count="3" type="stmt"/>
        <line num="174" count="14" type="stmt"/>
        <line num="181" count="23" type="stmt"/>
        <line num="182" count="23" type="stmt"/>
        <line num="185" count="23" type="cond" truecount="1" falsecount="0"/>
        <line num="186" count="10" type="stmt"/>
        <line num="187" count="10" type="stmt"/>
        <line num="189" count="23" type="cond" truecount="0" falsecount="1"/>
        <line num="190" count="0" type="stmt"/>
        <line num="191" count="0" type="stmt"/>
        <line num="193" count="23" type="cond" truecount="1" falsecount="0"/>
        <line num="194" count="9" type="stmt"/>
        <line num="195" count="9" type="cond" truecount="0" falsecount="1"/>
        <line num="196" count="0" type="stmt"/>
        <line num="197" count="0" type="stmt"/>
        <line num="202" count="23" type="cond" truecount="1" falsecount="0"/>
        <line num="203" count="11" type="stmt"/>
        <line num="204" count="11" type="cond" truecount="1" falsecount="0"/>
        <line num="205" count="10" type="stmt"/>
        <line num="206" count="10" type="stmt"/>
        <line num="211" count="23" type="cond" truecount="1" falsecount="0"/>
        <line num="212" count="3" type="stmt"/>
        <line num="213" count="3" type="cond" truecount="1" falsecount="0"/>
        <line num="214" count="2" type="stmt"/>
        <line num="215" count="2" type="stmt"/>
        <line num="218" count="23" type="cond" truecount="0" falsecount="1"/>
        <line num="219" count="0" type="stmt"/>
        <line num="220" count="0" type="stmt"/>
        <line num="224" count="23" type="cond" truecount="1" falsecount="0"/>
        <line num="225" count="1" type="stmt"/>
        <line num="226" count="1" type="cond" truecount="1" falsecount="0"/>
        <line num="227" count="1" type="stmt"/>
        <line num="228" count="1" type="stmt"/>
        <line num="231" count="23" type="cond" truecount="0" falsecount="1"/>
        <line num="232" count="0" type="stmt"/>
        <line num="233" count="0" type="stmt"/>
        <line num="236" count="23" type="cond" truecount="2" falsecount="0"/>
        <line num="243" count="18" type="stmt"/>
        <line num="250" count="92" type="stmt"/>
        <line num="252" count="92" type="stmt"/>
        <line num="253" count="208" type="cond" truecount="1" falsecount="0"/>
        <line num="254" count="208" type="cond" truecount="4" falsecount="0"/>
        <line num="255" count="74" type="stmt"/>
        <line num="257" count="134" type="stmt"/>
        <line num="262" count="92" type="stmt"/>
        <line num="269" count="11650" type="cond" truecount="3" falsecount="0"/>
        <line num="270" count="9306" type="stmt"/>
        <line num="273" count="2344" type="cond" truecount="0" falsecount="1"/>
        <line num="274" count="0" type="stmt"/>
        <line num="277" count="2344" type="cond" truecount="1" falsecount="0"/>
        <line num="278" count="5664" type="stmt"/>
        <line num="281" count="1223" type="stmt"/>
        <line num="282" count="1223" type="stmt"/>
        <line num="283" count="5871" type="cond" truecount="1" falsecount="0"/>
        <line num="284" count="5871" type="stmt"/>
        <line num="288" count="1223" type="stmt"/>
        <line num="295" count="282" type="cond" truecount="3" falsecount="0"/>
        <line num="302" count="23" type="stmt"/>
        <line num="303" count="23" type="stmt"/>
        <line num="305" count="23" type="stmt"/>
        <line num="306" count="34" type="stmt"/>
        <line num="307" count="34" type="cond" truecount="2" falsecount="1"/>
        <line num="308" count="34" type="stmt"/>
        <line num="310" count="34" type="stmt"/>
        <line num="313" count="23" type="stmt"/>
        <line num="320" count="9" type="stmt"/>
        <line num="344" count="9" type="stmt"/>
        <line num="356" count="7" type="stmt"/>
        <line num="358" count="7" type="stmt"/>
        <line num="360" count="6" type="stmt"/>
        <line num="361" count="0" type="cond" truecount="0" falsecount="2"/>
        <line num="370" count="2" type="cond" truecount="1" falsecount="1"/>
        <line num="371" count="2" type="stmt"/>
        <line num="374" count="2" type="stmt"/>
        <line num="405" count="2" type="stmt"/>
        <line num="406" count="2" type="stmt"/>
      </file>
      <file name="AnalysisConfigSchema.ts" path="/Users/3fn/Documents/Work Projects/Kiro/DesignerPunk-v2/src/release-analysis/config/AnalysisConfigSchema.ts">
        <metrics statements="164" coveredstatements="103" conditionals="101" coveredconditionals="58" methods="6" coveredmethods="5"/>
        <line num="30" count="5" type="stmt"/>
        <line num="31" count="37" type="stmt"/>
        <line num="32" count="37" type="stmt"/>
        <line num="35" count="37" type="cond" truecount="2" falsecount="1"/>
        <line num="36" count="0" type="stmt"/>
        <line num="42" count="0" type="stmt"/>
        <line num="46" count="37" type="stmt"/>
        <line num="47" count="37" type="stmt"/>
        <line num="48" count="148" type="cond" truecount="0" falsecount="1"/>
        <line num="49" count="0" type="stmt"/>
        <line num="58" count="37" type="cond" truecount="1" falsecount="0"/>
        <line num="59" count="37" type="stmt"/>
        <line num="63" count="37" type="cond" truecount="1" falsecount="0"/>
        <line num="64" count="37" type="stmt"/>
        <line num="68" count="37" type="cond" truecount="1" falsecount="0"/>
        <line num="69" count="37" type="stmt"/>
        <line num="73" count="37" type="cond" truecount="1" falsecount="0"/>
        <line num="74" count="37" type="stmt"/>
        <line num="77" count="37" type="stmt"/>
        <line num="90" count="37" type="cond" truecount="0" falsecount="1"/>
        <line num="91" count="0" type="stmt"/>
        <line num="97" count="0" type="stmt"/>
        <line num="101" count="37" type="cond" truecount="1" falsecount="0"/>
        <line num="102" count="37" type="stmt"/>
        <line num="103" count="37" type="cond" truecount="1" falsecount="1"/>
        <line num="104" count="0" type="stmt"/>
        <line num="110" count="37" type="cond" truecount="0" falsecount="1"/>
        <line num="111" count="0" type="stmt"/>
        <line num="120" count="37" type="stmt"/>
        <line num="128" count="37" type="stmt"/>
        <line num="129" count="185" type="cond" truecount="1" falsecount="0"/>
        <line num="130" count="185" type="stmt"/>
        <line num="131" count="185" type="cond" truecount="1" falsecount="1"/>
        <line num="132" count="0" type="stmt"/>
        <line num="138" count="185" type="cond" truecount="0" falsecount="1"/>
        <line num="139" count="0" type="stmt"/>
        <line num="149" count="37" type="cond" truecount="1" falsecount="0"/>
        <line num="150" count="37" type="stmt"/>
        <line num="151" count="37" type="cond" truecount="1" falsecount="1"/>
        <line num="152" count="0" type="stmt"/>
        <line num="159" count="37" type="stmt"/>
        <line num="160" count="37" type="stmt"/>
        <line num="161" count="111" type="cond" truecount="1" falsecount="0"/>
        <line num="162" count="109" type="stmt"/>
        <line num="163" count="109" type="cond" truecount="4" falsecount="0"/>
        <line num="164" count="7" type="stmt"/>
        <line num="177" count="37" type="cond" truecount="1" falsecount="0"/>
        <line num="178" count="37" type="stmt"/>
        <line num="179" count="37" type="cond" truecount="1" falsecount="1"/>
        <line num="180" count="0" type="stmt"/>
        <line num="187" count="37" type="stmt"/>
        <line num="188" count="37" type="stmt"/>
        <line num="189" count="185" type="cond" truecount="2" falsecount="1"/>
        <line num="190" count="0" type="stmt"/>
        <line num="208" count="37" type="cond" truecount="0" falsecount="1"/>
        <line num="209" count="0" type="stmt"/>
        <line num="215" count="0" type="stmt"/>
        <line num="219" count="37" type="cond" truecount="2" falsecount="1"/>
        <line num="220" count="0" type="stmt"/>
        <line num="229" count="37" type="cond" truecount="1" falsecount="0"/>
        <line num="230" count="37" type="stmt"/>
        <line num="231" count="37" type="cond" truecount="0" falsecount="1"/>
        <line num="232" count="0" type="stmt"/>
        <line num="242" count="37" type="cond" truecount="1" falsecount="0"/>
        <line num="243" count="37" type="stmt"/>
        <line num="244" count="37" type="cond" truecount="1" falsecount="1"/>
        <line num="245" count="0" type="stmt"/>
        <line num="253" count="37" type="stmt"/>
        <line num="254" count="37" type="stmt"/>
        <line num="255" count="111" type="cond" truecount="2" falsecount="1"/>
        <line num="256" count="0" type="stmt"/>
        <line num="266" count="37" type="cond" truecount="1" falsecount="0"/>
        <line num="267" count="37" type="stmt"/>
[...]
        <line num="412" count="0" type="stmt"/>
        <line num="420" count="0" type="stmt"/>
        <line num="422" count="0" type="stmt"/>
        <line num="423" count="0" type="stmt"/>
        <line num="425" count="0" type="stmt"/>
        <line num="426" count="0" type="cond" truecount="0" falsecount="1"/>
        <line num="427" count="0" type="stmt"/>
        <line num="429" count="0" type="stmt"/>
        <line num="430" count="0" type="stmt"/>
        <line num="431" count="0" type="stmt"/>
        <line num="433" count="0" type="stmt"/>
        <line num="444" count="0" type="stmt"/>
        <line num="448" count="0" type="stmt"/>
        <line num="449" count="0" type="stmt"/>
        <line num="454" count="0" type="stmt"/>
        <line num="455" count="0" type="cond" truecount="0" falsecount="1"/>
        <line num="456" count="0" type="stmt"/>
        <line num="460" count="0" type="stmt"/>
        <line num="461" count="0" type="stmt"/>
        <line num="462" count="0" type="cond" truecount="0" falsecount="1"/>
        <line num="463" count="0" type="stmt"/>
        <line num="466" count="0" type="stmt"/>
        <line num="467" count="0" type="cond" truecount="0" falsecount="1"/>
        <line num="468" count="0" type="stmt"/>
        <line num="471" count="0" type="stmt"/>
        <line num="472" count="0" type="cond" truecount="0" falsecount="1"/>
        <line num="473" count="0" type="stmt"/>
        <line num="476" count="0" type="stmt"/>
        <line num="477" count="0" type="cond" truecount="0" falsecount="1"/>
        <line num="478" count="0" type="stmt"/>
        <line num="482" count="0" type="stmt"/>
        <line num="486" count="5" type="stmt"/>
        <line num="487" count="5" type="stmt"/>
        <line num="489" count="5" type="stmt"/>
        <line num="490" count="65" type="stmt"/>
        <line num="492" count="65" type="cond" truecount="1" falsecount="0"/>
        <line num="493" count="251" type="cond" truecount="3" falsecount="0"/>
        <line num="498" count="3" type="stmt"/>
        <line num="500" count="3" type="stmt"/>
        <line num="501" count="10" type="stmt"/>
        <line num="504" count="10" type="cond" truecount="5" falsecount="0"/>
        <line num="508" count="4" type="cond" truecount="1" falsecount="0"/>
        <line num="509" count="2" type="stmt"/>
        <line num="512" count="6" type="stmt"/>
        <line num="517" count="3" type="cond" truecount="1" falsecount="0"/>
        <line num="518" count="3" type="stmt"/>
        <line num="523" count="5" type="stmt"/>
        <line num="527" count="1" type="stmt"/>
        <line num="528" count="1" type="stmt"/>
        <line num="530" count="1" type="stmt"/>
        <line num="531" count="2" type="stmt"/>
        <line num="534" count="2" type="cond" truecount="5" falsecount="2"/>
        <line num="539" count="2" type="stmt"/>
        <line num="540" count="2" type="cond" truecount="1" falsecount="0"/>
        <line num="541" count="2" type="stmt"/>
        <line num="542" count="2" type="cond" truecount="1" falsecount="0"/>
        <line num="543" count="2" type="stmt"/>
        <line num="549" count="1" type="stmt"/>
        <line num="558" count="0" type="stmt"/>
        <line num="559" count="0" type="cond" truecount="0" falsecount="4"/>
        <line num="560" count="0" type="stmt"/>
        <line num="563" count="0" type="stmt"/>
        <line num="564" count="0" type="stmt"/>
        <line num="571" count="2" type="cond" truecount="0" falsecount="1"/>
        <line num="572" count="0" type="stmt"/>
        <line num="575" count="2" type="stmt"/>
        <line num="578" count="2" type="stmt"/>
        <line num="579" count="2" type="stmt"/>
        <line num="581" count="2" type="stmt"/>
        <line num="592" count="1" type="stmt"/>
        <line num="593" count="1" type="stmt"/>
        <line num="595" count="1" type="stmt"/>
        <line num="596" count="2" type="stmt"/>
        <line num="599" count="2" type="cond" truecount="5" falsecount="2"/>
        <line num="604" count="2" type="stmt"/>
        <line num="605" count="2" type="cond" truecount="1" falsecount="0"/>
        <line num="606" count="2" type="stmt"/>
        <line num="607" count="2" type="cond" truecount="1" falsecount="0"/>
        <line num="608" count="2" type="stmt"/>
        <line num="614" count="1" type="stmt"/>
        <line num="618" count="0" type="cond" truecount="0" falsecount="1"/>
        <line num="620" count="0" type="stmt"/>
        <line num="621" count="0" type="stmt"/>
        <line num="622" count="0" type="stmt"/>
        <line num="624" count="0" type="stmt"/>
        <line num="636" count="0" type="stmt"/>
        <line num="637" count="0" type="cond" truecount="0" falsecount="4"/>
        <line num="638" count="0" type="stmt"/>
        <line num="641" count="0" type="stmt"/>
        <line num="642" count="0" type="stmt"/>
        <line num="646" count="2" type="cond" truecount="0" falsecount="1"/>
        <line num="647" count="0" type="stmt"/>
        <line num="650" count="2" type="stmt"/>
        <line num="652" count="2" type="stmt"/>
        <line num="664" count="1" type="stmt"/>
        <line num="665" count="1" type="stmt"/>
        <line num="667" count="1" type="stmt"/>
        <line num="668" count="2" type="stmt"/>
        <line num="671" count="2" type="cond" truecount="5" falsecount="2"/>
        <line num="676" count="2" type="stmt"/>
        <line num="677" count="2" type="cond" truecount="1" falsecount="0"/>
        <line num="678" count="2" type="stmt"/>
        <line num="679" count="2" type="cond" truecount="1" falsecount="0"/>
        <line num="680" count="2" type="stmt"/>
        <line num="686" count="1" type="stmt"/>
        <line num="690" count="0" type="cond" truecount="0" falsecount="1"/>
        <line num="692" count="0" type="stmt"/>
        <line num="693" count="0" type="stmt"/>
        <line num="695" count="0" type="stmt"/>
        <line num="705" count="0" type="stmt"/>
        <line num="706" count="0" type="cond" truecount="0" falsecount="4"/>
        <line num="707" count="0" type="stmt"/>
        <line num="710" count="0" type="stmt"/>
        <line num="711" count="0" type="stmt"/>
        <line num="715" count="2" type="cond" truecount="0" falsecount="1"/>
        <line num="716" count="0" type="stmt"/>
        <line num="720" count="2" type="stmt"/>
        <line num="721" count="2" type="cond" truecount="14" falsecount="0"/>
        <line num="736" count="2" type="cond" truecount="0" falsecount="1"/>
        <line num="737" count="0" type="stmt"/>
        <line num="740" count="2" type="stmt"/>
        <line num="742" count="2" type="stmt"/>
        <line num="752" count="0" type="stmt"/>
        <line num="753" count="0" type="stmt"/>
        <line num="755" count="0" type="stmt"/>
        <line num="756" count="0" type="stmt"/>
        <line num="759" count="0" type="cond" truecount="0" falsecount="7"/>
        <line num="764" count="0" type="stmt"/>
        <line num="765" count="0" type="cond" truecount="0" falsecount="1"/>
        <line num="766" count="0" type="stmt"/>
        <line num="767" count="0" type="cond" truecount="0" falsecount="1"/>
        <line num="768" count="0" type="stmt"/>
        <line num="774" count="0" type="stmt"/>
        <line num="778" count="0" type="cond" truecount="0" falsecount="1"/>
        <line num="780" count="0" type="stmt"/>
        <line num="781" count="0" type="stmt"/>
        <line num="783" count="0" type="stmt"/>
        <line num="793" count="0" type="stmt"/>
        <line num="794" count="0" type="cond" truecount="0" falsecount="4"/>
        <line num="795" count="0" type="stmt"/>
        <line num="798" count="0" type="stmt"/>
        <line num="799" count="0" type="stmt"/>
        <line num="803" count="0" type="cond" truecount="0" falsecount="1"/>
        <line num="804" count="0" type="stmt"/>
        <line num="807" count="0" type="stmt"/>
        <line num="809" count="0" type="stmt"/>
        <line num="819" count="2" type="stmt"/>
        <line num="820" count="2" type="stmt"/>
        <line num="845" count="2" type="stmt"/>
        <line num="846" count="36" type="stmt"/>
        <line num="847" count="36" type="stmt"/>
        <line num="848" count="2" type="cond" truecount="3" falsecount="0"/>
        <line num="850" count="2" type="stmt"/>
        <line num="851" count="2" type="cond" truecount="1" falsecount="0"/>
        <line num="852" count="2" type="stmt"/>
        <line num="858" count="2" type="stmt"/>
        <line num="862" count="2" type="stmt"/>
        <line num="865" count="2" type="cond" truecount="2" falsecount="0"/>
        <line num="869" count="2" type="stmt"/>
        <line num="871" count="2" type="cond" truecount="3" falsecount="1"/>
        <line num="872" count="0" type="stmt"/>
        <line num="875" count="2" type="cond" truecount="2" falsecount="1"/>
        <line num="876" count="0" type="stmt"/>
        <line num="879" count="2" type="cond" truecount="2" falsecount="1"/>
        <line num="880" count="0" type="stmt"/>
        <line num="883" count="2" type="stmt"/>
        <line num="887" count="1" type="cond" truecount="1" falsecount="0"/>
        <line num="888" count="1" type="stmt"/>
        <line num="891" count="0" type="cond" truecount="0" falsecount="1"/>
        <line num="892" count="0" type="stmt"/>
        <line num="895" count="0" type="cond" truecount="0" falsecount="3"/>
        <line num="896" count="0" type="stmt"/>
        <line num="899" count="0" type="stmt"/>
        <line num="903" count="1" type="stmt"/>
        <line num="906" count="1" type="cond" truecount="3" falsecount="0"/>
        <line num="907" count="1" type="stmt"/>
        <line num="910" count="1" type="cond" truecount="1" falsecount="0"/>
        <line num="911" count="1" type="stmt"/>
        <line num="914" count="1" type="cond" truecount="2" falsecount="1"/>
        <line num="915" count="1" type="stmt"/>
        <line num="919" count="1" type="stmt"/>
        <line num="920" count="1" type="cond" truecount="0" falsecount="1"/>
        <line num="921" count="0" type="stmt"/>
        <line num="924" count="1" type="cond" truecount="0" falsecount="1"/>
        <line num="925" count="0" type="stmt"/>
        <line num="929" count="1" type="stmt"/>
        <line num="930" count="1" type="stmt"/>
        <line num="931" count="5" type="cond" truecount="2" falsecount="0"/>
        <line num="935" count="1" type="stmt"/>
        <line num="938" count="1" type="stmt"/>
        <line num="943" count="1" type="cond" truecount="1" falsecount="0"/>
        <line num="944" count="1" type="stmt"/>
        <line num="947" count="1" type="stmt"/>
        <line num="951" count="0" type="cond" truecount="0" falsecount="1"/>
        <line num="952" count="0" type="stmt"/>
        <line num="956" count="0" type="stmt"/>
        <line num="957" count="0" type="stmt"/>
        <line num="958" count="0" type="stmt"/>
        <line num="961" count="0" type="stmt"/>
        <line num="964" count="0" type="stmt"/>
        <line num="969" count="0" type="stmt"/>
        <line num="970" count="0" type="cond" truecount="0" falsecount="1"/>
        <line num="971" count="0" type="stmt"/>
        <line num="974" count="0" type="stmt"/>
        <line num="979" count="2" type="stmt"/>
        <line num="983" count="2" type="stmt"/>
        <line num="987" count="2" type="stmt"/>
        <line num="991" count="1" type="stmt"/>
        <line num="995" count="4" type="stmt"/>
        <line num="996" count="4" type="stmt"/>
        <line num="998" count="4" type="stmt"/>
        <line num="999" count="6" type="stmt"/>
        <line num="1000" count="6" type="stmt"/>
        <line num="1003" count="6" type="stmt"/>
        <line num="1004" count="6" type="stmt"/>
        <line num="1005" count="3" type="cond" truecount="0" falsecount="1"/>
        <line num="1006" count="0" type="stmt"/>
        <line num="1007" count="0" type="stmt"/>
        <line num="1011" count="6" type="cond" truecount="1" falsecount="0"/>
        <line num="1012" count="6" type="stmt"/>
        <line num="1013" count="6" type="stmt"/>
        <line num="1017" count="4" type="stmt"/>
        <line num="1021" count="6" type="stmt"/>
        <line num="1035" count="3" type="cond" truecount="0" falsecount="1"/>
        <line num="1036" count="0" type="stmt"/>
        <line num="1040" count="8" type="stmt"/>
        <line num="1041" count="11" type="stmt"/>
        <line num="1044" count="8" type="stmt"/>
        <line num="1045" count="3" type="stmt"/>
        <line num="1047" count="3" type="cond" truecount="2" falsecount="1"/>
        <line num="1048" count="0" type="stmt"/>
        <line num="1052" count="3" type="cond" truecount="3" falsecount="0"/>
        <line num="1053" count="3" type="cond" truecount="2" falsecount="0"/>
        <line num="1054" count="3" type="cond" truecount="2" falsecount="0"/>
        <line num="1056" count="3" type="cond" truecount="0" falsecount="1"/>
        <line num="1057" count="0" type="stmt"/>
        <line num="1061" count="3" type="stmt"/>
        <line num="1066" count="0" type="stmt"/>
        <line num="1070" count="0" type="stmt"/>
        <line num="1074" count="0" type="stmt"/>
        <line num="1078" count="0" type="stmt"/>
        <line num="1082" count="0" type="stmt"/>
        <line num="1086" count="0" type="stmt"/>
        <line num="1092" count="0" type="stmt"/>
        <line num="1093" count="0" type="cond" truecount="0" falsecount="2"/>
        <line num="1097" count="0" type="stmt"/>
        <line num="1098" count="0" type="cond" truecount="0" falsecount="2"/>
        <line num="1111" count="0" type="stmt"/>
        <line num="1112" count="0" type="stmt"/>
        <line num="1113" count="0" type="cond" truecount="0" falsecount="7"/>
        <line num="1120" count="0" type="stmt"/>
        <line num="1123" count="0" type="cond" truecount="0" falsecount="1"/>
        <line num="1124" count="0" type="stmt"/>
        <line num="1128" count="0" type="stmt"/>
        <line num="1129" count="0" type="cond" truecount="0" falsecount="5"/>
        <line num="1136" count="0" type="cond" truecount="0" falsecount="1"/>
        <line num="1137" count="0" type="stmt"/>
        <line num="1141" count="0" type="stmt"/>
        <line num="1144" count="0" type="stmt"/>
        <line num="1151" count="0" type="stmt"/>
        <line num="1169" count="0" type="stmt"/>
        <line num="1181" count="0" type="cond" truecount="0" falsecount="2"/>
        <line num="1182" count="0" type="stmt"/>
        <line num="1185" count="0" type="stmt"/>
        <line num="1186" count="0" type="stmt"/>
        <line num="1190" count="0" type="cond" truecount="0" falsecount="2"/>
        <line num="1191" count="0" type="cond" truecount="0" falsecount="4"/>
        <line num="1197" count="0" type="stmt"/>
        <line num="1198" count="0" type="cond" truecount="0" falsecount="2"/>
        <line num="1199" count="0" type="cond" truecount="0" falsecount="3"/>
        <line num="1204" count="0" type="cond" truecount="0" falsecount="5"/>
        <line num="1205" count="0" type="stmt"/>
        <line num="1209" count="0" type="stmt"/>
        <line num="1220" count="0" type="stmt"/>
        <line num="1221" count="0" type="stmt"/>
        <line num="1224" count="0" type="stmt"/>
        <line num="1228" count="0" type="stmt"/>
        <line num="1230" count="0" type="cond" truecount="0" falsecount="1"/>
        <line num="1231" count="0" type="stmt"/>
        <line num="1234" count="0" type="cond" truecount="0" falsecount="1"/>
        <line num="1235" count="0" type="stmt"/>
        <line num="1236" count="0" type="cond" truecount="0" falsecount="2"/>
        <line num="1238" count="0" type="cond" truecount="0" falsecount="1"/>
        <line num="1239" count="0" type="stmt"/>
        <line num="1244" count="0" type="stmt"/>
        <line num="1245" count="0" type="cond" truecount="0" falsecount="3"/>
        <line num="1246" count="0" type="stmt"/>
        <line num="1249" count="0" type="cond" truecount="0" falsecount="1"/>
        <line num="1250" count="0" type="stmt"/>
        <line num="1253" count="0" type="stmt"/>
        <line num="1257" count="0" type="stmt"/>
        <line num="1258" count="0" type="stmt"/>
        <line num="1259" count="0" type="stmt"/>
        <line num="1261" count="0" type="stmt"/>
        <line num="1262" count="0" type="stmt"/>
        <line num="1263" count="0" type="stmt"/>
        <line num="1265" count="0" type="stmt"/>
        <line num="1266" count="0" type="cond" truecount="0" falsecount="1"/>
        <line num="1267" count="0" type="stmt"/>
        <line num="1268" count="0" type="cond" truecount="0" falsecount="1"/>
        <line num="1269" count="0" type="stmt"/>
        <line num="1270" count="0" type="stmt"/>
        <line num="1276" count="0" type="stmt"/>
        <line num="1280" count="0" type="stmt"/>
        <line num="1281" count="0" type="stmt"/>
        <line num="1284" count="0" type="stmt"/>
        <line num="1291" count="0" type="stmt"/>
        <line num="1292" count="0" type="stmt"/>
        <line num="1293" count="0" type="stmt"/>
        <line num="1297" count="0" type="stmt"/>
        <line num="1303" count="0" type="stmt"/>
        <line num="1304" count="0" type="stmt"/>
        <line num="1305" count="0" type="stmt"/>
        <line num="1308" count="0" type="stmt"/>
        <line num="1312" count="0" type="stmt"/>
        <line num="1313" count="0" type="stmt"/>
        <line num="1316" count="0" type="stmt"/>
        <line num="1324" count="0" type="stmt"/>
        <line num="1325" count="0" type="stmt"/>
        <line num="1326" count="0" type="stmt"/>
        <line num="1327" count="0" type="cond" truecount="0" falsecount="1"/>
        <line num="1328" count="0" type="stmt"/>
        <line num="1329" count="0" type="stmt"/>
        <line num="1330" count="0" type="stmt"/>
        <line num="1332" count="0" type="stmt"/>
        <line num="1344" count="0" type="stmt"/>
        <line num="1348" count="0" type="stmt"/>
        <line num="1349" count="0" type="stmt"/>
        <line num="1352" count="0" type="stmt"/>
        <line num="1359" count="0" type="stmt"/>
        <line num="1360" count="0" type="stmt"/>
        <line num="1361" count="0" type="stmt"/>
        <line num="1362" count="0" type="cond" truecount="0" falsecount="1"/>
        <line num="1363" count="0" type="stmt"/>
        <line num="1364" count="0" type="stmt"/>
        <line num="1365" count="0" type="stmt"/>
        <line num="1367" count="0" type="stmt"/>
        <line num="1379" count="0" type="stmt"/>
        <line num="1383" count="0" type="stmt"/>
        <line num="1384" count="0" type="stmt"/>
        <line num="1386" count="0" type="stmt"/>
        <line num="1393" count="0" type="stmt"/>
        <line num="1394" count="0" type="stmt"/>
        <line num="1395" count="0" type="stmt"/>
        <line num="1396" count="0" type="stmt"/>
        <line num="1397" count="0" type="cond" truecount="0" falsecount="1"/>
        <line num="1398" count="0" type="stmt"/>
        <line num="1399" count="0" type="stmt"/>
        <line num="1400" count="0" type="stmt"/>
        <line num="1402" count="0" type="stmt"/>
        <line num="1415" count="0" type="stmt"/>
        <line num="1419" count="0" type="stmt"/>
        <line num="1421" count="0" type="cond" truecount="0" falsecount="3"/>
        <line num="1422" count="0" type="stmt"/>
        <line num="1425" count="0" type="cond" truecount="0" falsecount="3"/>
        <line num="1426" count="0" type="stmt"/>
        <line num="1429" count="0" type="cond" truecount="0" falsecount="3"/>
        <line num="1430" count="0" type="stmt"/>
        <line num="1433" count="0" type="stmt"/>
      </file>
    </package>
  </project>
</coverage>
