<?xml version="1.0" encoding="UTF-8"?>
<coverage generated="1763666705144" clover="3.2.0">
  <project timestamp="1763666705144" name="All files">
    <metrics statements="49" coveredstatements="49" conditionals="27" coveredconditionals="26" methods="20" coveredmethods="20" elements="96" coveredelements="95" complexity="0" loc="49" ncloc="49" packages="1" files="1" classes="1"/>
    <file name="Icon.web.ts" path="/Users/3fn/Documents/Work Projects/Kiro/DesignerPunk-v2/src/components/core/Icon/platforms/web/Icon.web.ts">
      <metrics statements="49" coveredstatements="49" conditionals="27" coveredconditionals="26" methods="20" coveredmethods="20"/>
      <line num="26" count="781" type="stmt"/>
      <line num="44" count="781" type="cond" truecount="2" falsecount="0"/>
      <line num="79" count="9" type="stmt"/>
      <line num="80" count="268" type="cond" truecount="3" falsecount="0"/>
      <line num="83" count="268" type="stmt"/>
      <line num="86" count="268" type="stmt"/>
      <line num="89" count="268" type="cond" truecount="2" falsecount="0"/>
      <line num="94" count="268" type="stmt"/>
      <line num="97" count="4" type="stmt"/>
      <line num="98" count="4" type="stmt"/>
      <line num="103" count="268" type="cond" truecount="2" falsecount="0"/>
      <line num="106" count="268" type="cond" truecount="2" falsecount="0"/>
      <line num="108" count="268" type="stmt"/>
      <line num="130" count="9" type="stmt"/>
      <line num="134" count="15" type="stmt"/>
      <line num="143" count="15" type="stmt"/>
      <line num="152" count="8" type="stmt"/>
      <line num="161" count="6" type="stmt"/>
      <line num="192" count="9" type="stmt"/>
      <line num="199" count="9" type="stmt"/>
      <line num="203" count="228" type="stmt"/>
      <line num="206" count="228" type="stmt"/>
      <line num="213" count="216" type="stmt"/>
      <line num="220" count="298" type="cond" truecount="1" falsecount="0"/>
      <line num="221" count="297" type="stmt"/>
      <line num="227" count="515" type="cond" truecount="2" falsecount="0"/>
      <line num="231" count="53" type="stmt"/>
      <line num="235" count="515" type="cond" truecount="2" falsecount="0"/>
      <line num="237" count="515" type="stmt"/>
      <line num="238" count="515" type="cond" truecount="1" falsecount="1"/>
      <line num="242" count="26" type="stmt"/>
      <line num="246" count="515" type="cond" truecount="2" falsecount="0"/>
      <line num="250" count="7" type="stmt"/>
      <line num="254" count="516" type="stmt"/>
      <line num="258" count="10" type="cond" truecount="2" falsecount="0"/>
      <line num="259" count="8" type="stmt"/>
      <line num="261" count="2" type="stmt"/>
      <line num="269" count="513" type="stmt"/>
      <line num="270" count="513" type="stmt"/>
      <line num="271" count="513" type="stmt"/>
      <line num="272" count="513" type="stmt"/>
      <line num="275" count="513" type="stmt"/>
      <line num="278" count="513" type="cond" truecount="2" falsecount="0"/>
      <line num="283" count="513" type="cond" truecount="2" falsecount="0"/>
      <line num="286" count="513" type="stmt"/>
      <line num="289" count="513" type="stmt"/>
      <line num="312" count="9" type="cond" truecount="1" falsecount="0"/>
      <line num="313" count="9" type="stmt"/>
      <line num="319" count="9" type="stmt"/>
    </file>
  </project>
</coverage>
