{"/Users/3fn/Documents/Work Projects/Kiro/DesignerPunk-v2/src/components/core/Container/tokens.ts": {"path":"/Users/3fn/Documents/Work Projects/Kiro/DesignerPunk-v2/src/components/core/Container/tokens.ts","statementMap":{"0":{"start":{"line":168,"column":0},"end":{"line":168,"column":16}},"1":{"start":{"line":184,"column":0},"end":{"line":184,"column":16}},"2":{"start":{"line":200,"column":0},"end":{"line":200,"column":16}},"3":{"start":{"line":221,"column":0},"end":{"line":221,"column":16}},"4":{"start":{"line":39,"column":13},"end":{"line":47,"column":2}},"5":{"start":{"line":62,"column":13},"end":{"line":67,"column":2}},"6":{"start":{"line":81,"column":13},"end":{"line":86,"column":2}},"7":{"start":{"line":129,"column":13},"end":{"line":154,"column":2}},"8":{"start":{"line":169,"column":2},"end":{"line":169,"column":34}},"9":{"start":{"line":185,"column":2},"end":{"line":185,"column":32}},"10":{"start":{"line":201,"column":2},"end":{"line":201,"column":44}},"11":{"start":{"line":222,"column":2},"end":{"line":222,"column":46}},"12":{"start":{"line":233,"column":13},"end":{"line":233,"column":49}}},"fnMap":{"0":{"name":"getPaddingToken","decl":{"start":{"line":168,"column":16},"end":{"line":168,"column":31}},"loc":{"start":{"line":168,"column":53},"end":{"line":170,"column":1}}},"1":{"name":"getBorderToken","decl":{"start":{"line":184,"column":16},"end":{"line":184,"column":30}},"loc":{"start":{"line":184,"column":50},"end":{"line":186,"column":1}}},"2":{"name":"getBorderRadiusToken","decl":{"start":{"line":200,"column":16},"end":{"line":200,"column":36}},"loc":{"start":{"line":200,"column":68},"end":{"line":202,"column":1}}},"3":{"name":"getLayeringToken","decl":{"start":{"line":221,"column":16},"end":{"line":221,"column":32}},"loc":{"start":{"line":221,"column":76},"end":{"line":223,"column":1}}}},"branchMap":{},"s":{"0":2,"1":2,"2":2,"3":2,"4":2,"5":2,"6":2,"7":2,"8":6,"9":5,"10":5,"11":11,"12":2},"f":{"0":6,"1":5,"2":5,"3":11},"b":{}}
,"/Users/3fn/Documents/Work Projects/Kiro/DesignerPunk-v2/src/components/core/Container/types.ts": {"path":"/Users/3fn/Documents/Work Projects/Kiro/DesignerPunk-v2/src/components/core/Container/types.ts","statementMap":{"0":{"start":{"line":257,"column":0},"end":{"line":257,"column":16}},"1":{"start":{"line":264,"column":0},"end":{"line":264,"column":16}},"2":{"start":{"line":271,"column":0},"end":{"line":271,"column":16}},"3":{"start":{"line":278,"column":0},"end":{"line":278,"column":16}},"4":{"start":{"line":285,"column":0},"end":{"line":285,"column":16}},"5":{"start":{"line":258,"column":2},"end":{"line":258,"column":76}},"6":{"start":{"line":265,"column":2},"end":{"line":265,"column":66}},"7":{"start":{"line":272,"column":2},"end":{"line":272,"column":62}},"8":{"start":{"line":279,"column":2},"end":{"line":279,"column":94}},"9":{"start":{"line":286,"column":2},"end":{"line":286,"column":111}}},"fnMap":{"0":{"name":"isPaddingValue","decl":{"start":{"line":257,"column":16},"end":{"line":257,"column":30}},"loc":{"start":{"line":257,"column":44},"end":{"line":259,"column":1}}},"1":{"name":"isBorderValue","decl":{"start":{"line":264,"column":16},"end":{"line":264,"column":29}},"loc":{"start":{"line":264,"column":43},"end":{"line":266,"column":1}}},"2":{"name":"isBorderRadiusValue","decl":{"start":{"line":271,"column":16},"end":{"line":271,"column":35}},"loc":{"start":{"line":271,"column":49},"end":{"line":273,"column":1}}},"3":{"name":"isLayeringValue","decl":{"start":{"line":278,"column":16},"end":{"line":278,"column":31}},"loc":{"start":{"line":278,"column":45},"end":{"line":280,"column":1}}},"4":{"name":"isSemanticHTMLElement","decl":{"start":{"line":285,"column":16},"end":{"line":285,"column":37}},"loc":{"start":{"line":285,"column":51},"end":{"line":287,"column":1}}}},"branchMap":{},"s":{"0":1,"1":1,"2":1,"3":1,"4":1,"5":10,"6":7,"7":7,"8":9,"9":13},"f":{"0":10,"1":7,"2":7,"3":9,"4":13},"b":{}}
,"/Users/3fn/Documents/Work Projects/Kiro/DesignerPunk-v2/src/components/core/Container/platforms/web/Container.web.tsx": {"path":"/Users/3fn/Documents/Work Projects/Kiro/DesignerPunk-v2/src/components/core/Container/platforms/web/Container.web.tsx","statementMap":{"0":{"start":{"line":11,"column":0},"end":{"line":11,"column":55}},"1":{"start":{"line":33,"column":20},"end":{"line":79,"column":2}},"2":{"start":{"line":121,"column":4},"end":{"line":131,"column":6}},"3":{"start":{"line":135,"column":4},"end":{"line":135,"column":12}},"4":{"start":{"line":137,"column":4},"end":{"line":137,"column":59}},"5":{"start":{"line":146,"column":4},"end":{"line":146,"column":18}},"6":{"start":{"line":160,"column":4},"end":{"line":162,"column":5}},"7":{"start":{"line":161,"column":6},"end":{"line":161,"column":20}},"8":{"start":{"line":175,"column":20},"end":{"line":175,"column":71}},"9":{"start":{"line":176,"column":23},"end":{"line":176,"column":79}},"10":{"start":{"line":177,"column":19},"end":{"line":177,"column":72}},"11":{"start":{"line":178,"column":19},"end":{"line":178,"column":68}},"12":{"start":{"line":179,"column":25},"end":{"line":179,"column":87}},"13":{"start":{"line":180,"column":20},"end":{"line":180,"column":75}},"14":{"start":{"line":181,"column":21},"end":{"line":181,"column":74}},"15":{"start":{"line":182,"column":22},"end":{"line":182,"column":84}},"16":{"start":{"line":183,"column":31},"end":{"line":183,"column":71}},"17":{"start":{"line":186,"column":19},"end":{"line":194,"column":6}},"18":{"start":{"line":197,"column":31},"end":{"line":199,"column":10}},"19":{"start":{"line":202,"column":4},"end":{"line":213,"column":6}},"20":{"start":{"line":236,"column":4},"end":{"line":236,"column":39}},"21":{"start":{"line":248,"column":16},"end":{"line":248,"column":45}},"22":{"start":{"line":249,"column":4},"end":{"line":249,"column":27}},"23":{"start":{"line":250,"column":4},"end":{"line":250,"column":25}},"24":{"start":{"line":111,"column":0},"end":{"line":111,"column":13}},"25":{"start":{"line":260,"column":0},"end":{"line":262,"column":1}},"26":{"start":{"line":261,"column":2},"end":{"line":261,"column":54}}},"fnMap":{"0":{"name":"(anonymous_0)","decl":{"start":{"line":120,"column":2},"end":{"line":120,"column":8}},"loc":{"start":{"line":120,"column":31},"end":{"line":132,"column":3}}},"1":{"name":"(anonymous_1)","decl":{"start":{"line":134,"column":2},"end":{"line":134,"column":null}},"loc":{"start":{"line":134,"column":2},"end":{"line":138,"column":3}}},"2":{"name":"(anonymous_2)","decl":{"start":{"line":145,"column":2},"end":{"line":145,"column":19}},"loc":{"start":{"line":145,"column":19},"end":{"line":147,"column":3}}},"3":{"name":"(anonymous_3)","decl":{"start":{"line":158,"column":2},"end":{"line":158,"column":26}},"loc":{"start":{"line":158,"column":89},"end":{"line":163,"column":3}}},"4":{"name":"(anonymous_4)","decl":{"start":{"line":173,"column":10},"end":{"line":173,"column":16}},"loc":{"start":{"line":173,"column":16},"end":{"line":214,"column":3}}},"5":{"name":"(anonymous_5)","decl":{"start":{"line":227,"column":10},"end":{"line":227,"column":21}},"loc":{"start":{"line":235,"column":3},"end":{"line":237,"column":3}}},"6":{"name":"(anonymous_6)","decl":{"start":{"line":247,"column":10},"end":{"line":247,"column":20}},"loc":{"start":{"line":247,"column":33},"end":{"line":251,"column":3}}}},"branchMap":{"0":{"loc":{"start":{"line":160,"column":4},"end":{"line":162,"column":5}},"type":"if","locations":[{"start":{"line":160,"column":4},"end":{"line":162,"column":5}}]},"1":{"loc":{"start":{"line":182,"column":22},"end":{"line":182,"column":84}},"type":"binary-expr","locations":[{"start":{"line":182,"column":22},"end":{"line":182,"column":75}},{"start":{"line":182,"column":79},"end":{"line":182,"column":84}}]},"2":{"loc":{"start":{"line":197,"column":31},"end":{"line":199,"column":10}},"type":"cond-expr","locations":[{"start":{"line":198,"column":8},"end":{"line":198,"column":61}},{"start":{"line":199,"column":8},"end":{"line":199,"column":10}}]},"3":{"loc":{"start":{"line":260,"column":0},"end":{"line":262,"column":1}},"type":"if","locations":[{"start":{"line":260,"column":0},"end":{"line":262,"column":1}}]}},"s":{"0":0,"1":0,"2":0,"3":0,"4":0,"5":0,"6":0,"7":0,"8":0,"9":0,"10":0,"11":0,"12":0,"13":0,"14":0,"15":0,"16":0,"17":0,"18":0,"19":0,"20":0,"21":0,"22":0,"23":0,"24":0,"25":0,"26":0},"f":{"0":0,"1":0,"2":0,"3":0,"4":0,"5":0,"6":0},"b":{"0":[0],"1":[0,0],"2":[0,0],"3":[0]}}
,"/Users/3fn/Documents/Work Projects/Kiro/DesignerPunk-v2/src/components/core/Container/platforms/web/token-mapping.ts": {"path":"/Users/3fn/Documents/Work Projects/Kiro/DesignerPunk-v2/src/components/core/Container/platforms/web/token-mapping.ts","statementMap":{"0":{"start":{"line":52,"column":0},"end":{"line":52,"column":16}},"1":{"start":{"line":73,"column":0},"end":{"line":73,"column":16}},"2":{"start":{"line":104,"column":0},"end":{"line":104,"column":16}},"3":{"start":{"line":136,"column":0},"end":{"line":136,"column":16}},"4":{"start":{"line":166,"column":0},"end":{"line":166,"column":16}},"5":{"start":{"line":191,"column":0},"end":{"line":191,"column":16}},"6":{"start":{"line":216,"column":0},"end":{"line":216,"column":16}},"7":{"start":{"line":244,"column":0},"end":{"line":244,"column":16}},"8":{"start":{"line":281,"column":0},"end":{"line":281,"column":16}},"9":{"start":{"line":16,"column":0},"end":{"line":16,"column":null}},"10":{"start":{"line":53,"column":2},"end":{"line":53,"column":51}},"11":{"start":{"line":74,"column":2},"end":{"line":76,"column":3}},"12":{"start":{"line":75,"column":4},"end":{"line":75,"column":14}},"13":{"start":{"line":78,"column":20},"end":{"line":78,"column":44}},"14":{"start":{"line":79,"column":2},"end":{"line":81,"column":3}},"15":{"start":{"line":80,"column":4},"end":{"line":80,"column":14}},"16":{"start":{"line":83,"column":2},"end":{"line":83,"column":48}},"17":{"start":{"line":105,"column":2},"end":{"line":107,"column":3}},"18":{"start":{"line":106,"column":4},"end":{"line":106,"column":14}},"19":{"start":{"line":109,"column":20},"end":{"line":109,"column":42}},"20":{"start":{"line":110,"column":2},"end":{"line":112,"column":3}},"21":{"start":{"line":111,"column":4},"end":{"line":111,"column":14}},"22":{"start":{"line":114,"column":19},"end":{"line":114,"column":43}},"23":{"start":{"line":115,"column":19},"end":{"line":115,"column":52}},"24":{"start":{"line":116,"column":2},"end":{"line":116,"column":49}},"25":{"start":{"line":137,"column":2},"end":{"line":139,"column":3}},"26":{"start":{"line":138,"column":4},"end":{"line":138,"column":14}},"27":{"start":{"line":141,"column":20},"end":{"line":141,"column":54}},"28":{"start":{"line":142,"column":2},"end":{"line":144,"column":3}},"29":{"start":{"line":143,"column":4},"end":{"line":143,"column":14}},"30":{"start":{"line":146,"column":2},"end":{"line":146,"column":54}},"31":{"start":{"line":167,"column":2},"end":{"line":169,"column":3}},"32":{"start":{"line":168,"column":4},"end":{"line":168,"column":14}},"33":{"start":{"line":171,"column":2},"end":{"line":171,"column":47}},"34":{"start":{"line":192,"column":2},"end":{"line":194,"column":3}},"35":{"start":{"line":193,"column":4},"end":{"line":193,"column":14}},"36":{"start":{"line":196,"column":2},"end":{"line":196,"column":48}},"37":{"start":{"line":217,"column":2},"end":{"line":219,"column":3}},"38":{"start":{"line":218,"column":4},"end":{"line":218,"column":14}},"39":{"start":{"line":221,"column":2},"end":{"line":221,"column":46}},"40":{"start":{"line":245,"column":2},"end":{"line":247,"column":3}},"41":{"start":{"line":246,"column":4},"end":{"line":246,"column":14}},"42":{"start":{"line":249,"column":20},"end":{"line":249,"column":50}},"43":{"start":{"line":250,"column":2},"end":{"line":252,"column":3}},"44":{"start":{"line":251,"column":4},"end":{"line":251,"column":14}},"45":{"start":{"line":254,"column":2},"end":{"line":254,"column":48}},"46":{"start":{"line":290,"column":27},"end":{"line":290,"column":29}},"47":{"start":{"line":293,"column":23},"end":{"line":293,"column":61}},"48":{"start":{"line":294,"column":2},"end":{"line":294,"column":46}},"49":{"start":{"line":294,"column":20},"end":{"line":294,"column":46}},"50":{"start":{"line":296,"column":26},"end":{"line":296,"column":65}},"51":{"start":{"line":297,"column":2},"end":{"line":297,"column":52}},"52":{"start":{"line":297,"column":23},"end":{"line":297,"column":52}},"53":{"start":{"line":299,"column":22},"end":{"line":299,"column":58}},"54":{"start":{"line":300,"column":2},"end":{"line":300,"column":44}},"55":{"start":{"line":300,"column":19},"end":{"line":300,"column":44}},"56":{"start":{"line":302,"column":22},"end":{"line":302,"column":58}},"57":{"start":{"line":303,"column":2},"end":{"line":303,"column":44}},"58":{"start":{"line":303,"column":19},"end":{"line":303,"column":44}},"59":{"start":{"line":305,"column":28},"end":{"line":305,"column":76}},"60":{"start":{"line":306,"column":2},"end":{"line":306,"column":56}},"61":{"start":{"line":306,"column":25},"end":{"line":306,"column":56}},"62":{"start":{"line":308,"column":23},"end":{"line":308,"column":61}},"63":{"start":{"line":309,"column":2},"end":{"line":309,"column":46}},"64":{"start":{"line":309,"column":20},"end":{"line":309,"column":46}},"65":{"start":{"line":311,"column":24},"end":{"line":311,"column":64}},"66":{"start":{"line":312,"column":2},"end":{"line":312,"column":48}},"67":{"start":{"line":312,"column":21},"end":{"line":312,"column":48}},"68":{"start":{"line":315,"column":2},"end":{"line":315,"column":38}}},"fnMap":{"0":{"name":"tokenToCssVar","decl":{"start":{"line":52,"column":16},"end":{"line":52,"column":29}},"loc":{"start":{"line":52,"column":47},"end":{"line":54,"column":1}}},"1":{"name":"mapPaddingToCSS","decl":{"start":{"line":73,"column":16},"end":{"line":73,"column":31}},"loc":{"start":{"line":73,"column":60},"end":{"line":84,"column":1}}},"2":{"name":"mapBorderToCSS","decl":{"start":{"line":104,"column":16},"end":{"line":104,"column":30}},"loc":{"start":{"line":104,"column":57},"end":{"line":117,"column":1}}},"3":{"name":"mapBorderRadiusToCSS","decl":{"start":{"line":136,"column":16},"end":{"line":136,"column":36}},"loc":{"start":{"line":136,"column":75},"end":{"line":147,"column":1}}},"4":{"name":"mapColorToCSS","decl":{"start":{"line":166,"column":16},"end":{"line":166,"column":29}},"loc":{"start":{"line":166,"column":58},"end":{"line":172,"column":1}}},"5":{"name":"mapShadowToCSS","decl":{"start":{"line":191,"column":16},"end":{"line":191,"column":30}},"loc":{"start":{"line":191,"column":61},"end":{"line":197,"column":1}}},"6":{"name":"mapOpacityToCSS","decl":{"start":{"line":216,"column":16},"end":{"line":216,"column":31}},"loc":{"start":{"line":216,"column":64},"end":{"line":222,"column":1}}},"7":{"name":"mapLayeringToCSS","decl":{"start":{"line":244,"column":16},"end":{"line":244,"column":32}},"loc":{"start":{"line":244,"column":63},"end":{"line":255,"column":1}}},"8":{"name":"buildContainerStyles","decl":{"start":{"line":281,"column":16},"end":{"line":281,"column":36}},"loc":{"start":{"line":289,"column":1},"end":{"line":316,"column":1}}}},"branchMap":{"0":{"loc":{"start":{"line":74,"column":2},"end":{"line":76,"column":3}},"type":"if","locations":[{"start":{"line":74,"column":2},"end":{"line":76,"column":3}}]},"1":{"loc":{"start":{"line":74,"column":6},"end":{"line":74,"column":36}},"type":"binary-expr","locations":[{"start":{"line":74,"column":6},"end":{"line":74,"column":14}},{"start":{"line":74,"column":18},"end":{"line":74,"column":36}}]},"2":{"loc":{"start":{"line":79,"column":2},"end":{"line":81,"column":3}},"type":"if","locations":[{"start":{"line":79,"column":2},"end":{"line":81,"column":3}}]},"3":{"loc":{"start":{"line":105,"column":2},"end":{"line":107,"column":3}},"type":"if","locations":[{"start":{"line":105,"column":2},"end":{"line":107,"column":3}}]},"4":{"loc":{"start":{"line":105,"column":6},"end":{"line":105,"column":34}},"type":"binary-expr","locations":[{"start":{"line":105,"column":6},"end":{"line":105,"column":13}},{"start":{"line":105,"column":17},"end":{"line":105,"column":34}}]},"5":{"loc":{"start":{"line":110,"column":2},"end":{"line":112,"column":3}},"type":"if","locations":[{"start":{"line":110,"column":2},"end":{"line":112,"column":3}}]},"6":{"loc":{"start":{"line":137,"column":2},"end":{"line":139,"column":3}},"type":"if","locations":[{"start":{"line":137,"column":2},"end":{"line":139,"column":3}}]},"7":{"loc":{"start":{"line":137,"column":6},"end":{"line":137,"column":46}},"type":"binary-expr","locations":[{"start":{"line":137,"column":6},"end":{"line":137,"column":19}},{"start":{"line":137,"column":23},"end":{"line":137,"column":46}}]},"8":{"loc":{"start":{"line":142,"column":2},"end":{"line":144,"column":3}},"type":"if","locations":[{"start":{"line":142,"column":2},"end":{"line":144,"column":3}}]},"9":{"loc":{"start":{"line":167,"column":2},"end":{"line":169,"column":3}},"type":"if","locations":[{"start":{"line":167,"column":2},"end":{"line":169,"column":3}}]},"10":{"loc":{"start":{"line":192,"column":2},"end":{"line":194,"column":3}},"type":"if","locations":[{"start":{"line":192,"column":2},"end":{"line":194,"column":3}}]},"11":{"loc":{"start":{"line":217,"column":2},"end":{"line":219,"column":3}},"type":"if","locations":[{"start":{"line":217,"column":2},"end":{"line":219,"column":3}}]},"12":{"loc":{"start":{"line":245,"column":2},"end":{"line":247,"column":3}},"type":"if","locations":[{"start":{"line":245,"column":2},"end":{"line":247,"column":3}}]},"13":{"loc":{"start":{"line":250,"column":2},"end":{"line":252,"column":3}},"type":"if","locations":[{"start":{"line":250,"column":2},"end":{"line":252,"column":3}}]},"14":{"loc":{"start":{"line":293,"column":39},"end":{"line":293,"column":60}},"type":"binary-expr","locations":[{"start":{"line":293,"column":39},"end":{"line":293,"column":52}},{"start":{"line":293,"column":56},"end":{"line":293,"column":60}}]},"15":{"loc":{"start":{"line":294,"column":2},"end":{"line":294,"column":46}},"type":"if","locations":[{"start":{"line":294,"column":2},"end":{"line":294,"column":46}}]},"16":{"loc":{"start":{"line":296,"column":40},"end":{"line":296,"column":64}},"type":"binary-expr","locations":[{"start":{"line":296,"column":40},"end":{"line":296,"column":56}},{"start":{"line":296,"column":60},"end":{"line":296,"column":64}}]},"17":{"loc":{"start":{"line":297,"column":2},"end":{"line":297,"column":52}},"type":"if","locations":[{"start":{"line":297,"column":2},"end":{"line":297,"column":52}}]},"18":{"loc":{"start":{"line":299,"column":37},"end":{"line":299,"column":57}},"type":"binary-expr","locations":[{"start":{"line":299,"column":37},"end":{"line":299,"column":49}},{"start":{"line":299,"column":53},"end":{"line":299,"column":57}}]},"19":{"loc":{"start":{"line":300,"column":2},"end":{"line":300,"column":44}},"type":"if","locations":[{"start":{"line":300,"column":2},"end":{"line":300,"column":44}}]},"20":{"loc":{"start":{"line":302,"column":37},"end":{"line":302,"column":57}},"type":"binary-expr","locations":[{"start":{"line":302,"column":37},"end":{"line":302,"column":49}},{"start":{"line":302,"column":53},"end":{"line":302,"column":57}}]},"21":{"loc":{"start":{"line":303,"column":2},"end":{"line":303,"column":44}},"type":"if","locations":[{"start":{"line":303,"column":2},"end":{"line":303,"column":44}}]},"22":{"loc":{"start":{"line":305,"column":49},"end":{"line":305,"column":75}},"type":"binary-expr","locations":[{"start":{"line":305,"column":49},"end":{"line":305,"column":67}},{"start":{"line":305,"column":71},"end":{"line":305,"column":75}}]},"23":{"loc":{"start":{"line":306,"column":2},"end":{"line":306,"column":56}},"type":"if","locations":[{"start":{"line":306,"column":2},"end":{"line":306,"column":56}}]},"24":{"loc":{"start":{"line":308,"column":39},"end":{"line":308,"column":60}},"type":"binary-expr","locations":[{"start":{"line":308,"column":39},"end":{"line":308,"column":52}},{"start":{"line":308,"column":56},"end":{"line":308,"column":60}}]},"25":{"loc":{"start":{"line":309,"column":2},"end":{"line":309,"column":46}},"type":"if","locations":[{"start":{"line":309,"column":2},"end":{"line":309,"column":46}}]},"26":{"loc":{"start":{"line":311,"column":41},"end":{"line":311,"column":63}},"type":"binary-expr","locations":[{"start":{"line":311,"column":41},"end":{"line":311,"column":55}},{"start":{"line":311,"column":59},"end":{"line":311,"column":63}}]},"27":{"loc":{"start":{"line":312,"column":2},"end":{"line":312,"column":48}},"type":"if","locations":[{"start":{"line":312,"column":2},"end":{"line":312,"column":48}}]}},"s":{"0":1,"1":1,"2":1,"3":1,"4":1,"5":1,"6":1,"7":1,"8":1,"9":1,"10":61,"11":17,"12":5,"13":12,"14":12,"15":0,"16":12,"17":14,"18":9,"19":5,"20":5,"21":0,"22":5,"23":5,"24":5,"25":14,"26":7,"27":7,"28":7,"29":0,"30":7,"31":13,"32":6,"33":7,"34":13,"35":7,"36":6,"37":14,"38":8,"39":6,"40":16,"41":8,"42":8,"43":8,"44":0,"45":8,"46":9,"47":9,"48":9,"49":6,"50":9,"51":9,"52":4,"53":9,"54":9,"55":3,"56":9,"57":9,"58":2,"59":9,"60":9,"61":4,"62":9,"63":9,"64":2,"65":9,"66":9,"67":2,"68":9},"f":{"0":61,"1":17,"2":14,"3":14,"4":13,"5":13,"6":14,"7":16,"8":9},"b":{"0":[5],"1":[17,14],"2":[0],"3":[9],"4":[14,7],"5":[0],"6":[7],"7":[14,9],"8":[0],"9":[6],"10":[7],"11":[8],"12":[8],"13":[0],"14":[9,2],"15":[6],"16":[9,5],"17":[4],"18":[9,6],"19":[3],"20":[9,6],"21":[2],"22":[9,4],"23":[4],"24":[9,7],"25":[2],"26":[9,7],"27":[2]}}
}
