{"/Users/3fn/Documents/Work Projects/Kiro/DesignerPunk-v2/src/components/core/Icon/platforms/web/Icon.web.ts": {"path":"/Users/3fn/Documents/Work Projects/Kiro/DesignerPunk-v2/src/components/core/Icon/platforms/web/Icon.web.ts","statementMap":{"0":{"start":{"line":79,"column":0},"end":{"line":79,"column":16}},"1":{"start":{"line":26,"column":48},"end":{"line":42,"column":4}},"2":{"start":{"line":44,"column":2},"end":{"line":44,"column":52}},"3":{"start":{"line":80,"column":80},"end":{"line":80,"column":85}},"4":{"start":{"line":83,"column":21},"end":{"line":83,"column":38}},"5":{"start":{"line":86,"column":20},"end":{"line":86,"column":59}},"6":{"start":{"line":89,"column":22},"end":{"line":91,"column":23}},"7":{"start":{"line":94,"column":19},"end":{"line":100,"column":15}},"8":{"start":{"line":97,"column":23},"end":{"line":97,"column":67}},"9":{"start":{"line":98,"column":6},"end":{"line":98,"column":37}},"10":{"start":{"line":103,"column":21},"end":{"line":103,"column":61}},"11":{"start":{"line":106,"column":20},"end":{"line":106,"column":58}},"12":{"start":{"line":108,"column":2},"end":{"line":108,"column":254}},"13":{"start":{"line":134,"column":4},"end":{"line":134,"column":23}},"14":{"start":{"line":143,"column":4},"end":{"line":143,"column":34}},"15":{"start":{"line":152,"column":4},"end":{"line":152,"column":45}},"16":{"start":{"line":161,"column":4},"end":{"line":161,"column":29}},"17":{"start":{"line":130,"column":0},"end":{"line":130,"column":13}},"18":{"start":{"line":199,"column":4},"end":{"line":199,"column":48}},"19":{"start":{"line":203,"column":4},"end":{"line":203,"column":12}},"20":{"start":{"line":206,"column":4},"end":{"line":206,"column":59}},"21":{"start":{"line":213,"column":4},"end":{"line":213,"column":18}},"22":{"start":{"line":220,"column":4},"end":{"line":222,"column":5}},"23":{"start":{"line":221,"column":6},"end":{"line":221,"column":20}},"24":{"start":{"line":227,"column":4},"end":{"line":227,"column":63}},"25":{"start":{"line":231,"column":4},"end":{"line":231,"column":37}},"26":{"start":{"line":235,"column":17},"end":{"line":235,"column":64}},"27":{"start":{"line":237,"column":35},"end":{"line":237,"column":71}},"28":{"start":{"line":238,"column":4},"end":{"line":238,"column":75}},"29":{"start":{"line":242,"column":4},"end":{"line":242,"column":48}},"30":{"start":{"line":246,"column":4},"end":{"line":246,"column":51}},"31":{"start":{"line":250,"column":4},"end":{"line":250,"column":38}},"32":{"start":{"line":254,"column":4},"end":{"line":254,"column":40}},"33":{"start":{"line":258,"column":4},"end":{"line":262,"column":5}},"34":{"start":{"line":259,"column":6},"end":{"line":259,"column":42}},"35":{"start":{"line":261,"column":6},"end":{"line":261,"column":38}},"36":{"start":{"line":269,"column":17},"end":{"line":269,"column":26}},"37":{"start":{"line":270,"column":17},"end":{"line":270,"column":26}},"38":{"start":{"line":271,"column":18},"end":{"line":271,"column":28}},"39":{"start":{"line":272,"column":19},"end":{"line":272,"column":30}},"40":{"start":{"line":275,"column":23},"end":{"line":275,"column":40}},"41":{"start":{"line":278,"column":24},"end":{"line":280,"column":25}},"42":{"start":{"line":283,"column":23},"end":{"line":283,"column":63}},"43":{"start":{"line":286,"column":22},"end":{"line":286,"column":69}},"44":{"start":{"line":289,"column":4},"end":{"line":305,"column":6}},"45":{"start":{"line":192,"column":0},"end":{"line":192,"column":13}},"46":{"start":{"line":312,"column":0},"end":{"line":314,"column":1}},"47":{"start":{"line":313,"column":2},"end":{"line":313,"column":43}},"48":{"start":{"line":319,"column":0},"end":{"line":319,"column":22}}},"fnMap":{"0":{"name":"loadIconSVG","decl":{"start":{"line":23,"column":9},"end":{"line":23,"column":20}},"loc":{"start":{"line":23,"column":35},"end":{"line":45,"column":1}}},"1":{"name":"createIcon","decl":{"start":{"line":79,"column":16},"end":{"line":79,"column":26}},"loc":{"start":{"line":79,"column":43},"end":{"line":109,"column":1}}},"2":{"name":"(anonymous_2)","decl":{"start":{"line":95,"column":9},"end":{"line":95,"column":10}},"loc":{"start":{"line":95,"column":26},"end":{"line":99,"column":5}}},"3":{"name":"(anonymous_3)","decl":{"start":{"line":133,"column":2},"end":{"line":133,"column":14}},"loc":{"start":{"line":133,"column":30},"end":{"line":135,"column":3}}},"4":{"name":"(anonymous_4)","decl":{"start":{"line":142,"column":2},"end":{"line":142,"column":8}},"loc":{"start":{"line":142,"column":8},"end":{"line":144,"column":3}}},"5":{"name":"(anonymous_5)","decl":{"start":{"line":151,"column":2},"end":{"line":151,"column":8}},"loc":{"start":{"line":151,"column":34},"end":{"line":153,"column":3}}},"6":{"name":"(anonymous_6)","decl":{"start":{"line":160,"column":2},"end":{"line":160,"column":10}},"loc":{"start":{"line":160,"column":10},"end":{"line":162,"column":3}}},"7":{"name":"(anonymous_7)","decl":{"start":{"line":198,"column":2},"end":{"line":198,"column":8}},"loc":{"start":{"line":198,"column":31},"end":{"line":200,"column":3}}},"8":{"name":"(anonymous_8)","decl":{"start":{"line":202,"column":2},"end":{"line":202,"column":null}},"loc":{"start":{"line":202,"column":2},"end":{"line":207,"column":3}}},"9":{"name":"(anonymous_9)","decl":{"start":{"line":212,"column":2},"end":{"line":212,"column":19}},"loc":{"start":{"line":212,"column":19},"end":{"line":214,"column":3}}},"10":{"name":"(anonymous_10)","decl":{"start":{"line":219,"column":2},"end":{"line":219,"column":26}},"loc":{"start":{"line":219,"column":90},"end":{"line":223,"column":3}}},"11":{"name":"(anonymous_11)","decl":{"start":{"line":226,"column":2},"end":{"line":226,"column":6}},"loc":{"start":{"line":226,"column":10},"end":{"line":228,"column":3}}},"12":{"name":"(anonymous_12)","decl":{"start":{"line":230,"column":2},"end":{"line":230,"column":6}},"loc":{"start":{"line":230,"column":26},"end":{"line":232,"column":3}}},"13":{"name":"(anonymous_13)","decl":{"start":{"line":234,"column":2},"end":{"line":234,"column":6}},"loc":{"start":{"line":234,"column":10},"end":{"line":239,"column":3}}},"14":{"name":"(anonymous_14)","decl":{"start":{"line":241,"column":2},"end":{"line":241,"column":6}},"loc":{"start":{"line":241,"column":26},"end":{"line":243,"column":3}}},"15":{"name":"(anonymous_15)","decl":{"start":{"line":245,"column":2},"end":{"line":245,"column":6}},"loc":{"start":{"line":245,"column":11},"end":{"line":247,"column":3}}},"16":{"name":"(anonymous_16)","decl":{"start":{"line":249,"column":2},"end":{"line":249,"column":6}},"loc":{"start":{"line":249,"column":25},"end":{"line":251,"column":3}}},"17":{"name":"(anonymous_17)","decl":{"start":{"line":253,"column":2},"end":{"line":253,"column":6}},"loc":{"start":{"line":253,"column":12},"end":{"line":255,"column":3}}},"18":{"name":"(anonymous_18)","decl":{"start":{"line":257,"column":2},"end":{"line":257,"column":6}},"loc":{"start":{"line":257,"column":33},"end":{"line":263,"column":3}}},"19":{"name":"(anonymous_19)","decl":{"start":{"line":268,"column":10},"end":{"line":268,"column":16}},"loc":{"start":{"line":268,"column":16},"end":{"line":306,"column":3}}}},"branchMap":{"0":{"loc":{"start":{"line":44,"column":9},"end":{"line":44,"column":51}},"type":"binary-expr","locations":[{"start":{"line":44,"column":9},"end":{"line":44,"column":26}},{"start":{"line":44,"column":30},"end":{"line":44,"column":51}}]},"1":{"loc":{"start":{"line":80,"column":22},"end":{"line":80,"column":36}},"type":"default-arg","locations":[{"start":{"line":80,"column":34},"end":{"line":80,"column":36}}]},"2":{"loc":{"start":{"line":80,"column":38},"end":{"line":80,"column":48}},"type":"default-arg","locations":[{"start":{"line":80,"column":46},"end":{"line":80,"column":48}}]},"3":{"loc":{"start":{"line":80,"column":58},"end":{"line":80,"column":75}},"type":"default-arg","locations":[{"start":{"line":80,"column":66},"end":{"line":80,"column":75}}]},"4":{"loc":{"start":{"line":89,"column":22},"end":{"line":91,"column":23}},"type":"cond-expr","locations":[{"start":{"line":90,"column":6},"end":{"line":90,"column":20}},{"start":{"line":91,"column":6},"end":{"line":91,"column":23}}]},"5":{"loc":{"start":{"line":103,"column":21},"end":{"line":103,"column":61}},"type":"cond-expr","locations":[{"start":{"line":103,"column":30},"end":{"line":103,"column":56}},{"start":{"line":103,"column":59},"end":{"line":103,"column":61}}]},"6":{"loc":{"start":{"line":106,"column":20},"end":{"line":106,"column":58}},"type":"cond-expr","locations":[{"start":{"line":106,"column":31},"end":{"line":106,"column":53}},{"start":{"line":106,"column":56},"end":{"line":106,"column":58}}]},"7":{"loc":{"start":{"line":220,"column":4},"end":{"line":222,"column":5}},"type":"if","locations":[{"start":{"line":220,"column":4},"end":{"line":222,"column":5}}]},"8":{"loc":{"start":{"line":227,"column":12},"end":{"line":227,"column":49}},"type":"binary-expr","locations":[{"start":{"line":227,"column":12},"end":{"line":227,"column":37}},{"start":{"line":227,"column":41},"end":{"line":227,"column":49}}]},"9":{"loc":{"start":{"line":235,"column":26},"end":{"line":235,"column":59}},"type":"binary-expr","locations":[{"start":{"line":235,"column":26},"end":{"line":235,"column":51}},{"start":{"line":235,"column":55},"end":{"line":235,"column":59}}]},"10":{"loc":{"start":{"line":238,"column":11},"end":{"line":238,"column":74}},"type":"cond-expr","locations":[{"start":{"line":238,"column":52},"end":{"line":238,"column":69}},{"start":{"line":238,"column":72},"end":{"line":238,"column":74}}]},"11":{"loc":{"start":{"line":246,"column":11},"end":{"line":246,"column":50}},"type":"binary-expr","locations":[{"start":{"line":246,"column":11},"end":{"line":246,"column":37}},{"start":{"line":246,"column":41},"end":{"line":246,"column":50}}]},"12":{"loc":{"start":{"line":258,"column":4},"end":{"line":262,"column":5}},"type":"if","locations":[{"start":{"line":258,"column":4},"end":{"line":262,"column":5}},{"start":{"line":260,"column":11},"end":{"line":262,"column":5}}]},"13":{"loc":{"start":{"line":278,"column":24},"end":{"line":280,"column":25}},"type":"cond-expr","locations":[{"start":{"line":279,"column":8},"end":{"line":279,"column":22}},{"start":{"line":280,"column":8},"end":{"line":280,"column":25}}]},"14":{"loc":{"start":{"line":283,"column":23},"end":{"line":283,"column":63}},"type":"cond-expr","locations":[{"start":{"line":283,"column":32},"end":{"line":283,"column":58}},{"start":{"line":283,"column":61},"end":{"line":283,"column":63}}]},"15":{"loc":{"start":{"line":312,"column":0},"end":{"line":314,"column":1}},"type":"if","locations":[{"start":{"line":312,"column":0},"end":{"line":314,"column":1}}]}},"s":{"0":9,"1":781,"2":781,"3":268,"4":268,"5":268,"6":268,"7":268,"8":4,"9":4,"10":268,"11":268,"12":268,"13":15,"14":15,"15":8,"16":6,"17":9,"18":9,"19":228,"20":228,"21":216,"22":298,"23":297,"24":515,"25":53,"26":515,"27":515,"28":515,"29":26,"30":515,"31":7,"32":516,"33":10,"34":8,"35":2,"36":513,"37":513,"38":513,"39":513,"40":513,"41":513,"42":513,"43":513,"44":513,"45":9,"46":9,"47":9,"48":9},"f":{"0":781,"1":268,"2":4,"3":15,"4":15,"5":8,"6":6,"7":9,"8":228,"9":216,"10":298,"11":515,"12":53,"13":515,"14":26,"15":515,"16":7,"17":516,"18":10,"19":513},"b":{"0":[781,3],"1":[262],"2":[266],"3":[124],"4":[254,14],"5":[2,266],"6":[2,266],"7":[297],"8":[515,88],"9":[515,306],"10":[515,0],"11":[515,501],"12":[8,2],"13":[503,10],"14":[15,498],"15":[9]}}
}
