TN:
SF:src/build/orchestration/ProgressTracker.ts
FN:154,(anonymous_0)
FN:163,(anonymous_1)
FN:175,(anonymous_2)
FN:182,(anonymous_3)
FN:200,(anonymous_4)
FN:224,(anonymous_5)
FN:246,(anonymous_6)
FN:257,(anonymous_7)
FN:262,(anonymous_8)
FN:263,(anonymous_9)
FN:282,(anonymous_10)
FN:285,(anonymous_11)
FN:287,(anonymous_12)
FN:289,(anonymous_13)
FN:318,(anonymous_14)
FN:322,(anonymous_15)
FN:323,(anonymous_16)
FN:327,(anonymous_17)
FN:328,(anonymous_18)
FN:331,(anonymous_19)
FN:380,(anonymous_20)
FN:400,(anonymous_21)
FN:426,(anonymous_22)
FN:444,(anonymous_23)
FN:465,(anonymous_24)
FN:501,(anonymous_25)
FN:504,(anonymous_26)
FN:511,(anonymous_27)
FN:526,(anonymous_28)
FN:547,(anonymous_29)
FN:549,(anonymous_30)
FN:562,(anonymous_31)
FN:577,(anonymous_32)
FNF:33
FNH:32
FNDA:22,(anonymous_0)
FNDA:40,(anonymous_1)
FNDA:4,(anonymous_2)
FNDA:30,(anonymous_3)
FNDA:7,(anonymous_4)
FNDA:16,(anonymous_5)
FNDA:0,(anonymous_6)
FNDA:6,(anonymous_7)
FNDA:9,(anonymous_8)
FNDA:9,(anonymous_9)
FNDA:72,(anonymous_10)
FNDA:147,(anonymous_11)
FNDA:147,(anonymous_12)
FNDA:147,(anonymous_13)
FNDA:4,(anonymous_14)
FNDA:9,(anonymous_15)
FNDA:9,(anonymous_16)
FNDA:9,(anonymous_17)
FNDA:9,(anonymous_18)
FNDA:9,(anonymous_19)
FNDA:17,(anonymous_20)
FNDA:1,(anonymous_21)
FNDA:2,(anonymous_22)
FNDA:1,(anonymous_23)
FNDA:2,(anonymous_24)
FNDA:72,(anonymous_25)
FNDA:147,(anonymous_26)
FNDA:72,(anonymous_27)
FNDA:4,(anonymous_28)
FNDA:58,(anonymous_29)
FNDA:5,(anonymous_30)
FNDA:2,(anonymous_31)
FNDA:2,(anonymous_32)
DA:9,1
DA:145,1
DA:155,22
DA:156,22
DA:157,22
DA:158,22
DA:159,22
DA:160,22
DA:163,22
DA:164,40
DA:176,4
DA:183,30
DA:184,30
DA:185,1
DA:188,29
DA:189,29
DA:190,29
DA:191,29
DA:193,29
DA:194,29
DA:206,7
DA:207,7
DA:208,0
DA:211,7
DA:212,7
DA:213,7
DA:214,3
DA:217,7
DA:218,7
DA:225,16
DA:226,16
DA:227,0
DA:230,16
DA:231,16
DA:232,16
DA:233,16
DA:234,16
DA:235,16
DA:239,16
DA:240,16
DA:247,0
DA:248,0
DA:249,0
DA:251,0
DA:258,6
DA:261,6
DA:262,9
DA:263,9
DA:265,6
DA:266,3
DA:267,3
DA:268,3
DA:269,3
DA:270,3
DA:272,0
DA:273,0
DA:276,6
DA:283,72
DA:284,72
DA:285,147
DA:287,147
DA:288,72
DA:289,147
DA:292,72
DA:293,72
DA:294,72
DA:299,72
DA:319,4
DA:320,4
DA:322,9
DA:323,9
DA:326,4
DA:327,9
DA:328,9
DA:330,4
DA:331,9
DA:334,4
DA:338,4
DA:344,4
DA:345,2
DA:346,2
DA:347,1
DA:349,1
DA:353,4
DA:361,4
DA:381,17
DA:382,17
DA:383,17
DA:385,17
DA:386,2
DA:387,2
DA:388,2
DA:389,15
DA:390,2
DA:391,2
DA:393,13
DA:401,1
DA:403,1
DA:404,1
DA:405,1
DA:406,1
DA:408,1
DA:409,0
DA:412,1
DA:413,1
DA:415,1
DA:416,0
DA:419,1
DA:420,1
DA:424,1
DA:425,1
DA:426,1
DA:427,2
DA:428,2
DA:429,2
DA:431,2
DA:433,2
DA:434,2
DA:438,1
DA:445,1
DA:447,1
DA:448,1
DA:449,1
DA:450,1
DA:453,1
DA:455,1
DA:456,1
DA:457,1
DA:460,1
DA:461,1
DA:464,1
DA:465,1
DA:466,2
DA:467,2
DA:468,2
DA:470,2
DA:472,2
DA:473,1
DA:476,2
DA:477,0
DA:482,1
DA:483,1
DA:484,1
DA:485,1
DA:486,1
DA:487,1
DA:490,1
DA:491,1
DA:493,1
DA:502,72
DA:504,147
DA:505,72
DA:515,72
DA:517,34
DA:518,34
DA:520,34
DA:533,4
DA:535,4
DA:536,2
DA:537,2
DA:538,1
DA:540,1
DA:548,58
DA:549,58
DA:550,5
DA:551,5
DA:554,1
DA:563,2
DA:564,0
DA:565,1
DA:566,1
DA:567,0
DA:568,0
DA:569,0
DA:570,0
DA:578,2
DA:579,2
DA:580,2
LF:178
LH:162
BRDA:184,0,0,1
BRDA:184,0,1,29
BRDA:190,1,0,29
BRDA:190,1,1,28
BRDA:207,2,0,0
BRDA:207,2,1,7
BRDA:213,3,0,3
BRDA:213,3,1,4
BRDA:226,4,0,0
BRDA:226,4,1,16
BRDA:230,5,0,10
BRDA:230,5,1,6
BRDA:235,6,0,10
BRDA:235,6,1,6
BRDA:248,7,0,0
BRDA:248,7,1,0
BRDA:265,8,0,3
BRDA:265,8,1,3
BRDA:268,9,0,3
BRDA:268,9,1,0
BRDA:285,10,0,147
BRDA:285,10,1,116
BRDA:289,11,0,147
BRDA:289,11,1,96
BRDA:289,11,2,92
BRDA:319,12,0,4
BRDA:319,12,1,0
BRDA:330,13,0,4
BRDA:330,13,1,0
BRDA:334,14,0,4
BRDA:334,14,1,0
BRDA:338,15,0,4
BRDA:338,15,1,0
BRDA:344,16,0,2
BRDA:344,16,1,2
BRDA:346,17,0,1
BRDA:346,17,1,1
BRDA:385,18,0,2
BRDA:385,18,1,15
BRDA:389,19,0,2
BRDA:389,19,1,13
BRDA:408,20,0,0
BRDA:408,20,1,1
BRDA:415,21,0,0
BRDA:415,21,1,1
BRDA:419,22,0,1
BRDA:419,22,1,0
BRDA:433,23,0,2
BRDA:433,23,1,0
BRDA:453,24,0,1
BRDA:453,24,1,0
BRDA:454,25,0,0
BRDA:454,25,1,0
BRDA:467,26,0,2
BRDA:467,26,1,0
BRDA:472,27,0,1
BRDA:472,27,1,1
BRDA:476,28,0,0
BRDA:476,28,1,2
BRDA:482,29,0,1
BRDA:482,29,1,0
BRDA:502,30,0,0
BRDA:502,30,1,72
BRDA:515,31,0,38
BRDA:515,31,1,34
BRDA:535,32,0,2
BRDA:535,32,1,2
BRDA:536,33,0,2
BRDA:536,33,1,0
BRDA:537,34,0,1
BRDA:537,34,1,1
BRDA:563,35,0,0
BRDA:563,35,1,1
BRDA:563,35,2,1
BRDA:563,35,3,0
BRDA:563,35,4,0
BRDA:563,35,5,0
BRDA:563,35,6,0
BRF:78
BRH:52
end_of_record
TN:
SF:src/build/tokens/ComponentTokenGenerator.ts
FN:90,(anonymous_0)
FN:98,(anonymous_1)
FN:146,(anonymous_2)
FN:225,(anonymous_3)
FN:273,(anonymous_4)
FN:296,(anonymous_5)
FN:334,(anonymous_6)
FN:366,(anonymous_7)
FNF:8
FNH:0
FNDA:0,(anonymous_0)
FNDA:0,(anonymous_1)
FNDA:0,(anonymous_2)
FNDA:0,(anonymous_3)
FNDA:0,(anonymous_4)
FNDA:0,(anonymous_5)
FNDA:0,(anonymous_6)
FNDA:0,(anonymous_7)
DA:75,3
DA:89,3
DA:90,0
DA:100,0
DA:103,0
DA:112,0
DA:123,0
DA:125,0
DA:137,0
DA:147,0
DA:148,0
DA:149,0
DA:152,0
DA:153,0
DA:157,0
DA:158,0
DA:162,0
DA:163,0
DA:165,0
DA:166,0
DA:173,0
DA:174,0
DA:175,0
DA:179,0
DA:183,0
DA:184,0
DA:185,0
DA:189,0
DA:190,0
DA:191,0
DA:192,0
DA:193,0
DA:199,0
DA:200,0
DA:207,0
DA:210,0
DA:226,0
DA:227,0
DA:230,0
DA:235,0
DA:236,0
DA:241,0
DA:242,0
DA:243,0
DA:245,0
DA:246,0
DA:248,0
DA:249,0
DA:251,0
DA:254,0
DA:258,0
DA:274,0
DA:300,0
DA:301,0
DA:304,0
DA:305,0
DA:307,0
DA:308,0
DA:310,0
DA:311,0
DA:315,0
DA:316,0
DA:318,0
DA:319,0
DA:321,0
DA:322,0
DA:325,0
DA:336,0
DA:342,0
DA:343,0
DA:344,0
DA:348,0
DA:353,0
DA:354,0
DA:355,0
DA:356,0
DA:360,0
DA:367,0
DA:368,0
DA:371,0
DA:372,0
DA:374,0
LF:82
LH:2
BRDA:123,0,0,0
BRDA:123,0,1,0
BRDA:152,1,0,0
BRDA:152,1,1,0
BRDA:157,2,0,0
BRDA:157,2,1,0
BRDA:157,3,0,0
BRDA:157,3,1,0
BRDA:165,4,0,0
BRDA:165,4,1,0
BRDA:165,5,0,0
BRDA:165,5,1,0
BRDA:174,6,0,0
BRDA:174,6,1,0
BRDA:184,7,0,0
BRDA:184,7,1,0
BRDA:189,8,0,0
BRDA:189,8,1,0
BRDA:189,9,0,0
BRDA:189,9,1,0
BRDA:192,10,0,0
BRDA:192,10,1,0
BRDA:199,11,0,0
BRDA:199,11,1,0
BRDA:199,12,0,0
BRDA:199,12,1,0
BRDA:207,13,0,0
BRDA:207,13,1,0
BRDA:230,14,0,0
BRDA:230,14,1,0
BRDA:230,14,2,0
BRDA:235,15,0,0
BRDA:235,15,1,0
BRDA:242,16,0,0
BRDA:242,16,1,0
BRDA:245,17,0,0
BRDA:245,17,1,0
BRDA:248,18,0,0
BRDA:248,18,1,0
BRDA:254,19,0,0
BRDA:254,19,1,0
BRDA:304,20,0,0
BRDA:304,20,1,0
BRDA:307,21,0,0
BRDA:307,21,1,0
BRDA:310,22,0,0
BRDA:310,22,1,0
BRDA:315,23,0,0
BRDA:315,23,1,0
BRDA:318,24,0,0
BRDA:318,24,1,0
BRDA:318,25,0,0
BRDA:318,25,1,0
BRDA:321,26,0,0
BRDA:321,26,1,0
BRDA:321,27,0,0
BRDA:321,27,1,0
BRDA:343,28,0,0
BRDA:343,28,1,0
BRDA:355,29,0,0
BRDA:355,29,1,0
BRF:61
BRH:0
end_of_record
TN:
SF:src/build/tokens/TokenIntegrator.ts
FN:136,(anonymous_0)
FN:148,(anonymous_1)
FN:255,(anonymous_2)
FN:287,(anonymous_3)
FN:294,(anonymous_4)
FN:336,(anonymous_5)
FN:343,(anonymous_6)
FN:356,(anonymous_7)
FNF:8
FNH:0
FNDA:0,(anonymous_0)
FNDA:0,(anonymous_1)
FNDA:0,(anonymous_2)
FNDA:0,(anonymous_3)
FNDA:0,(anonymous_4)
FNDA:0,(anonymous_5)
FNDA:0,(anonymous_6)
FNDA:0,(anonymous_7)
DA:15,3
DA:16,3
DA:17,3
DA:131,3
DA:137,0
DA:138,0
DA:140,0
DA:141,0
DA:142,0
DA:149,0
DA:160,0
DA:172,0
DA:173,0
DA:174,0
DA:177,0
DA:179,0
DA:180,0
DA:182,0
DA:183,0
DA:189,0
DA:190,0
DA:192,0
DA:193,0
DA:196,0
DA:197,0
DA:202,0
DA:203,0
DA:204,0
DA:207,0
DA:209,0
DA:210,0
DA:212,0
DA:213,0
DA:215,0
DA:216,0
DA:218,0
DA:219,0
DA:223,0
DA:257,0
DA:258,0
DA:259,0
DA:260,0
DA:268,0
DA:269,0
DA:270,0
DA:272,0
DA:273,0
DA:276,0
DA:277,0
DA:288,0
DA:299,0
DA:300,0
DA:303,0
DA:304,0
DA:307,0
DA:308,0
DA:309,0
DA:311,0
DA:312,0
DA:317,0
DA:318,0
DA:322,0
DA:323,0
DA:326,0
DA:337,0
DA:343,0
DA:350,0
DA:361,0
DA:362,0
DA:369,0
DA:370,0
DA:371,0
DA:372,0
DA:373,0
DA:376,0
DA:377,0
DA:379,0
DA:380,0
DA:382,0
DA:383,0
DA:387,0
DA:388,0
DA:389,0
DA:393,0
DA:394,0
DA:395,0
DA:397,0
DA:398,0
DA:404,0
LF:89
LH:4
BRDA:177,0,0,0
BRDA:177,0,1,0
BRDA:177,0,2,0
BRDA:177,0,3,0
BRDA:177,0,4,0
BRDA:177,0,5,0
BRDA:177,0,6,0
BRDA:177,0,7,0
BRDA:177,0,8,0
BRDA:177,0,9,0
BRDA:207,1,0,0
BRDA:207,1,1,0
BRDA:207,1,2,0
BRDA:207,1,3,0
BRDA:239,2,0,0
BRDA:239,2,1,0
BRDA:239,3,0,0
BRDA:239,3,1,0
BRDA:240,4,0,0
BRDA:240,4,1,0
BRDA:240,5,0,0
BRDA:240,5,1,0
BRDA:241,6,0,0
BRDA:241,6,1,0
BRDA:241,7,0,0
BRDA:241,7,1,0
BRDA:257,8,0,0
BRDA:257,8,1,0
BRDA:257,9,0,0
BRDA:257,9,1,0
BRDA:272,10,0,0
BRDA:272,10,1,0
BRDA:287,11,0,0
BRDA:303,12,0,0
BRDA:303,12,1,0
BRDA:303,13,0,0
BRDA:303,13,1,0
BRDA:307,14,0,0
BRDA:307,14,1,0
BRDA:308,15,0,0
BRDA:308,15,1,0
BRDA:311,16,0,0
BRDA:311,16,1,0
BRDA:317,17,0,0
BRDA:317,17,1,0
BRDA:317,18,0,0
BRDA:317,18,1,0
BRDA:322,19,0,0
BRDA:322,19,1,0
BRDA:322,20,0,0
BRDA:322,20,1,0
BRDA:369,21,0,0
BRDA:369,21,1,0
BRDA:376,22,0,0
BRDA:376,22,1,0
BRDA:379,23,0,0
BRDA:379,23,1,0
BRDA:382,24,0,0
BRDA:382,24,1,0
BRDA:393,25,0,0
BRDA:393,25,1,0
BRDA:394,26,0,0
BRDA:394,26,1,0
BRDA:395,27,0,0
BRDA:395,27,1,0
BRDA:397,28,0,0
BRDA:397,28,1,0
BRDA:397,29,0,0
BRDA:397,29,1,0
BRF:69
BRH:0
end_of_record
TN:
SF:src/build/tokens/TokenSelector.ts
FN:27,(anonymous_0)
FN:39,(anonymous_1)
FN:113,(anonymous_2)
FN:149,(anonymous_3)
FN:187,(anonymous_4)
FN:223,(anonymous_5)
FN:260,(anonymous_6)
FN:274,(anonymous_7)
FN:315,(anonymous_8)
FN:332,(anonymous_9)
FN:352,(anonymous_10)
FN:375,(anonymous_11)
FNF:12
FNH:0
FNDA:0,(anonymous_0)
FNDA:0,(anonymous_1)
FNDA:0,(anonymous_2)
FNDA:0,(anonymous_3)
FNDA:0,(anonymous_4)
FNDA:0,(anonymous_5)
FNDA:0,(anonymous_6)
FNDA:0,(anonymous_7)
FNDA:0,(anonymous_8)
FNDA:0,(anonymous_9)
FNDA:0,(anonymous_10)
FNDA:0,(anonymous_11)
DA:12,3
DA:13,3
DA:26,3
DA:28,0
DA:29,0
DA:40,0
DA:43,0
DA:44,0
DA:45,0
DA:56,0
DA:57,0
DA:58,0
DA:62,0
DA:74,0
DA:77,0
DA:82,0
DA:83,0
DA:95,0
DA:118,0
DA:119,0
DA:120,0
DA:121,0
DA:126,0
DA:132,0
DA:133,0
DA:134,0
DA:140,0
DA:141,0
DA:142,0
DA:148,0
DA:149,0
DA:150,0
DA:152,0
DA:153,0
DA:154,0
DA:162,0
DA:163,0
DA:164,0
DA:165,0
DA:173,0
DA:174,0
DA:192,0
DA:193,0
DA:194,0
DA:195,0
DA:200,0
DA:206,0
DA:207,0
DA:208,0
DA:214,0
DA:215,0
DA:216,0
DA:222,0
DA:223,0
DA:224,0
DA:226,0
DA:227,0
DA:228,0
DA:236,0
DA:237,0
DA:238,0
DA:239,0
DA:247,0
DA:248,0
DA:261,0
DA:263,0
DA:264,0
DA:265,0
DA:266,0
DA:267,0
DA:269,0
DA:270,0
DA:271,0
DA:272,0
DA:273,0
DA:274,0
DA:277,0
DA:278,0
DA:279,0
DA:280,0
DA:281,0
DA:282,0
DA:283,0
DA:286,0
DA:287,0
DA:288,0
DA:289,0
DA:290,0
DA:291,0
DA:292,0
DA:295,0
DA:296,0
DA:297,0
DA:300,0
DA:301,0
DA:302,0
DA:305,0
DA:306,0
DA:307,0
DA:309,0
DA:316,0
DA:326,0
DA:333,0
DA:346,0
DA:357,0
DA:359,0
DA:360,0
DA:361,0
DA:364,0
DA:365,0
DA:369,0
DA:380,0
DA:382,0
DA:383,0
DA:384,0
DA:387,0
DA:388,0
DA:392,0
LF:118
LH:3
BRDA:39,0,0,0
BRDA:44,1,0,0
BRDA:44,1,1,0
BRDA:44,2,0,0
BRDA:44,2,1,0
BRDA:57,3,0,0
BRDA:57,3,1,0
BRDA:57,4,0,0
BRDA:57,4,1,0
BRDA:58,5,0,0
BRDA:58,5,1,0
BRDA:58,6,0,0
BRDA:58,6,1,0
BRDA:74,7,0,0
BRDA:74,7,1,0
BRDA:74,8,0,0
BRDA:74,8,1,0
BRDA:77,9,0,0
BRDA:77,9,1,0
BRDA:77,10,0,0
BRDA:77,10,1,0
BRDA:82,11,0,0
BRDA:82,11,1,0
BRDA:118,12,0,0
BRDA:118,12,1,0
BRDA:120,13,0,0
BRDA:120,13,1,0
BRDA:133,14,0,0
BRDA:133,14,1,0
BRDA:141,15,0,0
BRDA:141,15,1,0
BRDA:148,16,0,0
BRDA:148,16,1,0
BRDA:152,17,0,0
BRDA:152,17,1,0
BRDA:162,18,0,0
BRDA:162,18,1,0
BRDA:164,19,0,0
BRDA:164,19,1,0
BRDA:192,20,0,0
BRDA:192,20,1,0
BRDA:194,21,0,0
BRDA:194,21,1,0
BRDA:207,22,0,0
BRDA:207,22,1,0
BRDA:215,23,0,0
BRDA:215,23,1,0
BRDA:222,24,0,0
BRDA:222,24,1,0
BRDA:226,25,0,0
BRDA:226,25,1,0
BRDA:236,26,0,0
BRDA:236,26,1,0
BRDA:238,27,0,0
BRDA:238,27,1,0
BRDA:241,28,0,0
BRDA:241,28,1,0
BRDA:269,29,0,0
BRDA:269,29,1,0
BRDA:277,30,0,0
BRDA:277,30,1,0
BRDA:286,31,0,0
BRDA:286,31,1,0
BRDA:295,32,0,0
BRDA:295,32,1,0
BRDA:300,33,0,0
BRDA:300,33,1,0
BRDA:326,34,0,0
BRDA:326,34,1,0
BRDA:346,35,0,0
BRDA:346,35,1,0
BRDA:364,36,0,0
BRDA:364,36,1,0
BRDA:364,37,0,0
BRDA:364,37,1,0
BRDA:387,38,0,0
BRDA:387,38,1,0
BRDA:387,39,0,0
BRDA:387,39,1,0
BRF:79
BRH:0
end_of_record
TN:
SF:src/build/tokens/UnitConverter.ts
FN:58,(anonymous_0)
FN:65,(anonymous_1)
FN:97,(anonymous_2)
FN:121,(anonymous_3)
FN:151,(anonymous_4)
FN:184,(anonymous_5)
FN:241,(anonymous_6)
FN:255,(anonymous_7)
FN:261,(anonymous_8)
FN:280,(anonymous_9)
FN:298,(anonymous_10)
FNF:11
FNH:2
FNDA:4,(anonymous_0)
FNDA:0,(anonymous_1)
FNDA:0,(anonymous_2)
FNDA:0,(anonymous_3)
FNDA:0,(anonymous_4)
FNDA:0,(anonymous_5)
FNDA:0,(anonymous_6)
FNDA:0,(anonymous_7)
FNDA:0,(anonymous_8)
FNDA:1,(anonymous_9)
FNDA:0,(anonymous_10)
DA:58,3
DA:59,4
DA:60,4
DA:70,0
DA:71,0
DA:72,0
DA:74,0
DA:82,0
DA:102,0
DA:103,0
DA:105,0
DA:126,0
DA:127,0
DA:130,0
DA:134,0
DA:156,0
DA:157,0
DA:160,0
DA:162,0
DA:163,0
DA:164,0
DA:171,0
DA:191,0
DA:194,0
DA:195,0
DA:198,0
DA:199,0
DA:200,0
DA:201,0
DA:202,0
DA:203,0
DA:206,0
DA:208,0
DA:209,0
DA:216,0
DA:217,0
DA:218,0
DA:220,0
DA:221,0
DA:223,0
DA:224,0
DA:225,0
DA:226,0
DA:228,0
DA:232,0
DA:242,0
DA:243,0
DA:247,0
DA:255,0
DA:262,0
DA:263,0
DA:281,1
DA:282,1
DA:283,1
DA:286,1
DA:287,0
DA:292,1
DA:304,0
DA:306,0
DA:308,0
DA:310,0
DA:312,0
DA:320,3
LF:63
LH:9
BRDA:68,0,0,0
BRDA:100,1,0,0
BRDA:102,2,0,0
BRDA:102,2,1,0
BRDA:124,3,0,0
BRDA:126,4,0,0
BRDA:126,4,1,0
BRDA:130,5,0,0
BRDA:130,5,1,0
BRDA:154,6,0,0
BRDA:156,7,0,0
BRDA:156,7,1,0
BRDA:157,8,0,0
BRDA:157,8,1,0
BRDA:162,9,0,0
BRDA:162,9,1,0
BRDA:191,10,0,0
BRDA:191,10,1,0
BRDA:199,11,0,0
BRDA:199,11,1,0
BRDA:201,12,0,0
BRDA:201,12,1,0
BRDA:206,13,0,0
BRDA:206,13,1,0
BRDA:206,13,2,0
BRDA:208,14,0,0
BRDA:208,14,1,0
BRDA:217,15,0,0
BRDA:217,15,1,0
BRDA:220,16,0,0
BRDA:220,16,1,0
BRDA:223,17,0,0
BRDA:223,17,1,0
BRDA:224,18,0,0
BRDA:224,18,1,0
BRDA:242,19,0,0
BRDA:242,19,1,0
BRDA:286,20,0,0
BRDA:286,20,1,1
BRDA:302,21,0,0
BRDA:304,22,0,0
BRDA:304,22,1,0
BRDA:304,22,2,0
BRDA:304,22,3,0
BRF:44
BRH:1
end_of_record
TN:
SF:src/build/tokens/defineComponentTokens.ts
FN:120,isTokenWithReference
FN:162,defineComponentTokens
FNF:2
FNH:2
FNDA:38,isTokenWithReference
FNDA:4,defineComponentTokens
DA:34,3
DA:123,38
DA:162,3
DA:165,4
DA:168,4
DA:169,0
DA:172,4
DA:173,0
DA:176,4
DA:177,0
DA:180,4
DA:181,4
DA:183,4
DA:185,38
DA:187,38
DA:189,25
DA:190,25
DA:192,25
DA:193,25
DA:203,13
DA:204,13
DA:215,4
DA:217,4
LF:23
LH:20
BRDA:168,0,0,0
BRDA:168,0,1,4
BRDA:168,1,0,4
BRDA:168,1,1,4
BRDA:172,2,0,0
BRDA:172,2,1,4
BRDA:172,3,0,4
BRDA:172,3,1,4
BRDA:176,4,0,0
BRDA:176,4,1,4
BRDA:176,5,0,4
BRDA:176,5,1,4
BRDA:187,6,0,25
BRDA:187,6,1,13
BRF:14
BRH:11
end_of_record
TN:
SF:src/build/tokens/index.ts
FN:38,(anonymous_0)
FN:41,(anonymous_1)
FN:42,(anonymous_2)
FN:43,(anonymous_3)
FN:44,(anonymous_4)
FN:44,(anonymous_5)
FNF:6
FNH:1
FNDA:4,(anonymous_0)
FNDA:0,(anonymous_1)
FNDA:0,(anonymous_2)
FNDA:0,(anonymous_3)
FNDA:0,(anonymous_4)
FNDA:0,(anonymous_5)
DA:38,7
DA:41,3
DA:42,3
DA:43,3
DA:44,3
LF:5
LH:5
BRF:0
BRH:0
end_of_record
TN:
SF:src/build/types/Platform.ts
FNF:0
FNH:0
DA:27,1
LF:1
LH:1
BRF:0
BRH:0
end_of_record
TN:
SF:src/components/core/Avatar/avatar.tokens.ts
FN:207,getAvatarColorToken
FN:240,getAvatarSize
FN:261,getAvatarIconSize
FN:338,getAvatarSizeTokenReference
FN:360,getAvatarIconSizeTokenReference
FNF:5
FNH:0
FNDA:0,getAvatarColorToken
FNDA:0,getAvatarSize
FNDA:0,getAvatarIconSize
FNDA:0,getAvatarSizeTokenReference
FNDA:0,getAvatarIconSizeTokenReference
DA:55,1
DA:56,1
DA:81,1
DA:150,1
DA:207,1
DA:208,0
DA:240,1
DA:241,0
DA:261,1
DA:262,0
DA:273,1
DA:302,1
DA:338,1
DA:339,0
DA:360,1
DA:361,0
LF:16
LH:11
BRF:0
BRH:0
end_of_record
TN:
SF:src/components/core/Badge-Count-Notification/tokens.ts
FN:94,getBadgeNotificationColorToken
FNF:1
FNH:0
FNDA:0,getBadgeNotificationColorToken
DA:54,1
DA:94,1
DA:95,0
DA:107,1
LF:4
LH:3
BRF:0
BRH:0
end_of_record
TN:
SF:src/components/core/Progress-Indicator-Node-Base/types.ts
FNF:0
FNH:0
DA:60,1
DA:78,1
LF:2
LH:2
BRF:0
BRH:0
end_of_record
TN:
SF:src/components/core/Progress-Indicator-Node-Base/platforms/web/ProgressIndicatorNodeBase.web.ts
FN:55,(anonymous_1)
FN:59,(anonymous_2)
FN:64,(anonymous_3)
FN:68,(anonymous_4)
FN:83,(anonymous_5)
FN:89,(anonymous_6)
FN:97,(anonymous_7)
FN:102,(anonymous_8)
FN:110,(anonymous_9)
FN:116,(anonymous_10)
FN:123,(anonymous_11)
FN:127,(anonymous_12)
FN:135,(anonymous_13)
FN:139,(anonymous_14)
FN:161,(anonymous_15)
FN:208,(anonymous_16)
FN:216,(anonymous_17)
FNF:17
FNH:11
FNDA:1,(anonymous_1)
FNDA:13,(anonymous_2)
FNDA:13,(anonymous_3)
FNDA:32,(anonymous_4)
FNDA:13,(anonymous_5)
FNDA:0,(anonymous_6)
FNDA:13,(anonymous_7)
FNDA:0,(anonymous_8)
FNDA:13,(anonymous_9)
FNDA:0,(anonymous_10)
FNDA:13,(anonymous_11)
FNDA:0,(anonymous_12)
FNDA:13,(anonymous_13)
FNDA:0,(anonymous_14)
FNDA:13,(anonymous_15)
FNDA:1,(anonymous_16)
FNDA:0,(anonymous_17)
DA:18,1
DA:21,1
DA:27,1
DA:52,1
DA:56,1
DA:60,13
DA:61,13
DA:65,13
DA:69,32
DA:70,0
DA:84,13
DA:85,13
DA:86,13
DA:90,0
DA:98,13
DA:99,13
DA:103,0
DA:111,13
DA:112,13
DA:113,13
DA:117,0
DA:124,13
DA:128,0
DA:129,0
DA:131,0
DA:136,13
DA:140,0
DA:141,0
DA:143,0
DA:162,13
DA:163,13
DA:164,13
DA:165,13
DA:166,13
DA:170,13
DA:172,13
DA:178,13
DA:181,13
DA:182,13
DA:185,2
DA:186,11
DA:189,1
DA:190,10
DA:193,1
DA:198,13
DA:209,1
DA:216,1
DA:221,1
DA:222,1
DA:225,1
LF:50
LH:40
BRDA:69,0,0,0
BRDA:69,0,1,32
BRDA:69,1,0,32
BRDA:69,1,1,32
BRDA:86,2,0,13
BRDA:86,2,1,0
BRDA:99,3,0,13
BRDA:99,3,1,0
BRDA:99,4,0,13
BRDA:99,4,1,11
BRDA:99,4,2,3
BRDA:113,5,0,5
BRDA:113,5,1,8
BRDA:128,6,0,0
BRDA:128,6,1,0
BRDA:140,7,0,0
BRDA:140,7,1,0
BRDA:170,8,0,2
BRDA:170,8,1,11
BRDA:178,9,0,0
BRDA:178,9,1,13
BRDA:182,10,0,2
BRDA:182,10,1,11
BRDA:186,11,0,1
BRDA:186,11,1,10
BRDA:190,12,0,1
BRDA:190,12,1,9
BRDA:190,13,0,10
BRDA:190,13,1,1
BRDA:193,14,0,0
BRDA:193,14,1,1
BRDA:221,15,0,1
BRDA:221,15,1,0
BRF:33
BRH:23
end_of_record
TN:
SF:src/components/core/Progress-Pagination-Base/types.ts
FN:108,derivePaginationNodeState
FN:122,calculateVisibleWindow
FN:149,clampCurrentItem
FNF:3
FNH:3
FNDA:82,derivePaginationNodeState
FNDA:33,calculateVisibleWindow
FNDA:21,clampCurrentItem
DA:27,1
DA:38,1
DA:45,1
DA:108,1
DA:109,82
DA:122,1
DA:126,33
DA:127,14
DA:131,19
DA:132,7
DA:136,12
DA:137,4
DA:141,8
DA:149,1
DA:150,21
LF:15
LH:15
BRDA:109,0,0,18
BRDA:109,0,1,64
BRDA:126,1,0,14
BRDA:126,1,1,19
BRDA:131,2,0,7
BRDA:131,2,1,12
BRDA:136,3,0,4
BRDA:136,3,1,8
BRF:8
BRH:8
end_of_record
TN:
SF:src/components/core/Progress-Pagination-Base/platforms/web/ProgressPaginationBase.web.ts
FN:54,(anonymous_1)
FN:58,(anonymous_2)
FN:63,(anonymous_3)
FN:67,(anonymous_4)
FN:81,(anonymous_5)
FN:88,(anonymous_6)
FN:96,(anonymous_7)
FN:103,(anonymous_8)
FN:111,(anonymous_9)
FN:116,(anonymous_10)
FN:120,(anonymous_11)
FN:124,(anonymous_12)
FN:132,(anonymous_13)
FN:136,(anonymous_14)
FN:160,(anonymous_15)
FN:221,(anonymous_16)
FN:229,(anonymous_17)
FNF:17
FNH:11
FNDA:1,(anonymous_1)
FNDA:17,(anonymous_2)
FNDA:17,(anonymous_3)
FNDA:37,(anonymous_4)
FNDA:17,(anonymous_5)
FNDA:0,(anonymous_6)
FNDA:17,(anonymous_7)
FNDA:0,(anonymous_8)
FNDA:17,(anonymous_9)
FNDA:0,(anonymous_10)
FNDA:17,(anonymous_11)
FNDA:0,(anonymous_12)
FNDA:17,(anonymous_13)
FNDA:0,(anonymous_14)
FNDA:17,(anonymous_15)
FNDA:17,(anonymous_16)
FNDA:0,(anonymous_17)
DA:19,1
DA:28,1
DA:51,1
DA:55,1
DA:59,17
DA:60,17
DA:64,17
DA:68,37
DA:69,0
DA:82,17
DA:83,17
DA:84,17
DA:85,17
DA:89,0
DA:97,17
DA:98,17
DA:99,17
DA:100,17
DA:104,0
DA:112,17
DA:113,17
DA:117,0
DA:121,17
DA:125,0
DA:126,0
DA:128,0
DA:133,17
DA:137,0
DA:138,0
DA:140,0
DA:161,17
DA:162,17
DA:163,17
DA:167,17
DA:168,1
DA:169,0
DA:175,1
DA:180,1
DA:186,17
DA:190,17
DA:194,17
DA:196,17
DA:201,17
DA:205,17
DA:206,17
DA:207,79
DA:208,79
DA:211,17
DA:222,17
DA:229,17
DA:234,1
DA:235,1
DA:238,1
LF:53
LH:42
BRDA:68,0,0,0
BRDA:68,0,1,37
BRDA:68,1,0,37
BRDA:68,1,1,37
BRDA:83,2,0,0
BRDA:83,2,1,17
BRDA:85,3,0,0
BRDA:85,3,1,17
BRDA:98,4,0,0
BRDA:98,4,1,17
BRDA:100,5,0,0
BRDA:100,5,1,17
BRDA:113,6,0,2
BRDA:113,6,1,15
BRDA:113,7,0,17
BRDA:113,7,1,17
BRDA:113,7,2,16
BRDA:125,8,0,0
BRDA:125,8,1,0
BRDA:137,9,0,0
BRDA:137,9,1,0
BRDA:167,10,0,1
BRDA:167,10,1,16
BRDA:168,11,0,0
BRDA:168,11,1,1
BRDA:168,12,0,1
BRDA:168,12,1,1
BRDA:194,13,0,17
BRDA:194,13,1,16
BRDA:201,14,0,0
BRDA:201,14,1,17
BRDA:234,15,0,1
BRDA:234,15,1,0
BRF:33
BRH:21
end_of_record
TN:
SF:src/components/core/Progress-Stepper-Base/types.ts
FN:120,deriveStepperNodeState
FN:139,deriveStepperNodeContent
FN:152,deriveConnectorState
FN:164,clampCurrentStep
FN:173,filterErrorSteps
FN:174,(anonymous_5)
FNF:6
FNH:6
FNDA:91,deriveStepperNodeState
FNDA:87,deriveStepperNodeContent
FNDA:71,deriveConnectorState
FNDA:20,clampCurrentStep
FNDA:17,filterErrorSteps
FNDA:7,(anonymous_5)
DA:36,1
DA:49,1
DA:120,1
DA:125,91
DA:126,86
DA:127,54
DA:128,37
DA:139,1
DA:140,87
DA:152,1
DA:156,71
DA:164,1
DA:165,20
DA:173,1
DA:174,17
LF:15
LH:15
BRDA:125,0,0,5
BRDA:125,0,1,86
BRDA:126,1,0,32
BRDA:126,1,1,54
BRDA:127,2,0,17
BRDA:127,2,1,37
BRDA:140,3,0,31
BRDA:140,3,1,56
BRDA:156,4,0,17
BRDA:156,4,1,54
BRDA:156,5,0,71
BRDA:156,5,1,32
BRDA:174,6,0,7
BRDA:174,6,1,6
BRF:14
BRH:14
end_of_record
TN:
SF:src/components/core/Progress-Stepper-Base/platforms/web/ProgressStepperBase.web.ts
FN:60,(anonymous_1)
FN:64,(anonymous_2)
FN:69,(anonymous_3)
FN:81,(anonymous_4)
FN:95,(anonymous_5)
FN:102,(anonymous_6)
FN:110,(anonymous_7)
FN:117,(anonymous_8)
FN:125,(anonymous_9)
FN:130,(anonymous_10)
FN:139,(anonymous_11)
FN:143,(anonymous_12)
FN:144,(anonymous_13)
FN:147,(anonymous_14)
FN:151,(anonymous_15)
FN:155,(anonymous_16)
FN:163,(anonymous_17)
FN:167,(anonymous_18)
FN:193,(anonymous_19)
FN:271,(anonymous_20)
FN:279,(anonymous_21)
FNF:21
FNH:14
FNDA:1,(anonymous_1)
FNDA:17,(anonymous_2)
FNDA:17,(anonymous_3)
FNDA:40,(anonymous_4)
FNDA:16,(anonymous_5)
FNDA:0,(anonymous_6)
FNDA:16,(anonymous_7)
FNDA:0,(anonymous_8)
FNDA:16,(anonymous_9)
FNDA:0,(anonymous_10)
FNDA:16,(anonymous_11)
FNDA:2,(anonymous_12)
FNDA:2,(anonymous_13)
FNDA:0,(anonymous_14)
FNDA:16,(anonymous_15)
FNDA:0,(anonymous_16)
FNDA:16,(anonymous_17)
FNDA:0,(anonymous_18)
FNDA:16,(anonymous_19)
FNDA:16,(anonymous_20)
FNDA:0,(anonymous_21)
DA:18,1
DA:31,1
DA:57,1
DA:61,1
DA:65,17
DA:66,17
DA:71,17
DA:72,17
DA:73,1
DA:78,16
DA:82,40
DA:83,0
DA:96,16
DA:97,16
DA:98,16
DA:99,16
DA:103,0
DA:111,16
DA:112,16
DA:113,16
DA:114,16
DA:118,0
DA:126,16
DA:127,16
DA:131,0
DA:140,16
DA:141,16
DA:142,2
DA:143,2
DA:144,2
DA:148,0
DA:152,16
DA:156,0
DA:157,0
DA:159,0
DA:164,16
DA:168,0
DA:169,0
DA:171,0
DA:194,16
DA:196,16
DA:197,16
DA:198,16
DA:202,16
DA:203,1
DA:204,0
DA:210,1
DA:215,1
DA:221,16
DA:225,16
DA:229,16
DA:231,16
DA:236,16
DA:240,16
DA:241,16
DA:242,83
DA:245,16
DA:246,16
DA:247,83
DA:248,83
DA:251,83
DA:255,83
DA:256,67
DA:257,67
DA:261,16
DA:272,16
DA:279,16
DA:284,1
DA:285,1
DA:288,1
LF:70
LH:58
BRDA:72,0,0,1
BRDA:72,0,1,16
BRDA:82,1,0,0
BRDA:82,1,1,40
BRDA:82,2,0,40
BRDA:82,2,1,40
BRDA:97,3,0,0
BRDA:97,3,1,16
BRDA:99,4,0,0
BRDA:99,4,1,16
BRDA:112,5,0,0
BRDA:112,5,1,16
BRDA:114,6,0,0
BRDA:114,6,1,16
BRDA:127,7,0,2
BRDA:127,7,1,14
BRDA:127,8,0,16
BRDA:127,8,1,15
BRDA:141,9,0,14
BRDA:141,9,1,2
BRDA:156,10,0,0
BRDA:156,10,1,0
BRDA:168,11,0,0
BRDA:168,11,1,0
BRDA:202,12,0,1
BRDA:202,12,1,15
BRDA:203,13,0,0
BRDA:203,13,1,1
BRDA:203,14,0,1
BRDA:203,14,1,1
BRDA:229,15,0,16
BRDA:229,15,1,15
BRDA:236,16,0,0
BRDA:236,16,1,16
BRDA:255,17,0,67
BRDA:255,17,1,16
BRDA:284,18,0,1
BRDA:284,18,1,0
BRF:38
BRH:26
end_of_record
TN:
SF:src/components/core/Progress-Stepper-Detailed/types.ts
FN:136,deriveStepperDetailedNodeState
FN:157,deriveStepperDetailedNodeContent
FN:172,deriveDetailedConnectorState
FN:184,clampDetailedCurrentStep
FN:193,filterDetailedErrorSteps
FN:194,(anonymous_5)
FNF:6
FNH:6
FNDA:76,deriveStepperDetailedNodeState
FNDA:77,deriveStepperDetailedNodeContent
FNDA:103,deriveDetailedConnectorState
FNDA:22,clampDetailedCurrentStep
FNDA:20,filterDetailedErrorSteps
FNDA:7,(anonymous_5)
DA:54,1
DA:67,1
DA:136,1
DA:141,76
DA:142,71
DA:143,57
DA:144,37
DA:157,1
DA:161,77
DA:162,63
DA:163,49
DA:172,1
DA:176,103
DA:184,1
DA:185,22
DA:193,1
DA:194,20
LF:17
LH:17
BRDA:141,0,0,5
BRDA:141,0,1,71
BRDA:142,1,0,14
BRDA:142,1,1,57
BRDA:143,2,0,20
BRDA:143,2,1,37
BRDA:161,3,0,14
BRDA:161,3,1,63
BRDA:162,4,0,14
BRDA:162,4,1,49
BRDA:176,5,0,9
BRDA:176,5,1,94
BRDA:176,6,0,103
BRDA:176,6,1,26
BRDA:194,7,0,7
BRDA:194,7,1,6
BRF:16
BRH:16
end_of_record
TN:
SF:src/components/core/Progress-Stepper-Detailed/platforms/web/ProgressStepperDetailed.web.ts
FN:66,(anonymous_1)
FN:70,(anonymous_2)
FN:75,(anonymous_3)
FN:87,(anonymous_4)
FN:101,(anonymous_5)
FN:112,(anonymous_6)
FN:120,(anonymous_7)
FN:127,(anonymous_8)
FN:135,(anonymous_9)
FN:140,(anonymous_10)
FN:148,(anonymous_11)
FN:152,(anonymous_12)
FN:153,(anonymous_13)
FN:156,(anonymous_14)
FN:160,(anonymous_15)
FN:164,(anonymous_16)
FN:172,(anonymous_17)
FN:176,(anonymous_18)
FN:203,(anonymous_19)
FN:319,(anonymous_20)
FN:327,(anonymous_21)
FNF:21
FNH:14
FNDA:1,(anonymous_1)
FNDA:20,(anonymous_2)
FNDA:20,(anonymous_3)
FNDA:45,(anonymous_4)
FNDA:19,(anonymous_5)
FNDA:0,(anonymous_6)
FNDA:19,(anonymous_7)
FNDA:0,(anonymous_8)
FNDA:19,(anonymous_9)
FNDA:0,(anonymous_10)
FNDA:19,(anonymous_11)
FNDA:2,(anonymous_12)
FNDA:2,(anonymous_13)
FNDA:0,(anonymous_14)
FNDA:19,(anonymous_15)
FNDA:0,(anonymous_16)
FNDA:19,(anonymous_17)
FNDA:0,(anonymous_18)
FNDA:19,(anonymous_19)
FNDA:173,(anonymous_20)
FNDA:0,(anonymous_21)
DA:19,1
DA:33,1
DA:63,1
DA:67,1
DA:71,20
DA:72,20
DA:77,20
DA:78,20
DA:79,1
DA:84,19
DA:88,45
DA:89,0
DA:102,19
DA:103,19
DA:104,19
DA:105,19
DA:106,19
DA:108,0
DA:113,0
DA:121,19
DA:122,19
DA:123,19
DA:124,19
DA:128,0
DA:136,19
DA:137,19
DA:141,0
DA:149,19
DA:150,19
DA:151,2
DA:152,2
DA:153,2
DA:157,0
DA:161,19
DA:165,0
DA:166,0
DA:168,0
DA:173,19
DA:177,0
DA:178,0
DA:180,0
DA:204,19
DA:206,19
DA:207,19
DA:208,19
DA:209,19
DA:213,19
DA:214,1
DA:215,0
DA:221,1
DA:226,1
DA:230,19
DA:234,19
DA:238,19
DA:242,19
DA:244,19
DA:249,19
DA:253,19
DA:254,19
DA:255,69
DA:259,19
DA:260,19
DA:261,69
DA:262,69
DA:263,69
DA:264,69
DA:268,69
DA:269,69
DA:270,2
DA:272,69
DA:273,4
DA:277,69
DA:280,69
DA:281,50
DA:282,50
DA:284,19
DA:288,69
DA:291,69
DA:292,50
DA:293,50
DA:295,19
DA:300,69
DA:301,69
DA:303,69
DA:304,69
DA:305,69
DA:306,69
DA:309,19
DA:320,173
DA:327,173
DA:332,1
DA:333,1
DA:336,1
LF:93
LH:80
BRDA:78,0,0,1
BRDA:78,0,1,19
BRDA:88,1,0,0
BRDA:88,1,1,45
BRDA:88,2,0,45
BRDA:88,2,1,45
BRDA:103,3,0,0
BRDA:103,3,1,19
BRDA:106,4,0,19
BRDA:106,4,1,0
BRDA:122,5,0,0
BRDA:122,5,1,19
BRDA:124,6,0,0
BRDA:124,6,1,19
BRDA:137,7,0,1
BRDA:137,7,1,18
BRDA:137,8,0,19
BRDA:137,8,1,19
BRDA:150,9,0,17
BRDA:150,9,1,2
BRDA:165,10,0,0
BRDA:165,10,1,0
BRDA:177,11,0,0
BRDA:177,11,1,0
BRDA:213,12,0,1
BRDA:213,12,1,18
BRDA:214,13,0,0
BRDA:214,13,1,1
BRDA:214,14,0,1
BRDA:214,14,1,1
BRDA:242,15,0,19
BRDA:242,15,1,18
BRDA:249,16,0,0
BRDA:249,16,1,19
BRDA:264,17,0,11
BRDA:264,17,1,58
BRDA:264,18,0,69
BRDA:264,18,1,11
BRDA:269,19,0,2
BRDA:269,19,1,67
BRDA:272,20,0,4
BRDA:272,20,1,65
BRDA:280,21,0,50
BRDA:280,21,1,19
BRDA:291,22,0,50
BRDA:291,22,1,19
BRDA:300,23,0,5
BRDA:300,23,1,64
BRDA:301,24,0,4
BRDA:301,24,1,65
BRDA:332,25,0,1
BRDA:332,25,1,0
BRF:52
BRH:40
end_of_record
TN:
SF:src/constants/StrategicFlexibilityTokens.ts
FN:89,isStrategicFlexibilityValue
FN:96,getStrategicFlexibilityToken
FN:97,(anonymous_2)
FNF:3
FNH:0
FNDA:0,isStrategicFlexibilityValue
FNDA:0,getStrategicFlexibilityToken
FNDA:0,(anonymous_2)
DA:17,3
DA:24,3
DA:89,3
DA:90,0
DA:96,3
DA:97,0
LF:6
LH:4
BRF:0
BRH:0
end_of_record
TN:
SF:src/generators/BlendUtilityGenerator.ts
FN:44,(anonymous_0)
FN:183,(anonymous_1)
FN:325,(anonymous_2)
FN:468,(anonymous_3)
FN:580,(anonymous_4)
FN:730,(anonymous_5)
FNF:6
FNH:0
FNDA:0,(anonymous_0)
FNDA:0,(anonymous_1)
FNDA:0,(anonymous_2)
FNDA:0,(anonymous_3)
FNDA:0,(anonymous_4)
FNDA:0,(anonymous_5)
DA:31,1
DA:45,0
DA:46,0
DA:48,0
DA:49,0
DA:50,0
DA:51,0
DA:52,0
DA:53,0
DA:54,0
DA:55,0
DA:56,0
DA:57,0
DA:58,0
DA:59,0
DA:60,0
DA:61,0
DA:62,0
DA:66,0
DA:67,0
DA:68,0
DA:72,0
DA:73,0
DA:74,0
DA:75,0
DA:76,0
DA:77,0
DA:78,0
DA:79,0
DA:80,0
DA:81,0
DA:82,0
DA:83,0
DA:85,0
DA:86,0
DA:87,0
DA:88,0
DA:89,0
DA:90,0
DA:91,0
DA:92,0
DA:93,0
DA:94,0
DA:95,0
DA:98,0
DA:99,0
DA:100,0
DA:101,0
DA:102,0
DA:103,0
DA:104,0
DA:105,0
DA:106,0
DA:107,0
DA:108,0
DA:109,0
DA:111,0
DA:112,0
DA:113,0
DA:114,0
DA:115,0
DA:116,0
DA:117,0
DA:118,0
DA:119,0
DA:120,0
DA:121,0
DA:124,0
DA:125,0
DA:126,0
DA:127,0
DA:128,0
DA:129,0
DA:130,0
DA:131,0
DA:132,0
DA:133,0
DA:134,0
DA:135,0
DA:137,0
DA:138,0
DA:139,0
DA:140,0
DA:141,0
DA:142,0
DA:143,0
DA:144,0
DA:147,0
DA:148,0
DA:149,0
DA:150,0
DA:151,0
DA:152,0
DA:153,0
DA:154,0
DA:155,0
DA:156,0
DA:157,0
DA:158,0
DA:160,0
DA:161,0
DA:162,0
DA:163,0
DA:164,0
DA:165,0
DA:166,0
DA:168,0
DA:184,0
DA:185,0
DA:187,0
DA:188,0
DA:189,0
DA:190,0
DA:191,0
DA:192,0
DA:193,0
DA:194,0
DA:195,0
DA:196,0
DA:197,0
DA:198,0
DA:199,0
DA:200,0
DA:203,0
DA:204,0
DA:207,0
DA:208,0
DA:209,0
DA:213,0
DA:214,0
DA:217,0
DA:218,0
DA:219,0
DA:220,0
DA:221,0
DA:222,0
DA:223,0
DA:224,0
DA:225,0
DA:226,0
DA:227,0
DA:229,0
DA:230,0
DA:231,0
DA:232,0
DA:233,0
DA:234,0
DA:235,0
DA:236,0
DA:237,0
DA:238,0
DA:239,0
DA:242,0
DA:243,0
DA:244,0
DA:245,0
DA:246,0
DA:247,0
DA:248,0
DA:249,0
DA:250,0
DA:251,0
DA:252,0
DA:254,0
DA:255,0
DA:256,0
DA:257,0
DA:258,0
DA:259,0
DA:260,0
DA:261,0
DA:262,0
DA:263,0
DA:264,0
DA:267,0
DA:268,0
DA:269,0
DA:270,0
DA:271,0
DA:272,0
DA:273,0
DA:274,0
DA:275,0
DA:276,0
DA:277,0
DA:279,0
DA:280,0
DA:281,0
DA:282,0
DA:283,0
DA:284,0
DA:285,0
DA:286,0
DA:289,0
DA:290,0
DA:291,0
DA:292,0
DA:293,0
DA:294,0
DA:295,0
DA:296,0
DA:297,0
DA:298,0
DA:299,0
DA:301,0
DA:302,0
DA:303,0
DA:304,0
DA:305,0
DA:306,0
DA:307,0
DA:308,0
DA:310,0
DA:326,0
DA:327,0
DA:329,0
DA:330,0
DA:331,0
DA:332,0
DA:333,0
DA:334,0
DA:335,0
DA:336,0
DA:337,0
DA:338,0
DA:339,0
DA:340,0
DA:341,0
DA:342,0
DA:343,0
DA:346,0
DA:347,0
DA:348,0
DA:349,0
DA:350,0
DA:351,0
DA:352,0
DA:355,0
DA:356,0
DA:357,0
DA:361,0
DA:362,0
DA:363,0
DA:364,0
DA:365,0
DA:366,0
DA:367,0
DA:368,0
DA:369,0
DA:370,0
DA:371,0
DA:372,0
DA:373,0
DA:375,0
DA:376,0
DA:377,0
DA:378,0
DA:379,0
DA:380,0
DA:381,0
DA:382,0
DA:383,0
DA:384,0
DA:385,0
DA:388,0
DA:389,0
DA:390,0
DA:391,0
DA:392,0
DA:393,0
DA:394,0
DA:395,0
DA:396,0
DA:397,0
DA:398,0
DA:399,0
DA:400,0
DA:402,0
DA:403,0
DA:404,0
DA:405,0
DA:406,0
DA:407,0
DA:408,0
DA:409,0
DA:410,0
DA:411,0
DA:412,0
DA:415,0
DA:416,0
DA:417,0
DA:418,0
DA:419,0
DA:420,0
DA:421,0
DA:422,0
DA:423,0
DA:424,0
DA:425,0
DA:426,0
DA:427,0
DA:429,0
DA:430,0
DA:431,0
DA:432,0
DA:433,0
DA:434,0
DA:435,0
DA:438,0
DA:439,0
DA:440,0
DA:441,0
DA:442,0
DA:443,0
DA:444,0
DA:445,0
DA:446,0
DA:447,0
DA:448,0
DA:449,0
DA:450,0
DA:452,0
DA:453,0
DA:454,0
DA:455,0
DA:456,0
DA:457,0
DA:459,0
DA:469,0
DA:471,0
DA:472,0
DA:473,0
DA:474,0
DA:478,0
DA:479,0
DA:480,0
DA:481,0
DA:482,0
DA:483,0
DA:484,0
DA:485,0
DA:486,0
DA:487,0
DA:488,0
DA:489,0
DA:490,0
DA:491,0
DA:492,0
DA:493,0
DA:494,0
DA:495,0
DA:496,0
DA:497,0
DA:498,0
DA:499,0
DA:500,0
DA:501,0
DA:502,0
DA:503,0
DA:504,0
DA:505,0
DA:506,0
DA:507,0
DA:508,0
DA:509,0
DA:510,0
DA:511,0
DA:512,0
DA:513,0
DA:514,0
DA:515,0
DA:516,0
DA:517,0
DA:518,0
DA:521,0
DA:522,0
DA:523,0
DA:524,0
DA:525,0
DA:526,0
DA:527,0
DA:528,0
DA:529,0
DA:530,0
DA:531,0
DA:532,0
DA:533,0
DA:534,0
DA:535,0
DA:536,0
DA:537,0
DA:538,0
DA:539,0
DA:540,0
DA:541,0
DA:542,0
DA:543,0
DA:544,0
DA:545,0
DA:546,0
DA:547,0
DA:548,0
DA:549,0
DA:550,0
DA:551,0
DA:552,0
DA:553,0
DA:554,0
DA:555,0
DA:556,0
DA:557,0
DA:558,0
DA:559,0
DA:560,0
DA:563,0
DA:564,0
DA:565,0
DA:566,0
DA:567,0
DA:568,0
DA:569,0
DA:571,0
DA:581,0
DA:583,0
DA:584,0
DA:585,0
DA:586,0
DA:590,0
DA:591,0
DA:592,0
DA:593,0
DA:594,0
DA:595,0
DA:596,0
DA:597,0
DA:598,0
DA:599,0
DA:600,0
DA:601,0
DA:602,0
DA:603,0
DA:604,0
DA:605,0
DA:606,0
DA:607,0
DA:608,0
DA:609,0
DA:610,0
DA:611,0
DA:612,0
DA:613,0
DA:614,0
DA:615,0
DA:616,0
DA:617,0
DA:618,0
DA:619,0
DA:620,0
DA:621,0
DA:622,0
DA:623,0
DA:624,0
DA:625,0
DA:626,0
DA:627,0
DA:628,0
DA:629,0
DA:630,0
DA:633,0
DA:634,0
DA:635,0
DA:636,0
DA:637,0
DA:638,0
DA:639,0
DA:640,0
DA:641,0
DA:642,0
DA:643,0
DA:644,0
DA:645,0
DA:646,0
DA:647,0
DA:648,0
DA:649,0
DA:650,0
DA:651,0
DA:652,0
DA:653,0
DA:654,0
DA:655,0
DA:656,0
DA:657,0
DA:658,0
DA:659,0
DA:660,0
DA:661,0
DA:662,0
DA:663,0
DA:664,0
DA:665,0
DA:666,0
DA:667,0
DA:668,0
DA:669,0
DA:670,0
DA:671,0
DA:672,0
DA:673,0
DA:674,0
DA:677,0
DA:678,0
DA:679,0
DA:680,0
DA:681,0
DA:682,0
DA:683,0
DA:684,0
DA:685,0
DA:686,0
DA:687,0
DA:688,0
DA:689,0
DA:690,0
DA:691,0
DA:692,0
DA:693,0
DA:694,0
DA:695,0
DA:696,0
DA:697,0
DA:698,0
DA:699,0
DA:700,0
DA:701,0
DA:702,0
DA:703,0
DA:704,0
DA:705,0
DA:706,0
DA:707,0
DA:708,0
DA:709,0
DA:710,0
DA:711,0
DA:712,0
DA:713,0
DA:714,0
DA:715,0
DA:716,0
DA:717,0
DA:718,0
DA:719,0
DA:721,0
DA:731,0
DA:733,0
DA:734,0
DA:735,0
DA:736,0
DA:740,0
DA:741,0
DA:742,0
DA:743,0
DA:744,0
DA:745,0
DA:748,0
DA:749,0
DA:750,0
DA:751,0
DA:752,0
DA:753,0
DA:756,0
DA:757,0
DA:758,0
DA:759,0
DA:760,0
DA:761,0
DA:762,0
DA:763,0
DA:764,0
DA:765,0
DA:766,0
DA:767,0
DA:768,0
DA:769,0
DA:770,0
DA:773,0
DA:774,0
DA:775,0
DA:776,0
DA:777,0
DA:778,0
DA:779,0
DA:780,0
DA:783,0
DA:784,0
DA:785,0
DA:786,0
DA:787,0
DA:788,0
DA:789,0
DA:790,0
DA:791,0
DA:792,0
DA:793,0
DA:794,0
DA:795,0
DA:796,0
DA:797,0
DA:798,0
DA:799,0
DA:800,0
DA:801,0
DA:802,0
DA:803,0
DA:804,0
DA:805,0
DA:806,0
DA:807,0
DA:808,0
DA:809,0
DA:810,0
DA:811,0
DA:812,0
DA:813,0
DA:816,0
DA:817,0
DA:818,0
DA:819,0
DA:820,0
DA:821,0
DA:822,0
DA:823,0
DA:824,0
DA:825,0
DA:826,0
DA:827,0
DA:828,0
DA:829,0
DA:830,0
DA:831,0
DA:832,0
DA:833,0
DA:834,0
DA:835,0
DA:836,0
DA:837,0
DA:838,0
DA:839,0
DA:840,0
DA:841,0
DA:842,0
DA:843,0
DA:845,0
LF:654
LH:1
BRDA:44,0,0,0
BRDA:45,1,0,0
BRDA:45,2,0,0
BRDA:48,3,0,0
BRDA:48,3,1,0
BRDA:66,4,0,0
BRDA:66,4,1,0
BRDA:72,5,0,0
BRDA:72,5,1,0
BRDA:98,6,0,0
BRDA:98,6,1,0
BRDA:124,7,0,0
BRDA:124,7,1,0
BRDA:147,8,0,0
BRDA:147,8,1,0
BRDA:183,9,0,0
BRDA:184,10,0,0
BRDA:184,11,0,0
BRDA:187,12,0,0
BRDA:187,12,1,0
BRDA:207,13,0,0
BRDA:207,13,1,0
BRDA:217,14,0,0
BRDA:217,14,1,0
BRDA:242,15,0,0
BRDA:242,15,1,0
BRDA:267,16,0,0
BRDA:267,16,1,0
BRDA:289,17,0,0
BRDA:289,17,1,0
BRDA:325,18,0,0
BRDA:326,19,0,0
BRDA:326,20,0,0
BRDA:329,21,0,0
BRDA:329,21,1,0
BRDA:355,22,0,0
BRDA:355,22,1,0
BRDA:361,23,0,0
BRDA:361,23,1,0
BRDA:388,24,0,0
BRDA:388,24,1,0
BRDA:415,25,0,0
BRDA:415,25,1,0
BRDA:438,26,0,0
BRDA:438,26,1,0
BRDA:471,27,0,0
BRDA:471,27,1,0
BRDA:583,28,0,0
BRDA:583,28,1,0
BRDA:733,29,0,0
BRDA:733,29,1,0
BRF:51
BRH:0
end_of_record
TN:
SF:src/generators/TokenFileGenerator.ts
FN:77,(anonymous_0)
FN:87,(anonymous_1)
FN:101,(anonymous_2)
FN:117,(anonymous_3)
FN:194,(anonymous_4)
FN:219,(anonymous_5)
FN:244,(anonymous_6)
FN:319,(anonymous_7)
FN:398,(anonymous_8)
FN:468,(anonymous_9)
FN:471,(anonymous_10)
FN:481,(anonymous_11)
FN:499,(anonymous_12)
FN:507,(anonymous_13)
FN:515,(anonymous_14)
FN:534,(anonymous_15)
FN:549,(anonymous_16)
FN:556,(anonymous_17)
FN:565,(anonymous_18)
FN:580,(anonymous_19)
FN:598,(anonymous_20)
FN:622,(anonymous_21)
FN:646,(anonymous_22)
FN:671,(anonymous_23)
FN:674,(anonymous_24)
FN:693,(anonymous_25)
FN:702,(anonymous_26)
FN:717,(anonymous_27)
FN:724,(anonymous_28)
FN:743,(anonymous_29)
FN:817,(anonymous_30)
FN:873,(anonymous_31)
FN:921,(anonymous_32)
FN:962,(anonymous_33)
FN:979,(anonymous_34)
FN:999,(anonymous_35)
FN:1067,(anonymous_36)
FN:1084,(anonymous_37)
FN:1104,(anonymous_38)
FN:1172,(anonymous_39)
FN:1189,(anonymous_40)
FN:1209,(anonymous_41)
FN:1277,(anonymous_42)
FN:1279,(anonymous_43)
FN:1293,(anonymous_44)
FN:1302,(anonymous_45)
FN:1304,(anonymous_46)
FN:1329,(anonymous_47)
FN:1339,(anonymous_48)
FN:1349,(anonymous_49)
FN:1358,(anonymous_50)
FN:1368,(anonymous_51)
FN:1373,(anonymous_52)
FN:1390,(anonymous_53)
FN:1391,(anonymous_54)
FN:1451,(anonymous_55)
FN:1456,(anonymous_56)
FN:1458,(anonymous_57)
FN:1471,(anonymous_58)
FN:1485,(anonymous_59)
FNF:60
FNH:20
FNDA:1,(anonymous_0)
FNDA:0,(anonymous_1)
FNDA:0,(anonymous_2)
FNDA:0,(anonymous_3)
FNDA:1,(anonymous_4)
FNDA:1,(anonymous_5)
FNDA:1,(anonymous_6)
FNDA:1,(anonymous_7)
FNDA:1,(anonymous_8)
FNDA:18,(anonymous_9)
FNDA:68,(anonymous_10)
FNDA:18,(anonymous_11)
FNDA:18,(anonymous_12)
FNDA:50,(anonymous_13)
FNDA:18,(anonymous_14)
FNDA:18,(anonymous_15)
FNDA:18,(anonymous_16)
FNDA:50,(anonymous_17)
FNDA:18,(anonymous_18)
FNDA:22,(anonymous_19)
FNDA:1,(anonymous_20)
FNDA:1,(anonymous_21)
FNDA:1,(anonymous_22)
FNDA:0,(anonymous_23)
FNDA:0,(anonymous_24)
FNDA:0,(anonymous_25)
FNDA:0,(anonymous_26)
FNDA:0,(anonymous_27)
FNDA:0,(anonymous_28)
FNDA:0,(anonymous_29)
FNDA:0,(anonymous_30)
FNDA:0,(anonymous_31)
FNDA:0,(anonymous_32)
FNDA:0,(anonymous_33)
FNDA:0,(anonymous_34)
FNDA:0,(anonymous_35)
FNDA:0,(anonymous_36)
FNDA:0,(anonymous_37)
FNDA:0,(anonymous_38)
FNDA:0,(anonymous_39)
FNDA:0,(anonymous_40)
FNDA:0,(anonymous_41)
FNDA:0,(anonymous_42)
FNDA:0,(anonymous_43)
FNDA:0,(anonymous_44)
FNDA:0,(anonymous_45)
FNDA:0,(anonymous_46)
FNDA:0,(anonymous_47)
FNDA:0,(anonymous_48)
FNDA:0,(anonymous_49)
FNDA:0,(anonymous_50)
FNDA:0,(anonymous_51)
FNDA:0,(anonymous_52)
FNDA:0,(anonymous_53)
FNDA:0,(anonymous_54)
FNDA:0,(anonymous_55)
FNDA:0,(anonymous_56)
FNDA:0,(anonymous_57)
FNDA:0,(anonymous_58)
FNDA:0,(anonymous_59)
DA:13,1
DA:14,1
DA:15,1
DA:17,1
DA:18,1
DA:19,1
DA:20,1
DA:71,1
DA:78,1
DA:79,1
DA:80,1
DA:81,1
DA:88,0
DA:90,0
DA:91,0
DA:92,0
DA:94,0
DA:102,0
DA:103,0
DA:105,0
DA:118,0
DA:119,0
DA:120,0
DA:123,0
DA:124,0
DA:125,0
DA:132,0
DA:142,0
DA:143,0
DA:144,0
DA:151,0
DA:161,0
DA:162,0
DA:163,0
DA:170,0
DA:179,0
DA:195,1
DA:196,1
DA:199,1
DA:202,1
DA:203,1
DA:206,1
DA:207,1
DA:208,1
DA:210,1
DA:220,1
DA:222,1
DA:223,18
DA:224,2
DA:226,18
DA:229,1
DA:250,1
DA:251,1
DA:252,1
DA:255,1
DA:256,1
DA:257,1
DA:258,1
DA:259,1
DA:260,1
DA:261,1
DA:262,1
DA:263,1
DA:264,1
DA:265,1
DA:268,1
DA:270,1
DA:271,2
DA:273,2
DA:274,2
DA:275,2
DA:278,2
DA:279,18
DA:280,18
DA:282,18
DA:283,18
DA:286,18
DA:287,18
DA:291,1
DA:293,1
DA:294,1
DA:296,1
DA:325,1
DA:326,1
DA:327,1
DA:330,1
DA:331,1
DA:332,1
DA:333,1
DA:334,1
DA:335,1
DA:336,1
DA:337,1
DA:338,1
DA:339,1
DA:340,1
DA:341,1
DA:344,1
DA:346,1
DA:347,2
DA:348,2
DA:350,2
DA:351,2
DA:353,2
DA:355,2
DA:356,18
DA:357,18
DA:358,18
DA:360,18
DA:361,18
DA:364,18
DA:365,18
DA:368,2
DA:369,2
DA:372,1
DA:373,1
DA:375,1
DA:404,1
DA:405,1
DA:406,1
DA:409,1
DA:410,1
DA:411,1
DA:412,1
DA:413,1
DA:414,1
DA:415,1
DA:416,1
DA:417,1
DA:418,1
DA:419,1
DA:420,1
DA:423,1
DA:425,1
DA:426,2
DA:427,2
DA:429,2
DA:430,2
DA:432,2
DA:434,2
DA:435,18
DA:436,18
DA:438,18
DA:439,18
DA:442,18
DA:443,18
DA:446,2
DA:447,2
DA:450,1
DA:451,1
DA:453,1
DA:470,18
DA:471,18
DA:472,68
DA:474,18
DA:482,18
DA:485,11
DA:489,11
DA:492,7
DA:501,18
DA:503,18
DA:504,18
DA:505,0
DA:507,18
DA:508,50
DA:516,18
DA:522,18
DA:524,0
DA:526,0
DA:535,18
DA:538,11
DA:539,11
DA:542,7
DA:551,18
DA:552,18
DA:553,18
DA:554,0
DA:556,18
DA:557,50
DA:566,18
DA:569,11
DA:570,11
DA:573,7
DA:581,22
DA:592,22
DA:599,1
DA:602,1
DA:603,0
DA:607,1
DA:608,1
DA:609,1
DA:610,0
DA:613,1
DA:623,1
DA:626,1
DA:627,0
DA:631,1
DA:632,1
DA:633,1
DA:634,0
DA:637,1
DA:647,1
DA:650,1
DA:651,0
DA:655,1
DA:656,1
DA:657,1
DA:658,0
DA:661,1
DA:673,0
DA:674,0
DA:675,0
DA:679,0
DA:680,0
DA:683,0
DA:684,0
DA:686,0
DA:695,0
DA:698,0
DA:701,0
DA:702,0
DA:703,0
DA:707,0
DA:708,0
DA:710,0
DA:719,0
DA:720,0
DA:723,0
DA:724,0
DA:725,0
DA:729,0
DA:730,0
DA:732,0
DA:747,0
DA:752,0
DA:754,0
DA:755,0
DA:757,0
DA:758,0
DA:760,0
DA:761,0
DA:763,0
DA:767,0
DA:769,0
DA:770,0
DA:775,0
DA:776,0
DA:777,0
DA:778,0
DA:780,0
DA:788,0
DA:789,0
DA:790,0
DA:796,0
DA:798,0
DA:801,0
DA:805,0
DA:823,0
DA:824,0
DA:826,0
DA:827,0
DA:828,0
DA:832,0
DA:833,0
DA:834,0
DA:837,0
DA:839,0
DA:840,0
DA:841,0
DA:846,0
DA:847,0
DA:849,0
DA:850,0
DA:854,0
DA:857,0
DA:874,0
DA:877,0
DA:878,0
DA:879,0
DA:884,0
DA:886,0
DA:887,0
DA:889,0
DA:890,0
DA:892,0
DA:893,0
DA:895,0
DA:899,0
DA:900,0
DA:901,0
DA:903,0
DA:904,0
DA:905,0
DA:908,0
DA:909,0
DA:911,0
DA:922,0
DA:925,0
DA:927,0
DA:929,0
DA:931,0
DA:934,0
DA:935,0
DA:939,0
DA:940,0
DA:941,0
DA:942,0
DA:943,0
DA:946,0
DA:948,0
DA:950,0
DA:952,0
DA:956,0
DA:968,0
DA:970,0
DA:975,0
DA:976,0
DA:979,0
DA:980,0
DA:983,0
DA:984,0
DA:987,0
DA:990,0
DA:991,0
DA:994,0
DA:996,0
DA:998,0
DA:999,0
DA:1001,0
DA:1002,0
DA:1005,0
DA:1006,0
DA:1007,0
DA:1009,0
DA:1014,0
DA:1015,0
DA:1020,0
DA:1021,0
DA:1025,0
DA:1026,0
DA:1027,0
DA:1030,0
DA:1031,0
DA:1032,0
DA:1034,0
DA:1035,0
DA:1036,0
DA:1039,0
DA:1040,0
DA:1041,0
DA:1043,0
DA:1044,0
DA:1045,0
DA:1048,0
DA:1050,0
DA:1051,0
DA:1053,0
DA:1073,0
DA:1075,0
DA:1080,0
DA:1081,0
DA:1084,0
DA:1085,0
DA:1088,0
DA:1089,0
DA:1092,0
DA:1095,0
DA:1096,0
DA:1099,0
DA:1101,0
DA:1103,0
DA:1104,0
DA:1106,0
DA:1107,0
DA:1110,0
DA:1111,0
DA:1112,0
DA:1114,0
DA:1119,0
DA:1120,0
DA:1125,0
DA:1126,0
DA:1130,0
DA:1131,0
DA:1132,0
DA:1135,0
DA:1136,0
DA:1137,0
DA:1139,0
DA:1140,0
DA:1141,0
DA:1144,0
DA:1145,0
DA:1146,0
DA:1148,0
DA:1149,0
DA:1150,0
DA:1153,0
DA:1155,0
DA:1156,0
DA:1158,0
DA:1178,0
DA:1180,0
DA:1185,0
DA:1186,0
DA:1189,0
DA:1190,0
DA:1193,0
DA:1194,0
DA:1197,0
DA:1200,0
DA:1201,0
DA:1204,0
DA:1206,0
DA:1208,0
DA:1209,0
DA:1211,0
DA:1212,0
DA:1215,0
DA:1216,0
DA:1217,0
DA:1219,0
DA:1224,0
DA:1225,0
DA:1230,0
DA:1231,0
DA:1235,0
DA:1236,0
DA:1237,0
DA:1240,0
DA:1241,0
DA:1242,0
DA:1244,0
DA:1245,0
DA:1246,0
DA:1249,0
DA:1250,0
DA:1251,0
DA:1253,0
DA:1254,0
DA:1255,0
DA:1258,0
DA:1260,0
DA:1261,0
DA:1263,0
DA:1278,0
DA:1279,0
DA:1280,0
DA:1298,0
DA:1299,0
DA:1302,0
DA:1303,0
DA:1304,0
DA:1305,0
DA:1310,0
DA:1311,0
DA:1313,0
DA:1314,0
DA:1316,0
DA:1323,0
DA:1324,0
DA:1325,0
DA:1326,0
DA:1329,0
DA:1330,0
DA:1331,0
DA:1333,0
DA:1339,0
DA:1340,0
DA:1342,0
DA:1343,0
DA:1349,0
DA:1350,0
DA:1353,0
DA:1358,0
DA:1359,0
DA:1360,0
DA:1368,0
DA:1370,0
DA:1372,0
DA:1373,0
DA:1375,0
DA:1381,0
DA:1383,0
DA:1384,0
DA:1385,0
DA:1387,0
DA:1388,0
DA:1390,0
DA:1391,0
DA:1393,0
DA:1394,0
DA:1397,0
DA:1398,0
DA:1404,0
DA:1406,0
DA:1407,0
DA:1408,0
DA:1410,0
DA:1411,0
DA:1413,0
DA:1414,0
DA:1416,0
DA:1417,0
DA:1418,0
DA:1421,0
DA:1422,0
DA:1424,0
DA:1425,0
DA:1427,0
DA:1428,0
DA:1429,0
DA:1437,0
DA:1455,0
DA:1456,0
DA:1458,0
DA:1475,0
DA:1478,0
DA:1480,0
DA:1481,0
DA:1485,0
LF:521
LH:175
BRDA:87,0,0,0
BRDA:101,1,0,0
BRDA:117,2,0,0
BRDA:118,3,0,0
BRDA:118,4,0,0
BRDA:137,5,0,0
BRDA:137,5,1,0
BRDA:156,6,0,0
BRDA:156,6,1,0
BRDA:175,7,0,0
BRDA:175,7,1,0
BRDA:194,8,0,1
BRDA:195,9,0,1
BRDA:195,10,0,1
BRDA:195,11,0,1
BRDA:223,12,0,2
BRDA:223,12,1,16
BRDA:273,13,0,2
BRDA:273,13,1,0
BRDA:282,14,0,18
BRDA:282,14,1,0
BRDA:282,15,0,18
BRDA:282,15,1,18
BRDA:350,16,0,2
BRDA:350,16,1,0
BRDA:360,17,0,18
BRDA:360,17,1,0
BRDA:360,18,0,18
BRDA:360,18,1,18
BRDA:429,19,0,2
BRDA:429,19,1,0
BRDA:438,20,0,18
BRDA:438,20,1,0
BRDA:438,21,0,18
BRDA:438,21,1,18
BRDA:482,22,0,11
BRDA:482,22,1,7
BRDA:504,23,0,0
BRDA:504,23,1,18
BRDA:508,24,0,18
BRDA:508,24,1,32
BRDA:516,25,0,18
BRDA:516,25,1,18
BRDA:516,25,2,18
BRDA:516,25,3,18
BRDA:516,25,4,18
BRDA:516,25,5,0
BRDA:516,25,6,0
BRDA:535,26,0,11
BRDA:535,26,1,7
BRDA:553,27,0,0
BRDA:553,27,1,18
BRDA:557,28,0,18
BRDA:557,28,1,32
BRDA:566,29,0,11
BRDA:566,29,1,7
BRDA:592,30,0,22
BRDA:592,30,1,0
BRDA:602,31,0,0
BRDA:602,31,1,1
BRDA:607,32,0,1
BRDA:607,32,1,0
BRDA:608,33,0,1
BRDA:608,33,1,0
BRDA:609,34,0,0
BRDA:609,34,1,1
BRDA:615,35,0,0
BRDA:615,35,1,1
BRDA:626,36,0,0
BRDA:626,36,1,1
BRDA:631,37,0,1
BRDA:631,37,1,0
BRDA:632,38,0,1
BRDA:632,38,1,0
BRDA:633,39,0,0
BRDA:633,39,1,1
BRDA:639,40,0,0
BRDA:639,40,1,1
BRDA:650,41,0,0
BRDA:650,41,1,1
BRDA:655,42,0,1
BRDA:655,42,1,0
BRDA:656,43,0,1
BRDA:656,43,1,0
BRDA:657,44,0,0
BRDA:657,44,1,1
BRDA:663,45,0,0
BRDA:663,45,1,1
BRDA:686,46,0,0
BRDA:686,46,1,0
BRDA:686,46,2,0
BRDA:686,46,3,0
BRDA:686,46,4,0
BRDA:710,47,0,0
BRDA:710,47,1,0
BRDA:710,47,2,0
BRDA:710,47,3,0
BRDA:710,47,4,0
BRDA:732,48,0,0
BRDA:732,48,1,0
BRDA:732,48,2,0
BRDA:732,48,3,0
BRDA:732,48,4,0
BRDA:752,49,0,0
BRDA:752,49,1,0
BRDA:752,49,2,0
BRDA:752,49,3,0
BRDA:769,50,0,0
BRDA:769,50,1,0
BRDA:775,51,0,0
BRDA:775,51,1,0
BRDA:775,52,0,0
BRDA:775,52,1,0
BRDA:775,52,2,0
BRDA:777,53,0,0
BRDA:777,53,1,0
BRDA:789,54,0,0
BRDA:789,54,1,0
BRDA:789,54,2,0
BRDA:790,55,0,0
BRDA:790,55,1,0
BRDA:790,55,2,0
BRDA:790,55,3,0
BRDA:796,56,0,0
BRDA:796,56,1,0
BRDA:826,57,0,0
BRDA:826,57,1,0
BRDA:826,58,0,0
BRDA:826,58,1,0
BRDA:839,59,0,0
BRDA:839,59,1,0
BRDA:884,60,0,0
BRDA:884,60,1,0
BRDA:884,60,2,0
BRDA:884,60,3,0
BRDA:925,61,0,0
BRDA:925,61,1,0
BRDA:925,62,0,0
BRDA:925,62,1,0
BRDA:931,63,0,0
BRDA:931,63,1,0
BRDA:946,64,0,0
BRDA:946,64,1,0
BRDA:962,65,0,0
BRDA:964,66,0,0
BRDA:965,67,0,0
BRDA:966,68,0,0
BRDA:967,69,0,0
BRDA:980,70,0,0
BRDA:980,70,1,0
BRDA:990,71,0,0
BRDA:990,71,1,0
BRDA:994,72,0,0
BRDA:994,72,1,0
BRDA:1001,73,0,0
BRDA:1001,73,1,0
BRDA:1006,74,0,0
BRDA:1006,74,1,0
BRDA:1006,75,0,0
BRDA:1006,75,1,0
BRDA:1020,76,0,0
BRDA:1020,76,1,0
BRDA:1030,77,0,0
BRDA:1030,77,1,0
BRDA:1039,78,0,0
BRDA:1039,78,1,0
BRDA:1067,79,0,0
BRDA:1069,80,0,0
BRDA:1070,81,0,0
BRDA:1071,82,0,0
BRDA:1072,83,0,0
BRDA:1085,84,0,0
BRDA:1085,84,1,0
BRDA:1095,85,0,0
BRDA:1095,85,1,0
BRDA:1099,86,0,0
BRDA:1099,86,1,0
BRDA:1106,87,0,0
BRDA:1106,87,1,0
BRDA:1111,88,0,0
BRDA:1111,88,1,0
BRDA:1111,89,0,0
BRDA:1111,89,1,0
BRDA:1125,90,0,0
BRDA:1125,90,1,0
BRDA:1135,91,0,0
BRDA:1135,91,1,0
BRDA:1144,92,0,0
BRDA:1144,92,1,0
BRDA:1172,93,0,0
BRDA:1174,94,0,0
BRDA:1175,95,0,0
BRDA:1176,96,0,0
BRDA:1177,97,0,0
BRDA:1190,98,0,0
BRDA:1190,98,1,0
BRDA:1200,99,0,0
BRDA:1200,99,1,0
BRDA:1204,100,0,0
BRDA:1204,100,1,0
BRDA:1211,101,0,0
BRDA:1211,101,1,0
BRDA:1216,102,0,0
BRDA:1216,102,1,0
BRDA:1216,103,0,0
BRDA:1216,103,1,0
BRDA:1230,104,0,0
BRDA:1230,104,1,0
BRDA:1240,105,0,0
BRDA:1240,105,1,0
BRDA:1249,106,0,0
BRDA:1249,106,1,0
BRDA:1303,107,0,0
BRDA:1303,107,1,0
BRDA:1324,108,0,0
BRDA:1324,108,1,0
BRDA:1326,109,0,0
BRDA:1326,109,1,0
BRDA:1330,110,0,0
BRDA:1330,110,1,0
BRDA:1342,111,0,0
BRDA:1342,111,1,0
BRDA:1353,112,0,0
BRDA:1353,112,1,0
BRDA:1359,113,0,0
BRDA:1359,113,1,0
BRDA:1370,114,0,0
BRDA:1370,114,1,0
BRDA:1373,115,0,0
BRDA:1373,115,1,0
BRDA:1383,116,0,0
BRDA:1383,116,1,0
BRDA:1393,117,0,0
BRDA:1393,117,1,0
BRDA:1397,118,0,0
BRDA:1397,118,1,0
BRDA:1406,119,0,0
BRDA:1406,119,1,0
BRDA:1416,120,0,0
BRDA:1416,120,1,0
BRDA:1424,121,0,0
BRDA:1424,121,1,0
BRDA:1428,122,0,0
BRDA:1428,122,1,0
BRDA:1440,123,0,0
BRDA:1440,123,1,0
BRF:246
BRH:51
end_of_record
TN:
SF:src/naming/PlatformNamingRules.ts
FN:108,convertToNamingConvention
FN:119,(anonymous_1)
FN:128,(anonymous_2)
FN:133,(anonymous_3)
FN:138,(anonymous_4)
FN:143,(anonymous_5)
FN:155,splitIntoWords
FN:167,(anonymous_7)
FN:173,capitalizeWord
FN:185,validateTokenName
FN:229,getPlatformTokenName
FN:255,followsNamingConvention
FNF:12
FNH:0
FNDA:0,convertToNamingConvention
FNDA:0,(anonymous_1)
FNDA:0,(anonymous_2)
FNDA:0,(anonymous_3)
FNDA:0,(anonymous_4)
FNDA:0,(anonymous_5)
FNDA:0,splitIntoWords
FNDA:0,(anonymous_7)
FNDA:0,capitalizeWord
FNDA:0,validateTokenName
FNDA:0,getPlatformTokenName
FNDA:0,followsNamingConvention
DA:60,1
DA:108,1
DA:114,0
DA:116,0
DA:118,0
DA:120,0
DA:127,0
DA:128,0
DA:132,0
DA:133,0
DA:137,0
DA:138,0
DA:142,0
DA:143,0
DA:147,0
DA:157,0
DA:160,0
DA:167,0
DA:175,0
DA:176,0
DA:179,0
DA:185,1
DA:190,0
DA:191,0
DA:194,0
DA:197,0
DA:198,0
DA:202,0
DA:203,0
DA:208,0
DA:209,0
DA:214,0
DA:220,0
DA:229,1
DA:234,0
DA:237,0
DA:238,0
DA:239,0
DA:240,0
DA:243,0
DA:249,0
DA:255,1
DA:259,0
DA:261,0
DA:264,0
DA:267,0
DA:270,0
DA:273,0
DA:276,0
LF:49
LH:5
BRDA:111,0,0,0
BRDA:116,1,0,0
BRDA:116,1,1,0
BRDA:116,1,2,0
BRDA:116,1,3,0
BRDA:116,1,4,0
BRDA:116,1,5,0
BRDA:120,2,0,0
BRDA:120,2,1,0
BRDA:175,3,0,0
BRDA:175,3,1,0
BRDA:175,4,0,0
BRDA:175,4,1,0
BRDA:175,4,2,0
BRDA:194,5,0,0
BRDA:194,5,1,0
BRDA:197,6,0,0
BRDA:197,6,1,0
BRDA:202,7,0,0
BRDA:202,7,1,0
BRDA:202,8,0,0
BRDA:202,8,1,0
BRDA:208,9,0,0
BRDA:208,9,1,0
BRDA:216,10,0,0
BRDA:216,10,1,0
BRDA:222,11,0,0
BRDA:222,11,1,0
BRDA:237,12,0,0
BRDA:237,12,1,0
BRDA:238,13,0,0
BRDA:238,13,1,0
BRDA:239,14,0,0
BRDA:239,14,1,0
BRDA:239,14,2,0
BRDA:240,15,0,0
BRDA:240,15,1,0
BRDA:240,15,2,0
BRDA:259,16,0,0
BRDA:259,16,1,0
BRDA:259,16,2,0
BRDA:259,16,3,0
BRDA:259,16,4,0
BRDA:259,16,5,0
BRF:44
BRH:0
end_of_record
TN:
SF:src/providers/AndroidFormatGenerator.ts
FN:18,(anonymous_0)
FN:23,(anonymous_1)
FN:50,(anonymous_2)
FN:81,(anonymous_3)
FN:89,(anonymous_4)
FN:125,(anonymous_5)
FN:137,(anonymous_6)
FN:143,(anonymous_7)
FN:149,(anonymous_8)
FN:174,(anonymous_9)
FN:197,(anonymous_10)
FN:226,(anonymous_11)
FN:247,(anonymous_12)
FN:259,(anonymous_13)
FN:271,(anonymous_14)
FN:294,(anonymous_15)
FN:302,(anonymous_16)
FN:316,(anonymous_17)
FN:388,(anonymous_18)
FN:449,(anonymous_19)
FN:478,(anonymous_20)
FN:481,(anonymous_21)
FN:493,(anonymous_22)
FN:502,(anonymous_23)
FN:516,(anonymous_24)
FN:547,(anonymous_25)
FN:561,(anonymous_26)
FN:575,(anonymous_27)
FN:596,(anonymous_28)
FN:619,(anonymous_29)
FN:644,(anonymous_30)
FN:686,(anonymous_31)
FNF:32
FNH:1
FNDA:1,(anonymous_0)
FNDA:0,(anonymous_1)
FNDA:0,(anonymous_2)
FNDA:0,(anonymous_3)
FNDA:0,(anonymous_4)
FNDA:0,(anonymous_5)
FNDA:0,(anonymous_6)
FNDA:0,(anonymous_7)
FNDA:0,(anonymous_8)
FNDA:0,(anonymous_9)
FNDA:0,(anonymous_10)
FNDA:0,(anonymous_11)
FNDA:0,(anonymous_12)
FNDA:0,(anonymous_13)
FNDA:0,(anonymous_14)
FNDA:0,(anonymous_15)
FNDA:0,(anonymous_16)
FNDA:0,(anonymous_17)
FNDA:0,(anonymous_18)
FNDA:0,(anonymous_19)
FNDA:0,(anonymous_20)
FNDA:0,(anonymous_21)
FNDA:0,(anonymous_22)
FNDA:0,(anonymous_23)
FNDA:0,(anonymous_24)
FNDA:0,(anonymous_25)
FNDA:0,(anonymous_26)
FNDA:0,(anonymous_27)
FNDA:0,(anonymous_28)
FNDA:0,(anonymous_29)
FNDA:0,(anonymous_30)
FNDA:0,(anonymous_31)
DA:2,1
DA:4,1
DA:5,1
DA:6,1
DA:12,1
DA:13,1
DA:14,1
DA:19,1
DA:20,1
DA:24,0
DA:28,0
DA:29,0
DA:30,0
DA:32,0
DA:33,0
DA:34,0
DA:36,0
DA:39,0
DA:40,0
DA:43,0
DA:44,0
DA:46,0
DA:51,0
DA:52,0
DA:54,0
DA:55,0
DA:68,0
DA:82,0
DA:83,0
DA:85,0
DA:90,0
DA:92,0
DA:94,0
DA:95,0
DA:97,0
DA:98,0
DA:101,0
DA:102,0
DA:103,0
DA:104,0
DA:108,0
DA:109,0
DA:111,0
DA:112,0
DA:114,0
DA:115,0
DA:119,0
DA:128,0
DA:129,0
DA:130,0
DA:134,0
DA:138,0
DA:139,0
DA:140,0
DA:144,0
DA:145,0
DA:146,0
DA:150,0
DA:156,0
DA:160,0
DA:162,0
DA:164,0
DA:166,0
DA:168,0
DA:170,0
DA:175,0
DA:181,0
DA:183,0
DA:185,0
DA:187,0
DA:191,0
DA:193,0
DA:198,0
DA:200,0
DA:203,0
DA:205,0
DA:206,0
DA:208,0
DA:212,0
DA:213,0
DA:215,0
DA:227,0
DA:228,0
DA:229,0
DA:231,0
DA:248,0
DA:249,0
DA:250,0
DA:254,0
DA:256,0
DA:260,0
DA:263,0
DA:264,0
DA:268,0
DA:272,0
DA:274,0
DA:277,0
DA:278,0
DA:282,0
DA:284,0
DA:286,0
DA:288,0
DA:290,0
DA:295,0
DA:296,0
DA:298,0
DA:303,0
DA:304,0
DA:306,0
DA:318,0
DA:319,0
DA:320,0
DA:324,0
DA:328,0
DA:329,0
DA:334,0
DA:337,0
DA:339,0
DA:340,0
DA:342,0
DA:343,0
DA:344,0
DA:348,0
DA:349,0
DA:350,0
DA:351,0
DA:352,0
DA:353,0
DA:354,0
DA:355,0
DA:356,0
DA:362,0
DA:365,0
DA:367,0
DA:368,0
DA:369,0
DA:372,0
DA:373,0
DA:374,0
DA:394,0
DA:395,0
DA:396,0
DA:400,0
DA:401,0
DA:402,0
DA:406,0
DA:407,0
DA:408,0
DA:409,0
DA:413,0
DA:414,0
DA:415,0
DA:419,0
DA:420,0
DA:423,0
DA:426,0
DA:428,0
DA:430,0
DA:431,0
DA:432,0
DA:435,0
DA:436,0
DA:437,0
DA:438,0
DA:439,0
DA:440,0
DA:441,0
DA:451,0
DA:452,0
DA:457,0
DA:458,0
DA:459,0
DA:462,0
DA:465,0
DA:470,0
DA:471,0
DA:480,0
DA:481,0
DA:483,0
DA:484,0
DA:489,0
DA:491,0
DA:493,0
DA:494,0
DA:495,0
DA:498,0
DA:502,0
DA:503,0
DA:504,0
DA:505,0
DA:508,0
DA:517,0
DA:521,0
DA:522,0
DA:530,0
DA:549,0
DA:550,0
DA:563,0
DA:564,0
DA:578,0
DA:585,0
DA:586,0
DA:598,0
DA:599,0
DA:602,0
DA:622,0
DA:624,0
DA:626,0
DA:629,0
DA:651,0
DA:654,0
DA:655,0
DA:656,0
DA:658,0
DA:659,0
DA:662,0
DA:663,0
DA:664,0
DA:666,0
DA:669,0
DA:670,0
DA:672,0
DA:687,0
DA:690,0
DA:691,0
DA:692,0
DA:693,0
DA:694,0
DA:695,0
DA:696,0
DA:697,0
DA:700,0
DA:701,0
DA:702,0
DA:704,0
DA:705,0
DA:706,0
DA:708,0
DA:709,0
DA:710,0
DA:713,0
DA:714,0
DA:715,0
DA:716,0
DA:717,0
DA:718,0
DA:720,0
LF:247
LH:9
BRDA:18,0,0,0
BRDA:28,1,0,0
BRDA:28,1,1,0
BRDA:28,2,0,0
BRDA:28,2,1,0
BRDA:30,3,0,0
BRDA:30,3,1,0
BRDA:30,4,0,0
BRDA:30,4,1,0
BRDA:33,5,0,0
BRDA:33,5,1,0
BRDA:39,6,0,0
BRDA:39,6,1,0
BRDA:43,7,0,0
BRDA:43,7,1,0
BRDA:51,8,0,0
BRDA:51,8,1,0
BRDA:52,9,0,0
BRDA:52,9,1,0
BRDA:54,10,0,0
BRDA:54,10,1,0
BRDA:82,11,0,0
BRDA:82,11,1,0
BRDA:92,12,0,0
BRDA:92,12,1,0
BRDA:94,13,0,0
BRDA:94,13,1,0
BRDA:97,14,0,0
BRDA:97,14,1,0
BRDA:101,15,0,0
BRDA:101,15,1,0
BRDA:102,16,0,0
BRDA:102,16,1,0
BRDA:103,17,0,0
BRDA:103,17,1,0
BRDA:108,18,0,0
BRDA:108,18,1,0
BRDA:111,19,0,0
BRDA:111,19,1,0
BRDA:114,20,0,0
BRDA:114,20,1,0
BRDA:121,21,0,0
BRDA:121,21,1,0
BRDA:128,22,0,0
BRDA:128,22,1,0
BRDA:128,23,0,0
BRDA:128,23,1,0
BRDA:150,24,0,0
BRDA:150,24,1,0
BRDA:150,24,2,0
BRDA:150,24,3,0
BRDA:150,24,4,0
BRDA:150,24,5,0
BRDA:150,24,6,0
BRDA:150,24,7,0
BRDA:150,24,8,0
BRDA:150,24,9,0
BRDA:150,24,10,0
BRDA:150,24,11,0
BRDA:150,24,12,0
BRDA:175,25,0,0
BRDA:175,25,1,0
BRDA:175,25,2,0
BRDA:175,25,3,0
BRDA:175,25,4,0
BRDA:175,25,5,0
BRDA:175,25,6,0
BRDA:175,25,7,0
BRDA:175,25,8,0
BRDA:175,25,9,0
BRDA:175,25,10,0
BRDA:175,25,11,0
BRDA:198,26,0,0
BRDA:198,26,1,0
BRDA:203,27,0,0
BRDA:203,27,1,0
BRDA:205,28,0,0
BRDA:205,28,1,0
BRDA:212,29,0,0
BRDA:212,29,1,0
BRDA:228,30,0,0
BRDA:228,30,1,0
BRDA:249,31,0,0
BRDA:249,31,1,0
BRDA:263,32,0,0
BRDA:263,32,1,0
BRDA:272,33,0,0
BRDA:272,33,1,0
BRDA:277,34,0,0
BRDA:277,34,1,0
BRDA:282,35,0,0
BRDA:282,35,1,0
BRDA:282,35,2,0
BRDA:282,35,3,0
BRDA:295,36,0,0
BRDA:295,36,1,0
BRDA:303,37,0,0
BRDA:303,37,1,0
BRDA:319,38,0,0
BRDA:319,38,1,0
BRDA:319,39,0,0
BRDA:319,39,1,0
BRDA:324,40,0,0
BRDA:324,40,1,0
BRDA:324,40,2,0
BRDA:328,41,0,0
BRDA:328,41,1,0
BRDA:337,42,0,0
BRDA:337,42,1,0
BRDA:337,43,0,0
BRDA:337,43,1,0
BRDA:342,44,0,0
BRDA:342,44,1,0
BRDA:344,45,0,0
BRDA:344,45,1,0
BRDA:349,46,0,0
BRDA:349,46,1,0
BRDA:356,47,0,0
BRDA:356,47,1,0
BRDA:367,48,0,0
BRDA:367,48,1,0
BRDA:369,49,0,0
BRDA:369,49,1,0
BRDA:374,50,0,0
BRDA:374,50,1,0
BRDA:395,51,0,0
BRDA:395,51,1,0
BRDA:401,52,0,0
BRDA:401,52,1,0
BRDA:408,53,0,0
BRDA:408,53,1,0
BRDA:414,54,0,0
BRDA:414,54,1,0
BRDA:428,55,0,0
BRDA:428,55,1,0
BRDA:432,56,0,0
BRDA:432,56,1,0
BRDA:441,57,0,0
BRDA:441,57,1,0
BRDA:451,58,0,0
BRDA:451,58,1,0
BRDA:458,59,0,0
BRDA:458,59,1,0
BRDA:470,60,0,0
BRDA:470,60,1,0
BRDA:471,61,0,0
BRDA:471,61,1,0
BRDA:481,62,0,0
BRDA:481,62,1,0
BRDA:483,63,0,0
BRDA:483,63,1,0
BRDA:491,64,0,0
BRDA:491,64,1,0
BRDA:517,65,0,0
BRDA:517,65,1,0
BRDA:521,66,0,0
BRDA:521,66,1,0
BRDA:598,67,0,0
BRDA:598,67,1,0
BRDA:598,68,0,0
BRDA:598,68,1,0
BRDA:624,69,0,0
BRDA:624,69,1,0
BRDA:655,70,0,0
BRDA:655,70,1,0
BRDA:658,71,0,0
BRDA:658,71,1,0
BRDA:662,72,0,0
BRDA:662,72,1,0
BRDA:663,73,0,0
BRDA:663,73,1,0
BRDA:669,74,0,0
BRDA:669,74,1,0
BRF:173
BRH:0
end_of_record
TN:
SF:src/providers/FormatProvider.ts
FN:110,(anonymous_0)
FN:122,(anonymous_1)
FN:156,(anonymous_2)
FN:170,(anonymous_3)
FN:174,(anonymous_4)
FN:178,(anonymous_5)
FNF:6
FNH:0
FNDA:0,(anonymous_0)
FNDA:0,(anonymous_1)
FNDA:0,(anonymous_2)
FNDA:0,(anonymous_3)
FNDA:0,(anonymous_4)
FNDA:0,(anonymous_5)
DA:100,1
DA:116,0
DA:118,0
DA:121,0
DA:122,0
DA:126,0
DA:131,0
DA:132,0
DA:134,0
DA:135,0
DA:136,0
DA:139,0
DA:140,0
DA:141,0
DA:143,0
DA:146,0
DA:147,0
DA:151,0
DA:153,0
DA:157,0
DA:159,0
DA:160,0
DA:161,0
DA:162,0
DA:164,0
DA:167,0
DA:171,0
DA:175,0
DA:179,0
DA:180,0
DA:182,0
DA:183,0
DA:185,0
LF:33
LH:1
BRDA:110,0,0,0
BRDA:112,1,0,0
BRDA:113,2,0,0
BRDA:114,3,0,0
BRDA:115,4,0,0
BRDA:121,5,0,0
BRDA:121,5,1,0
BRDA:126,6,0,0
BRDA:126,6,1,0
BRDA:135,7,0,0
BRDA:135,7,1,0
BRDA:135,8,0,0
BRDA:135,8,1,0
BRDA:140,9,0,0
BRDA:140,9,1,0
BRDA:140,10,0,0
BRDA:140,10,1,0
BRDA:140,10,2,0
BRDA:146,11,0,0
BRDA:146,11,1,0
BRDA:146,12,0,0
BRDA:146,12,1,0
BRDA:161,13,0,0
BRDA:161,13,1,0
BRDA:179,14,0,0
BRDA:179,14,1,0
BRDA:182,15,0,0
BRDA:182,15,1,0
BRDA:185,16,0,0
BRDA:185,16,1,0
BRF:30
BRH:0
end_of_record
TN:
SF:src/providers/WebFormatGenerator.ts
FN:16,(anonymous_0)
FN:20,(anonymous_1)
FN:62,(anonymous_2)
FN:83,(anonymous_3)
FN:87,(anonymous_4)
FN:110,(anonymous_5)
FN:136,(anonymous_6)
FN:143,(anonymous_7)
FN:197,(anonymous_8)
FN:217,(anonymous_9)
FN:233,(anonymous_10)
FN:237,(anonymous_11)
FN:247,(anonymous_12)
FN:298,(anonymous_13)
FN:349,(anonymous_14)
FN:379,(anonymous_15)
FN:382,(anonymous_16)
FN:395,(anonymous_17)
FN:426,(anonymous_18)
FN:448,(anonymous_19)
FN:469,(anonymous_20)
FN:483,(anonymous_21)
FN:495,(anonymous_22)
FN:512,(anonymous_23)
FN:548,(anonymous_24)
FNF:25
FNH:1
FNDA:1,(anonymous_0)
FNDA:0,(anonymous_1)
FNDA:0,(anonymous_2)
FNDA:0,(anonymous_3)
FNDA:0,(anonymous_4)
FNDA:0,(anonymous_5)
FNDA:0,(anonymous_6)
FNDA:0,(anonymous_7)
FNDA:0,(anonymous_8)
FNDA:0,(anonymous_9)
FNDA:0,(anonymous_10)
FNDA:0,(anonymous_11)
FNDA:0,(anonymous_12)
FNDA:0,(anonymous_13)
FNDA:0,(anonymous_14)
FNDA:0,(anonymous_15)
FNDA:0,(anonymous_16)
FNDA:0,(anonymous_17)
FNDA:0,(anonymous_18)
FNDA:0,(anonymous_19)
FNDA:0,(anonymous_20)
FNDA:0,(anonymous_21)
FNDA:0,(anonymous_22)
FNDA:0,(anonymous_23)
FNDA:0,(anonymous_24)
DA:2,1
DA:4,1
DA:5,1
DA:6,1
DA:12,1
DA:13,1
DA:14,1
DA:17,1
DA:21,0
DA:25,0
DA:28,0
DA:32,0
DA:36,0
DA:38,0
DA:39,0
DA:42,0
DA:43,0
DA:44,0
DA:47,0
DA:48,0
DA:49,0
DA:51,0
DA:55,0
DA:56,0
DA:59,0
DA:63,0
DA:64,0
DA:66,0
DA:84,0
DA:88,0
DA:91,0
DA:92,0
DA:94,0
DA:95,0
DA:98,0
DA:99,0
DA:100,0
DA:101,0
DA:104,0
DA:113,0
DA:115,0
DA:116,0
DA:119,0
DA:122,0
DA:123,0
DA:128,0
DA:129,0
DA:130,0
DA:133,0
DA:137,0
DA:139,0
DA:140,0
DA:144,0
DA:147,0
DA:148,0
DA:150,0
DA:153,0
DA:156,0
DA:158,0
DA:159,0
DA:162,0
DA:166,0
DA:168,0
DA:170,0
DA:172,0
DA:174,0
DA:176,0
DA:178,0
DA:180,0
DA:183,0
DA:185,0
DA:198,0
DA:199,0
DA:200,0
DA:202,0
DA:218,0
DA:220,0
DA:224,0
DA:225,0
DA:226,0
DA:230,0
DA:234,0
DA:238,0
DA:249,0
DA:250,0
DA:251,0
DA:255,0
DA:259,0
DA:260,0
DA:264,0
DA:265,0
DA:268,0
DA:270,0
DA:271,0
DA:272,0
DA:278,0
DA:279,0
DA:282,0
DA:283,0
DA:285,0
DA:304,0
DA:305,0
DA:306,0
DA:310,0
DA:311,0
DA:312,0
DA:316,0
DA:317,0
DA:318,0
DA:319,0
DA:323,0
DA:324,0
DA:325,0
DA:329,0
DA:332,0
DA:335,0
DA:336,0
DA:339,0
DA:340,0
DA:342,0
DA:351,0
DA:352,0
DA:357,0
DA:358,0
DA:359,0
DA:362,0
DA:365,0
DA:370,0
DA:371,0
DA:381,0
DA:382,0
DA:384,0
DA:385,0
DA:389,0
DA:393,0
DA:395,0
DA:398,0
DA:399,0
DA:401,0
DA:402,0
DA:407,0
DA:408,0
DA:409,0
DA:412,0
DA:430,0
DA:431,0
DA:432,0
DA:433,0
DA:439,0
DA:441,0
DA:449,0
DA:453,0
DA:470,0
DA:484,0
DA:497,0
DA:498,0
DA:519,0
DA:520,0
DA:523,0
DA:524,0
DA:525,0
DA:527,0
DA:528,0
DA:531,0
DA:532,0
DA:535,0
DA:549,0
DA:552,0
DA:553,0
DA:554,0
DA:555,0
DA:556,0
DA:557,0
DA:558,0
DA:559,0
DA:562,0
DA:563,0
DA:564,0
DA:566,0
DA:567,0
DA:568,0
DA:570,0
DA:571,0
DA:572,0
DA:575,0
DA:576,0
DA:577,0
DA:578,0
DA:579,0
DA:580,0
DA:582,0
LF:191
LH:8
BRDA:25,0,0,0
BRDA:25,0,1,0
BRDA:25,1,0,0
BRDA:25,1,1,0
BRDA:25,1,2,0
BRDA:25,1,3,0
BRDA:36,2,0,0
BRDA:36,2,1,0
BRDA:43,3,0,0
BRDA:43,3,1,0
BRDA:47,4,0,0
BRDA:47,4,1,0
BRDA:48,5,0,0
BRDA:48,5,1,0
BRDA:55,6,0,0
BRDA:55,6,1,0
BRDA:63,7,0,0
BRDA:63,7,1,0
BRDA:64,8,0,0
BRDA:64,8,1,0
BRDA:91,9,0,0
BRDA:91,9,1,0
BRDA:94,10,0,0
BRDA:94,10,1,0
BRDA:98,11,0,0
BRDA:98,11,1,0
BRDA:99,12,0,0
BRDA:99,12,1,0
BRDA:100,13,0,0
BRDA:100,13,1,0
BRDA:106,14,0,0
BRDA:106,14,1,0
BRDA:113,15,0,0
BRDA:113,15,1,0
BRDA:119,16,0,0
BRDA:119,16,1,0
BRDA:128,17,0,0
BRDA:128,17,1,0
BRDA:128,18,0,0
BRDA:128,18,1,0
BRDA:139,19,0,0
BRDA:139,19,1,0
BRDA:144,20,0,0
BRDA:144,20,1,0
BRDA:148,21,0,0
BRDA:148,21,1,0
BRDA:156,22,0,0
BRDA:156,22,1,0
BRDA:158,23,0,0
BRDA:158,23,1,0
BRDA:166,24,0,0
BRDA:166,24,1,0
BRDA:166,24,2,0
BRDA:166,24,3,0
BRDA:166,24,4,0
BRDA:166,24,5,0
BRDA:166,24,6,0
BRDA:166,24,7,0
BRDA:166,24,8,0
BRDA:199,25,0,0
BRDA:199,25,1,0
BRDA:218,26,0,0
BRDA:218,26,1,0
BRDA:225,27,0,0
BRDA:225,27,1,0
BRDA:250,28,0,0
BRDA:250,28,1,0
BRDA:250,29,0,0
BRDA:250,29,1,0
BRDA:255,30,0,0
BRDA:255,30,1,0
BRDA:255,30,2,0
BRDA:259,31,0,0
BRDA:259,31,1,0
BRDA:265,32,0,0
BRDA:265,32,1,0
BRDA:268,33,0,0
BRDA:268,33,1,0
BRDA:268,34,0,0
BRDA:268,34,1,0
BRDA:272,35,0,0
BRDA:272,35,1,0
BRDA:279,36,0,0
BRDA:279,36,1,0
BRDA:285,37,0,0
BRDA:285,37,1,0
BRDA:305,38,0,0
BRDA:305,38,1,0
BRDA:311,39,0,0
BRDA:311,39,1,0
BRDA:318,40,0,0
BRDA:318,40,1,0
BRDA:324,41,0,0
BRDA:324,41,1,0
BRDA:336,42,0,0
BRDA:336,42,1,0
BRDA:342,43,0,0
BRDA:342,43,1,0
BRDA:351,44,0,0
BRDA:351,44,1,0
BRDA:358,45,0,0
BRDA:358,45,1,0
BRDA:370,46,0,0
BRDA:370,46,1,0
BRDA:371,47,0,0
BRDA:371,47,1,0
BRDA:382,48,0,0
BRDA:382,48,1,0
BRDA:384,49,0,0
BRDA:384,49,1,0
BRDA:393,50,0,0
BRDA:393,50,1,0
BRDA:399,51,0,0
BRDA:399,51,1,0
BRDA:407,52,0,0
BRDA:407,52,1,0
BRDA:449,53,0,0
BRDA:449,53,1,0
BRDA:497,54,0,0
BRDA:497,54,1,0
BRDA:520,55,0,0
BRDA:520,55,1,0
BRDA:524,56,0,0
BRDA:524,56,1,0
BRDA:527,57,0,0
BRDA:527,57,1,0
BRDA:531,58,0,0
BRDA:531,58,1,0
BRF:128
BRH:0
end_of_record
TN:
SF:src/providers/iOSFormatGenerator.ts
FN:12,(anonymous_0)
FN:16,(anonymous_1)
FN:63,(anonymous_2)
FN:81,(anonymous_3)
FN:85,(anonymous_4)
FN:115,(anonymous_5)
FN:127,(anonymous_6)
FN:132,(anonymous_7)
FN:159,(anonymous_8)
FN:197,(anonymous_9)
FN:218,(anonymous_10)
FN:240,(anonymous_11)
FN:252,(anonymous_12)
FN:270,(anonymous_13)
FN:274,(anonymous_14)
FN:284,(anonymous_15)
FN:333,(anonymous_16)
FN:389,(anonymous_17)
FN:418,(anonymous_18)
FN:421,(anonymous_19)
FN:432,(anonymous_20)
FN:444,(anonymous_21)
FN:465,(anonymous_22)
FN:479,(anonymous_23)
FN:491,(anonymous_24)
FN:506,(anonymous_25)
FN:541,(anonymous_26)
FNF:27
FNH:1
FNDA:1,(anonymous_0)
FNDA:0,(anonymous_1)
FNDA:0,(anonymous_2)
FNDA:0,(anonymous_3)
FNDA:0,(anonymous_4)
FNDA:0,(anonymous_5)
FNDA:0,(anonymous_6)
FNDA:0,(anonymous_7)
FNDA:0,(anonymous_8)
FNDA:0,(anonymous_9)
FNDA:0,(anonymous_10)
FNDA:0,(anonymous_11)
FNDA:0,(anonymous_12)
FNDA:0,(anonymous_13)
FNDA:0,(anonymous_14)
FNDA:0,(anonymous_15)
FNDA:0,(anonymous_16)
FNDA:0,(anonymous_17)
FNDA:0,(anonymous_18)
FNDA:0,(anonymous_19)
FNDA:0,(anonymous_20)
FNDA:0,(anonymous_21)
FNDA:0,(anonymous_22)
FNDA:0,(anonymous_23)
FNDA:0,(anonymous_24)
FNDA:0,(anonymous_25)
FNDA:0,(anonymous_26)
DA:2,1
DA:4,1
DA:5,1
DA:6,1
DA:12,1
DA:13,1
DA:14,1
DA:17,0
DA:21,0
DA:24,0
DA:28,0
DA:29,0
DA:32,0
DA:33,0
DA:37,0
DA:41,0
DA:43,0
DA:44,0
DA:47,0
DA:48,0
DA:49,0
DA:50,0
DA:52,0
DA:55,0
DA:56,0
DA:59,0
DA:60,0
DA:64,0
DA:65,0
DA:67,0
DA:82,0
DA:86,0
DA:89,0
DA:90,0
DA:93,0
DA:94,0
DA:98,0
DA:99,0
DA:100,0
DA:101,0
DA:105,0
DA:106,0
DA:109,0
DA:118,0
DA:119,0
DA:120,0
DA:124,0
DA:128,0
DA:129,0
DA:133,0
DA:138,0
DA:141,0
DA:143,0
DA:145,0
DA:147,0
DA:149,0
DA:151,0
DA:153,0
DA:155,0
DA:160,0
DA:162,0
DA:165,0
DA:167,0
DA:168,0
DA:170,0
DA:171,0
DA:173,0
DA:177,0
DA:179,0
DA:181,0
DA:183,0
DA:185,0
DA:198,0
DA:199,0
DA:200,0
DA:202,0
DA:219,0
DA:220,0
DA:221,0
DA:225,0
DA:226,0
DA:227,0
DA:228,0
DA:230,0
DA:241,0
DA:244,0
DA:245,0
DA:249,0
DA:254,0
DA:256,0
DA:257,0
DA:258,0
DA:259,0
DA:260,0
DA:261,0
DA:262,0
DA:263,0
DA:264,0
DA:265,0
DA:266,0
DA:271,0
DA:275,0
DA:286,0
DA:287,0
DA:288,0
DA:292,0
DA:296,0
DA:297,0
DA:302,0
DA:305,0
DA:307,0
DA:308,0
DA:309,0
DA:310,0
DA:314,0
DA:317,0
DA:318,0
DA:320,0
DA:339,0
DA:340,0
DA:341,0
DA:345,0
DA:346,0
DA:347,0
DA:351,0
DA:352,0
DA:353,0
DA:354,0
DA:358,0
DA:359,0
DA:360,0
DA:364,0
DA:367,0
DA:368,0
DA:369,0
DA:370,0
DA:373,0
DA:376,0
DA:379,0
DA:380,0
DA:382,0
DA:391,0
DA:392,0
DA:397,0
DA:398,0
DA:399,0
DA:402,0
DA:405,0
DA:410,0
DA:411,0
DA:420,0
DA:421,0
DA:423,0
DA:424,0
DA:429,0
DA:432,0
DA:433,0
DA:434,0
DA:437,0
DA:445,0
DA:449,0
DA:466,0
DA:480,0
DA:492,0
DA:513,0
DA:516,0
DA:517,0
DA:518,0
DA:520,0
DA:521,0
DA:524,0
DA:525,0
DA:528,0
DA:542,0
DA:545,0
DA:546,0
DA:547,0
DA:548,0
DA:549,0
DA:550,0
DA:551,0
DA:552,0
DA:555,0
DA:556,0
DA:557,0
DA:559,0
DA:560,0
DA:561,0
DA:563,0
DA:564,0
DA:565,0
DA:568,0
DA:569,0
DA:570,0
DA:571,0
DA:572,0
DA:573,0
DA:575,0
LF:198
LH:7
BRDA:21,0,0,0
BRDA:21,0,1,0
BRDA:21,1,0,0
BRDA:21,1,1,0
BRDA:21,1,2,0
BRDA:21,1,3,0
BRDA:28,2,0,0
BRDA:28,2,1,0
BRDA:41,3,0,0
BRDA:41,3,1,0
BRDA:48,4,0,0
BRDA:48,4,1,0
BRDA:49,5,0,0
BRDA:49,5,1,0
BRDA:55,6,0,0
BRDA:55,6,1,0
BRDA:64,7,0,0
BRDA:64,7,1,0
BRDA:65,8,0,0
BRDA:65,8,1,0
BRDA:89,9,0,0
BRDA:89,9,1,0
BRDA:93,10,0,0
BRDA:93,10,1,0
BRDA:98,11,0,0
BRDA:98,11,1,0
BRDA:99,12,0,0
BRDA:99,12,1,0
BRDA:100,13,0,0
BRDA:100,13,1,0
BRDA:105,14,0,0
BRDA:105,14,1,0
BRDA:111,15,0,0
BRDA:111,15,1,0
BRDA:118,16,0,0
BRDA:118,16,1,0
BRDA:118,17,0,0
BRDA:118,17,1,0
BRDA:133,18,0,0
BRDA:133,18,1,0
BRDA:133,18,2,0
BRDA:133,18,3,0
BRDA:133,18,4,0
BRDA:133,18,5,0
BRDA:133,18,6,0
BRDA:133,18,7,0
BRDA:133,18,8,0
BRDA:133,18,9,0
BRDA:133,18,10,0
BRDA:133,18,11,0
BRDA:133,18,12,0
BRDA:160,19,0,0
BRDA:160,19,1,0
BRDA:165,20,0,0
BRDA:165,20,1,0
BRDA:167,21,0,0
BRDA:167,21,1,0
BRDA:170,22,0,0
BRDA:170,22,1,0
BRDA:177,23,0,0
BRDA:177,23,1,0
BRDA:177,23,2,0
BRDA:177,23,3,0
BRDA:199,24,0,0
BRDA:199,24,1,0
BRDA:220,25,0,0
BRDA:220,25,1,0
BRDA:244,26,0,0
BRDA:244,26,1,0
BRDA:254,27,0,0
BRDA:254,27,1,0
BRDA:256,28,0,0
BRDA:256,28,1,0
BRDA:256,28,2,0
BRDA:256,28,3,0
BRDA:256,28,4,0
BRDA:256,28,5,0
BRDA:256,28,6,0
BRDA:256,28,7,0
BRDA:256,28,8,0
BRDA:256,28,9,0
BRDA:287,29,0,0
BRDA:287,29,1,0
BRDA:287,30,0,0
BRDA:287,30,1,0
BRDA:292,31,0,0
BRDA:292,31,1,0
BRDA:292,31,2,0
BRDA:296,32,0,0
BRDA:296,32,1,0
BRDA:305,33,0,0
BRDA:305,33,1,0
BRDA:305,34,0,0
BRDA:305,34,1,0
BRDA:310,35,0,0
BRDA:310,35,1,0
BRDA:320,36,0,0
BRDA:320,36,1,0
BRDA:340,37,0,0
BRDA:340,37,1,0
BRDA:346,38,0,0
BRDA:346,38,1,0
BRDA:353,39,0,0
BRDA:353,39,1,0
BRDA:359,40,0,0
BRDA:359,40,1,0
BRDA:382,41,0,0
BRDA:382,41,1,0
BRDA:391,42,0,0
BRDA:391,42,1,0
BRDA:398,43,0,0
BRDA:398,43,1,0
BRDA:410,44,0,0
BRDA:410,44,1,0
BRDA:411,45,0,0
BRDA:411,45,1,0
BRDA:421,46,0,0
BRDA:421,46,1,0
BRDA:423,47,0,0
BRDA:423,47,1,0
BRDA:445,48,0,0
BRDA:445,48,1,0
BRDA:517,49,0,0
BRDA:517,49,1,0
BRDA:520,50,0,0
BRDA:520,50,1,0
BRDA:524,51,0,0
BRDA:524,51,1,0
BRF:128
BRH:0
end_of_record
TN:
SF:src/registries/ComponentTokenRegistry.ts
FN:62,(anonymous_0)
FN:86,(anonymous_1)
FN:128,(anonymous_2)
FN:141,(anonymous_3)
FN:150,(anonymous_4)
FN:160,(anonymous_5)
FN:170,(anonymous_6)
FN:182,(anonymous_7)
FN:194,(anonymous_8)
FN:203,(anonymous_9)
FN:235,(anonymous_10)
FN:250,(anonymous_11)
FN:261,(anonymous_12)
FN:268,(anonymous_13)
FN:280,(anonymous_14)
FNF:15
FNH:6
FNDA:3,(anonymous_0)
FNDA:38,(anonymous_1)
FNDA:4,(anonymous_2)
FNDA:1,(anonymous_3)
FNDA:1,(anonymous_4)
FNDA:3,(anonymous_5)
FNDA:0,(anonymous_6)
FNDA:0,(anonymous_7)
FNDA:0,(anonymous_8)
FNDA:0,(anonymous_9)
FNDA:0,(anonymous_10)
FNDA:0,(anonymous_11)
FNDA:0,(anonymous_12)
FNDA:0,(anonymous_13)
FNDA:0,(anonymous_14)
DA:66,3
DA:69,3
DA:72,3
DA:75,3
DA:87,38
DA:90,38
DA:91,0
DA:92,0
DA:99,38
DA:100,0
DA:104,38
DA:107,38
DA:108,4
DA:110,38
DA:113,38
DA:114,3
DA:116,38
DA:129,4
DA:130,38
DA:142,1
DA:151,1
DA:161,3
DA:171,0
DA:183,0
DA:195,0
DA:210,0
DA:211,0
DA:212,0
DA:215,0
DA:216,0
DA:217,0
DA:220,0
DA:236,0
DA:237,0
DA:240,0
DA:241,0
DA:242,0
DA:251,0
DA:252,0
DA:253,0
DA:262,0
DA:263,0
DA:266,0
DA:267,0
DA:268,0
DA:269,0
DA:270,0
DA:272,0
DA:273,0
DA:278,0
DA:279,0
DA:280,0
DA:281,0
DA:282,0
DA:284,0
DA:285,0
DA:296,3
LF:57
LH:20
BRDA:86,0,0,38
BRDA:87,1,0,38
BRDA:90,2,0,0
BRDA:90,2,1,38
BRDA:90,3,0,38
BRDA:90,3,1,0
BRDA:99,4,0,0
BRDA:99,4,1,38
BRDA:107,5,0,4
BRDA:107,5,1,34
BRDA:113,6,0,3
BRDA:113,6,1,35
BRDA:161,7,0,3
BRDA:161,7,1,0
BRDA:171,8,0,0
BRDA:171,8,1,0
BRDA:236,9,0,0
BRDA:236,9,1,0
BRDA:263,10,0,0
BRDA:263,10,1,0
BRDA:267,11,0,0
BRDA:267,11,1,0
BRDA:269,12,0,0
BRDA:269,12,1,0
BRDA:272,13,0,0
BRDA:272,13,1,0
BRDA:279,14,0,0
BRDA:279,14,1,0
BRDA:281,15,0,0
BRDA:281,15,1,0
BRDA:284,16,0,0
BRDA:284,16,1,0
BRF:32
BRH:10
end_of_record
TN:
SF:src/tokens/BlendTokens.ts
FN:26,(anonymous_0)
FN:37,generateBlendPlatformValues
FN:123,getBlendToken
FN:130,getAllBlendTokens
FNF:4
FNH:2
FNDA:1,(anonymous_0)
FNDA:5,generateBlendPlatformValues
FNDA:0,getBlendToken
FNDA:0,getAllBlendTokens
DA:16,1
DA:21,1
DA:26,1
DA:27,1
DA:28,1
DA:29,1
DA:30,1
DA:38,5
DA:48,1
DA:118,1
DA:123,1
DA:124,0
DA:130,1
DA:131,0
LF:14
LH:12
BRDA:26,0,0,1
BRDA:26,0,1,1
BRF:2
BRH:2
end_of_record
TN:
SF:src/tokens/BorderWidthTokens.ts
FN:19,generateBorderWidthPlatformValues
FN:92,getBorderWidthToken
FN:99,getAllBorderWidthTokens
FNF:3
FNH:1
FNDA:12,generateBorderWidthPlatformValues
FNDA:0,getBorderWidthToken
FNDA:0,getAllBorderWidthTokens
DA:9,3
DA:14,3
DA:20,12
DA:30,3
DA:87,3
DA:92,3
DA:93,0
DA:99,3
DA:100,0
LF:9
LH:7
BRF:0
BRH:0
end_of_record
TN:
SF:src/tokens/BreakpointTokens.ts
FN:19,generateBreakpointPlatformValues
FN:92,getBreakpointToken
FN:99,getAllBreakpointTokens
FNF:3
FNH:1
FNDA:4,generateBreakpointPlatformValues
FNDA:0,getBreakpointToken
FNDA:0,getAllBreakpointTokens
DA:9,1
DA:14,1
DA:20,4
DA:30,1
DA:87,1
DA:92,1
DA:93,0
DA:99,1
DA:100,0
LF:9
LH:7
BRF:0
BRH:0
end_of_record
TN:
SF:src/tokens/ColorTokens.ts
FN:2004,getColorToken
FN:2015,getAllColorTokens
FN:2022,getColorTokensByFamily
FN:2100,getShadowColorToken
FN:2111,getAllShadowColorTokens
FN:2118,getShadowColorTokensByFamily
FN:2120,(anonymous_6)
FN:2121,(anonymous_7)
FN:2133,resolveColorTokenValue
FNF:9
FNH:0
FNDA:0,getColorToken
FNDA:0,getAllColorTokens
FNDA:0,getColorTokensByFamily
FNDA:0,getShadowColorToken
FNDA:0,getAllShadowColorTokens
FNDA:0,getShadowColorTokensByFamily
FNDA:0,(anonymous_6)
FNDA:0,(anonymous_7)
FNDA:0,resolveColorTokenValue
DA:16,1
DA:21,1
DA:26,1
DA:206,1
DA:386,1
DA:567,1
DA:747,1
DA:927,1
DA:1108,1
DA:1288,1
DA:1469,1
DA:1649,1
DA:1837,1
DA:1982,1
DA:1999,1
DA:2004,1
DA:2005,0
DA:2006,0
DA:2007,0
DA:2009,0
DA:2015,1
DA:2016,0
DA:2022,1
DA:2023,0
DA:2025,0
DA:2027,0
DA:2029,0
DA:2031,0
DA:2033,0
DA:2035,0
DA:2037,0
DA:2039,0
DA:2041,0
DA:2043,0
DA:2045,0
DA:2047,0
DA:2055,1
DA:2077,1
DA:2083,1
DA:2089,1
DA:2095,1
DA:2100,1
DA:2101,0
DA:2102,0
DA:2103,0
DA:2105,0
DA:2111,1
DA:2112,0
DA:2118,1
DA:2119,0
DA:2120,0
DA:2121,0
DA:2122,0
DA:2133,1
DA:2138,0
DA:2139,0
DA:2143,0
DA:2144,0
DA:2145,0
DA:2148,0
DA:2149,0
DA:2150,0
DA:2153,0
DA:2154,0
DA:2155,0
DA:2158,0
DA:2159,0
DA:2160,0
DA:2163,0
LF:69
LH:27
BRDA:2006,0,0,0
BRDA:2006,0,1,0
BRDA:2023,1,0,0
BRDA:2023,1,1,0
BRDA:2023,1,2,0
BRDA:2023,1,3,0
BRDA:2023,1,4,0
BRDA:2023,1,5,0
BRDA:2023,1,6,0
BRDA:2023,1,7,0
BRDA:2023,1,8,0
BRDA:2023,1,9,0
BRDA:2023,1,10,0
BRDA:2023,1,11,0
BRDA:2102,2,0,0
BRDA:2102,2,1,0
BRDA:2135,3,0,0
BRDA:2136,4,0,0
BRDA:2138,5,0,0
BRDA:2138,5,1,0
BRDA:2138,6,0,0
BRDA:2138,6,1,0
BRDA:2139,7,0,0
BRDA:2139,7,1,0
BRDA:2144,8,0,0
BRDA:2144,8,1,0
BRDA:2149,9,0,0
BRDA:2149,9,1,0
BRDA:2149,10,0,0
BRDA:2149,10,1,0
BRDA:2154,11,0,0
BRDA:2154,11,1,0
BRDA:2159,12,0,0
BRDA:2159,12,1,0
BRF:34
BRH:0
end_of_record
TN:
SF:src/tokens/DensityTokens.ts
FN:20,generateDensityPlatformValues
FN:93,getDensityToken
FN:100,getAllDensityTokens
FN:109,applyDensityScaling
FNF:4
FNH:1
FNDA:4,generateDensityPlatformValues
FNDA:0,getDensityToken
FNDA:0,getAllDensityTokens
FNDA:0,applyDensityScaling
DA:10,1
DA:15,1
DA:21,4
DA:31,1
DA:88,1
DA:93,1
DA:94,0
DA:100,1
DA:101,0
DA:109,1
DA:111,0
DA:113,0
DA:114,0
DA:118,0
LF:14
LH:8
BRDA:113,0,0,0
BRDA:113,0,1,0
BRF:2
BRH:0
end_of_record
TN:
SF:src/tokens/DurationTokens.ts
FN:29,generateDurationPlatformValues
FN:96,getDurationToken
FN:109,getAllDurationTokens
FNF:3
FNH:1
FNDA:3,generateDurationPlatformValues
FNDA:0,getDurationToken
FNDA:0,getAllDurationTokens
DA:14,1
DA:19,1
DA:30,3
DA:40,1
DA:84,1
DA:96,1
DA:97,0
DA:109,1
DA:110,0
LF:9
LH:7
BRF:0
BRH:0
end_of_record
TN:
SF:src/tokens/EasingTokens.ts
FN:31,generateEasingPlatformValues
FN:98,getEasingToken
FN:111,getAllEasingTokens
FNF:3
FNH:1
FNDA:3,generateEasingPlatformValues
FNDA:0,getEasingToken
FNDA:0,getAllEasingTokens
DA:18,1
DA:32,3
DA:42,1
DA:86,1
DA:98,1
DA:99,0
DA:111,1
DA:112,0
LF:8
LH:6
BRF:0
BRH:0
end_of_record
TN:
SF:src/tokens/FontFamilyTokens.ts
FN:13,generateFontFamilyPlatformValues
FN:86,getFontFamilyToken
FN:93,getAllFontFamilyTokens
FNF:3
FNH:1
FNDA:4,generateFontFamilyPlatformValues
FNDA:0,getFontFamilyToken
FNDA:0,getAllFontFamilyTokens
DA:8,1
DA:14,4
DA:24,1
DA:81,1
DA:86,1
DA:87,0
DA:93,1
DA:94,0
LF:8
LH:6
BRF:0
BRH:0
end_of_record
TN:
SF:src/tokens/FontSizeTokens.ts
FN:24,generateFontSizePlatformValues
FN:188,getFontSizeToken
FN:195,getAllFontSizeTokens
FNF:3
FNH:1
FNDA:11,generateFontSizePlatformValues
FNDA:0,getFontSizeToken
FNDA:0,getAllFontSizeTokens
DA:9,1
DA:14,1
DA:19,1
DA:25,11
DA:35,1
DA:183,1
DA:188,1
DA:189,0
DA:195,1
DA:196,0
LF:10
LH:8
BRF:0
BRH:0
end_of_record
TN:
SF:src/tokens/FontWeightTokens.ts
FN:19,generateFontWeightPlatformValues
FN:157,getFontWeightToken
FN:164,getAllFontWeightTokens
FNF:3
FNH:1
FNDA:9,generateFontWeightPlatformValues
FNDA:0,getFontWeightToken
FNDA:0,getAllFontWeightTokens
DA:9,1
DA:14,1
DA:20,9
DA:30,1
DA:152,1
DA:157,1
DA:158,0
DA:164,1
DA:165,0
LF:9
LH:7
BRF:0
BRH:0
end_of_record
TN:
SF:src/tokens/GlowBlurTokens.ts
FN:28,generateGlowBlurPlatformValues
FN:117,getGlowBlurToken
FN:124,getAllGlowBlurTokens
FNF:3
FNH:1
FNDA:5,generateGlowBlurPlatformValues
FNDA:0,getGlowBlurToken
FNDA:0,getAllGlowBlurTokens
DA:18,1
DA:23,1
DA:29,5
DA:42,1
DA:112,1
DA:117,1
DA:118,0
DA:124,1
DA:125,0
LF:9
LH:7
BRF:0
BRH:0
end_of_record
TN:
SF:src/tokens/GlowOpacityTokens.ts
FN:28,generateGlowOpacityPlatformValues
FN:104,getGlowOpacityToken
FN:111,getAllGlowOpacityTokens
FNF:3
FNH:1
FNDA:4,generateGlowOpacityPlatformValues
FNDA:0,getGlowOpacityToken
FNDA:0,getAllGlowOpacityTokens
DA:18,1
DA:23,1
DA:29,4
DA:42,1
DA:99,1
DA:104,1
DA:105,0
DA:111,1
DA:112,0
LF:9
LH:7
BRF:0
BRH:0
end_of_record
TN:
SF:src/tokens/LetterSpacingTokens.ts
FN:19,generateLetterSpacingPlatformValues
FN:105,getLetterSpacingToken
FN:112,getAllLetterSpacingTokens
FNF:3
FNH:1
FNDA:5,generateLetterSpacingPlatformValues
FNDA:0,getLetterSpacingToken
FNDA:0,getAllLetterSpacingTokens
DA:9,1
DA:14,1
DA:20,5
DA:30,1
DA:100,1
DA:105,1
DA:106,0
DA:112,1
DA:113,0
LF:9
LH:7
BRF:0
BRH:0
end_of_record
TN:
SF:src/tokens/LineHeightTokens.ts
FN:19,generateLineHeightPlatformValues
FN:183,getLineHeightToken
FN:190,getAllLineHeightTokens
FN:198,calculateComputedLineHeight
FNF:4
FNH:1
FNDA:11,generateLineHeightPlatformValues
FNDA:0,getLineHeightToken
FNDA:0,getAllLineHeightTokens
FNDA:0,calculateComputedLineHeight
DA:9,1
DA:14,1
DA:20,11
DA:30,1
DA:178,1
DA:183,1
DA:184,0
DA:190,1
DA:191,0
DA:198,1
DA:199,0
LF:11
LH:8
BRF:0
BRH:0
end_of_record
TN:
SF:src/tokens/OpacityTokens.ts
FN:21,generateOpacityPlatformValues
FN:224,getOpacityToken
FN:231,getAllOpacityTokens
FNF:3
FNH:1
FNDA:14,generateOpacityPlatformValues
FNDA:0,getOpacityToken
FNDA:0,getAllOpacityTokens
DA:10,1
DA:15,1
DA:22,14
DA:32,1
DA:219,1
DA:224,1
DA:225,0
DA:231,1
DA:232,0
LF:9
LH:7
BRF:0
BRH:0
end_of_record
TN:
SF:src/tokens/RadiusTokens.ts
FN:19,generateRadiusPlatformValues
FN:213,getRadiusToken
FN:220,getAllRadiusTokens
FN:227,getBaselineAlignedRadiusTokens
FN:228,(anonymous_4)
FN:234,getStrategicFlexibilityRadiusTokens
FN:235,(anonymous_6)
FNF:7
FNH:1
FNDA:12,generateRadiusPlatformValues
FNDA:0,getRadiusToken
FNDA:0,getAllRadiusTokens
FNDA:0,getBaselineAlignedRadiusTokens
FNDA:0,(anonymous_4)
FNDA:0,getStrategicFlexibilityRadiusTokens
FNDA:0,(anonymous_6)
DA:9,1
DA:14,1
DA:20,12
DA:30,1
DA:208,1
DA:213,1
DA:214,0
DA:220,1
DA:221,0
DA:227,1
DA:228,0
DA:234,1
DA:235,0
LF:13
LH:9
BRF:0
BRH:0
end_of_record
TN:
SF:src/tokens/ScaleTokens.ts
FN:46,generateScalePlatformValues
FN:152,getScaleToken
FN:165,getAllScaleTokens
FNF:3
FNH:1
FNDA:6,generateScalePlatformValues
FNDA:0,getScaleToken
FNDA:0,getAllScaleTokens
DA:29,1
DA:34,1
DA:47,6
DA:57,1
DA:140,1
DA:152,1
DA:153,0
DA:165,1
DA:166,0
LF:9
LH:7
BRF:0
BRH:0
end_of_record
TN:
SF:src/tokens/ShadowBlurTokens.ts
FN:27,generateShadowBlurPlatformValues
FN:136,getShadowBlurToken
FN:143,getAllShadowBlurTokens
FNF:3
FNH:1
FNDA:6,generateShadowBlurPlatformValues
FNDA:0,getShadowBlurToken
FNDA:0,getAllShadowBlurTokens
DA:17,1
DA:22,1
DA:28,6
DA:48,1
DA:131,1
DA:136,1
DA:137,0
DA:143,1
DA:144,0
LF:9
LH:7
BRF:0
BRH:0
end_of_record
TN:
SF:src/tokens/ShadowOffsetTokens.ts
FN:30,generateShadowOffsetPlatformValues
FN:256,getShadowOffsetXToken
FN:263,getShadowOffsetYToken
FN:270,getAllShadowOffsetXTokens
FN:277,getAllShadowOffsetYTokens
FNF:5
FNH:1
FNDA:14,generateShadowOffsetPlatformValues
FNDA:0,getShadowOffsetXToken
FNDA:0,getShadowOffsetYToken
FNDA:0,getAllShadowOffsetXTokens
FNDA:0,getAllShadowOffsetYTokens
DA:20,1
DA:25,1
DA:31,14
DA:46,1
DA:176,1
DA:246,1
DA:251,1
DA:256,1
DA:257,0
DA:263,1
DA:264,0
DA:270,1
DA:271,0
DA:277,1
DA:278,0
LF:15
LH:11
BRF:0
BRH:0
end_of_record
TN:
SF:src/tokens/ShadowOpacityTokens.ts
FN:21,generateShadowOpacityPlatformValues
FN:110,getShadowOpacityToken
FN:114,getAllShadowOpacityTokens
FNF:3
FNH:1
FNDA:6,generateShadowOpacityPlatformValues
FNDA:0,getShadowOpacityToken
FNDA:0,getAllShadowOpacityTokens
DA:17,1
DA:19,1
DA:22,6
DA:29,1
DA:110,1
DA:111,0
DA:114,1
DA:115,0
DA:118,1
LF:9
LH:7
BRF:0
BRH:0
end_of_record
TN:
SF:src/tokens/SpacingTokens.ts
FN:20,generateSpacingPlatformValues
FN:210,getSpacingToken
FN:217,getAllSpacingTokens
FNF:3
FNH:1
FNDA:39,generateSpacingPlatformValues
FNDA:0,getSpacingToken
FNDA:0,getAllSpacingTokens
DA:9,3
DA:10,3
DA:15,3
DA:21,39
DA:31,3
DA:205,3
DA:210,3
DA:211,0
DA:217,3
DA:218,0
LF:10
LH:8
BRF:0
BRH:0
end_of_record
TN:
SF:src/tokens/TapAreaTokens.ts
FN:20,generateTapAreaPlatformValues
FN:93,getTapAreaToken
FN:100,getAllTapAreaTokens
FN:107,validateTapAreaAccessibility
FNF:4
FNH:1
FNDA:4,generateTapAreaPlatformValues
FNDA:0,getTapAreaToken
FNDA:0,getAllTapAreaTokens
FNDA:0,validateTapAreaAccessibility
DA:10,1
DA:15,1
DA:21,4
DA:31,1
DA:88,1
DA:93,1
DA:94,0
DA:100,1
DA:101,0
DA:107,1
DA:112,0
DA:113,0
DA:114,0
DA:116,0
DA:119,0
LF:15
LH:8
BRDA:112,0,0,0
BRDA:112,0,1,0
BRDA:113,1,0,0
BRDA:113,1,1,0
BRF:4
BRH:0
end_of_record
TN:
SF:src/tokens/index.ts
FN:10,(anonymous_0)
FN:11,(anonymous_1)
FN:12,(anonymous_2)
FN:13,(anonymous_3)
FN:14,(anonymous_4)
FN:19,(anonymous_5)
FN:20,(anonymous_6)
FN:21,(anonymous_7)
FN:22,(anonymous_8)
FN:23,(anonymous_9)
FN:24,(anonymous_10)
FN:29,(anonymous_11)
FN:30,(anonymous_12)
FN:31,(anonymous_13)
FN:32,(anonymous_14)
FN:37,(anonymous_15)
FN:38,(anonymous_16)
FN:39,(anonymous_17)
FN:40,(anonymous_18)
FN:41,(anonymous_19)
FN:46,(anonymous_20)
FN:47,(anonymous_21)
FN:48,(anonymous_22)
FN:49,(anonymous_23)
FN:50,(anonymous_24)
FN:55,(anonymous_25)
FN:56,(anonymous_26)
FN:57,(anonymous_27)
FN:58,(anonymous_28)
FN:59,(anonymous_29)
FN:60,(anonymous_30)
FN:65,(anonymous_31)
FN:66,(anonymous_32)
FN:67,(anonymous_33)
FN:68,(anonymous_34)
FN:69,(anonymous_35)
FN:70,(anonymous_36)
FN:75,(anonymous_37)
FN:76,(anonymous_38)
FN:77,(anonymous_39)
FN:78,(anonymous_40)
FN:79,(anonymous_41)
FN:80,(anonymous_42)
FN:85,(anonymous_43)
FN:86,(anonymous_44)
FN:87,(anonymous_45)
FN:88,(anonymous_46)
FN:89,(anonymous_47)
FN:90,(anonymous_48)
FN:91,(anonymous_49)
FN:96,(anonymous_50)
FN:97,(anonymous_51)
FN:98,(anonymous_52)
FN:99,(anonymous_53)
FN:100,(anonymous_54)
FN:101,(anonymous_55)
FN:102,(anonymous_56)
FN:103,(anonymous_57)
FN:104,(anonymous_58)
FN:105,(anonymous_59)
FN:106,(anonymous_60)
FN:107,(anonymous_61)
FN:108,(anonymous_62)
FN:109,(anonymous_63)
FN:110,(anonymous_64)
FN:111,(anonymous_65)
FN:112,(anonymous_66)
FN:113,(anonymous_67)
FN:114,(anonymous_68)
FN:115,(anonymous_69)
FN:116,(anonymous_70)
FN:117,(anonymous_71)
FN:118,(anonymous_72)
FN:119,(anonymous_73)
FN:120,(anonymous_74)
FN:121,(anonymous_75)
FN:126,(anonymous_76)
FN:127,(anonymous_77)
FN:128,(anonymous_78)
FN:129,(anonymous_79)
FN:130,(anonymous_80)
FN:135,(anonymous_81)
FN:136,(anonymous_82)
FN:137,(anonymous_83)
FN:138,(anonymous_84)
FN:139,(anonymous_85)
FN:140,(anonymous_86)
FN:141,(anonymous_87)
FN:142,(anonymous_88)
FN:143,(anonymous_89)
FN:147,(anonymous_90)
FN:148,(anonymous_91)
FN:149,(anonymous_92)
FN:150,(anonymous_93)
FN:151,(anonymous_94)
FN:155,(anonymous_95)
FN:156,(anonymous_96)
FN:157,(anonymous_97)
FN:158,(anonymous_98)
FN:159,(anonymous_99)
FN:164,(anonymous_100)
FN:165,(anonymous_101)
FN:166,(anonymous_102)
FN:167,(anonymous_103)
FN:168,(anonymous_104)
FN:172,(anonymous_105)
FN:173,(anonymous_106)
FN:174,(anonymous_107)
FN:175,(anonymous_108)
FN:176,(anonymous_109)
FN:181,(anonymous_110)
FN:182,(anonymous_111)
FN:183,(anonymous_112)
FN:184,(anonymous_113)
FN:185,(anonymous_114)
FN:190,(anonymous_115)
FN:191,(anonymous_116)
FN:192,(anonymous_117)
FN:193,(anonymous_118)
FN:194,(anonymous_119)
FN:195,(anonymous_120)
FN:200,(anonymous_121)
FN:201,(anonymous_122)
FN:202,(anonymous_123)
FN:203,(anonymous_124)
FN:204,(anonymous_125)
FN:209,(anonymous_126)
FN:210,(anonymous_127)
FN:211,(anonymous_128)
FN:212,(anonymous_129)
FN:213,(anonymous_130)
FN:218,(anonymous_131)
FN:219,(anonymous_132)
FN:220,(anonymous_133)
FN:221,(anonymous_134)
FN:226,(anonymous_135)
FN:227,(anonymous_136)
FN:228,(anonymous_137)
FN:229,(anonymous_138)
FN:230,(anonymous_139)
FN:286,getAllPrimitiveTokens
FN:322,getTokensByCategory
FN:330,getTokenByName
FN:332,(anonymous_143)
FN:338,getAllStrategicFlexibilityTokens
FN:339,(anonymous_145)
FN:345,getAllBaselineAlignedTokens
FN:346,(anonymous_147)
FN:352,getAllPrecisionTargetedTokens
FN:353,(anonymous_149)
FNF:150
FNH:0
[...]
FNDA:0,(anonymous_42)
FNDA:0,(anonymous_43)
FNDA:0,(anonymous_44)
FNDA:0,(anonymous_45)
FNDA:0,(anonymous_46)
FNDA:0,(anonymous_47)
FNDA:0,(anonymous_48)
FNDA:0,(anonymous_49)
FNDA:0,(anonymous_50)
FNDA:0,(anonymous_51)
FNDA:0,(anonymous_52)
FNDA:0,(anonymous_53)
FNDA:0,(anonymous_54)
FNDA:0,(anonymous_55)
FNDA:0,(anonymous_56)
FNDA:0,(anonymous_57)
FNDA:0,(anonymous_58)
FNDA:0,(anonymous_59)
FNDA:0,(anonymous_60)
FNDA:0,(anonymous_61)
FNDA:0,(anonymous_62)
FNDA:0,(anonymous_63)
FNDA:0,(anonymous_64)
FNDA:0,(anonymous_65)
FNDA:0,(anonymous_66)
FNDA:0,(anonymous_67)
FNDA:0,(anonymous_68)
FNDA:0,(anonymous_69)
FNDA:0,(anonymous_70)
FNDA:0,(anonymous_71)
FNDA:0,(anonymous_72)
FNDA:0,(anonymous_73)
FNDA:0,(anonymous_74)
FNDA:0,(anonymous_75)
FNDA:0,(anonymous_76)
FNDA:0,(anonymous_77)
FNDA:0,(anonymous_78)
FNDA:0,(anonymous_79)
FNDA:0,(anonymous_80)
FNDA:0,(anonymous_81)
FNDA:0,(anonymous_82)
FNDA:0,(anonymous_83)
FNDA:0,(anonymous_84)
FNDA:0,(anonymous_85)
FNDA:0,(anonymous_86)
FNDA:0,(anonymous_87)
FNDA:0,(anonymous_88)
FNDA:0,(anonymous_89)
FNDA:0,(anonymous_90)
FNDA:0,(anonymous_91)
FNDA:0,(anonymous_92)
FNDA:0,(anonymous_93)
FNDA:0,(anonymous_94)
FNDA:0,(anonymous_95)
FNDA:0,(anonymous_96)
FNDA:0,(anonymous_97)
FNDA:0,(anonymous_98)
FNDA:0,(anonymous_99)
FNDA:0,(anonymous_100)
FNDA:0,(anonymous_101)
FNDA:0,(anonymous_102)
FNDA:0,(anonymous_103)
FNDA:0,(anonymous_104)
FNDA:0,(anonymous_105)
FNDA:0,(anonymous_106)
FNDA:0,(anonymous_107)
FNDA:0,(anonymous_108)
FNDA:0,(anonymous_109)
FNDA:0,(anonymous_110)
FNDA:0,(anonymous_111)
FNDA:0,(anonymous_112)
FNDA:0,(anonymous_113)
FNDA:0,(anonymous_114)
FNDA:0,(anonymous_115)
FNDA:0,(anonymous_116)
FNDA:0,(anonymous_117)
FNDA:0,(anonymous_118)
FNDA:0,(anonymous_119)
FNDA:0,(anonymous_120)
FNDA:0,(anonymous_121)
FNDA:0,(anonymous_122)
FNDA:0,(anonymous_123)
FNDA:0,(anonymous_124)
FNDA:0,(anonymous_125)
FNDA:0,(anonymous_126)
FNDA:0,(anonymous_127)
FNDA:0,(anonymous_128)
FNDA:0,(anonymous_129)
FNDA:0,(anonymous_130)
FNDA:0,(anonymous_131)
FNDA:0,(anonymous_132)
FNDA:0,(anonymous_133)
FNDA:0,(anonymous_134)
FNDA:0,(anonymous_135)
FNDA:0,(anonymous_136)
FNDA:0,(anonymous_137)
FNDA:0,(anonymous_138)
FNDA:0,(anonymous_139)
FNDA:0,getAllPrimitiveTokens
FNDA:0,getTokensByCategory
FNDA:0,getTokenByName
FNDA:0,(anonymous_143)
FNDA:0,getAllStrategicFlexibilityTokens
FNDA:0,(anonymous_145)
FNDA:0,getAllBaselineAlignedTokens
FNDA:0,(anonymous_147)
FNDA:0,getAllPrecisionTargetedTokens
FNDA:0,(anonymous_149)
DA:9,1
DA:10,1
DA:11,1
DA:12,1
DA:13,1
DA:14,1
DA:18,1
DA:19,1
DA:20,1
DA:21,1
DA:22,1
DA:23,1
DA:24,1
DA:28,1
DA:29,1
DA:30,1
DA:31,1
DA:32,1
DA:36,1
DA:37,1
DA:38,1
DA:39,1
DA:40,1
DA:41,1
DA:45,1
DA:46,1
DA:47,1
DA:48,1
DA:49,1
DA:50,1
DA:54,1
DA:55,1
DA:56,1
DA:57,1
DA:58,1
DA:59,1
DA:60,1
DA:64,1
DA:65,1
DA:66,1
DA:67,1
DA:68,1
DA:69,1
DA:70,1
DA:74,1
DA:75,1
DA:76,1
DA:77,1
DA:78,1
DA:79,1
DA:80,1
DA:84,1
DA:85,1
DA:86,1
DA:87,1
DA:88,1
DA:89,1
DA:90,1
DA:91,1
DA:95,1
DA:96,1
DA:97,1
DA:98,1
DA:99,1
DA:100,1
DA:101,1
DA:102,1
DA:103,1
DA:104,1
DA:105,1
DA:106,1
DA:107,1
DA:108,1
DA:109,1
DA:110,1
DA:111,1
DA:112,1
DA:113,1
DA:114,1
DA:115,1
DA:116,1
DA:117,1
DA:118,1
DA:119,1
DA:120,1
DA:121,1
DA:125,1
DA:126,1
DA:127,1
DA:128,1
DA:129,1
DA:130,1
DA:134,1
DA:135,1
DA:136,1
DA:137,1
DA:138,1
DA:139,1
DA:140,1
DA:141,1
DA:142,1
DA:143,1
DA:146,1
DA:147,1
DA:148,1
DA:149,1
DA:150,1
DA:151,1
DA:154,1
DA:155,1
DA:156,1
DA:157,1
DA:158,1
DA:159,1
DA:163,1
DA:164,1
DA:165,1
DA:166,1
DA:167,1
DA:168,1
DA:171,1
DA:172,1
DA:173,1
DA:174,1
DA:175,1
DA:176,1
DA:180,1
DA:181,1
DA:182,1
DA:183,1
DA:184,1
DA:185,1
DA:189,1
DA:190,1
DA:191,1
DA:192,1
DA:193,1
DA:194,1
DA:195,1
DA:199,1
DA:200,1
DA:201,1
DA:202,1
DA:203,1
DA:204,1
DA:208,1
DA:209,1
DA:210,1
DA:211,1
DA:212,1
DA:213,1
DA:217,1
DA:218,1
DA:219,1
DA:220,1
DA:221,1
DA:225,1
DA:226,1
DA:227,1
DA:228,1
DA:229,1
DA:230,1
DA:234,1
DA:235,1
DA:236,1
DA:237,1
DA:238,1
DA:239,1
DA:240,1
DA:241,1
DA:242,1
DA:243,1
DA:244,1
DA:245,1
DA:246,1
DA:247,1
DA:248,1
DA:249,1
DA:250,1
DA:251,1
DA:252,1
DA:253,1
DA:254,1
DA:255,1
DA:256,1
DA:261,1
DA:286,1
DA:287,0
DA:317,1
DA:322,1
DA:323,0
DA:324,0
DA:330,1
DA:331,0
DA:332,0
DA:338,1
DA:339,0
DA:345,1
DA:346,0
DA:352,1
DA:353,0
DA:359,1
LF:202
LH:194
BRDA:324,0,0,0
BRDA:324,0,1,0
BRF:2
BRH:0
end_of_record
TN:
SF:src/tokens/component/progress.ts
FN:143,validateProgressComponentTokenCount
FN:150,getProgressComponentToken
FN:157,getAllProgressComponentTokens
FN:158,(anonymous_3)
FNF:4
FNH:0
FNDA:0,validateProgressComponentTokenCount
FNDA:0,getProgressComponentToken
FNDA:0,getAllProgressComponentTokens
FNDA:0,(anonymous_3)
DA:30,3
DA:31,3
DA:32,3
DA:43,3
DA:124,3
DA:127,3
DA:143,3
DA:144,0
DA:150,3
DA:151,0
DA:157,3
DA:158,0
LF:12
LH:9
BRF:0
BRH:0
end_of_record
TN:
SF:src/tokens/semantic/AccessibilityTokens.ts
FN:159,getAccessibilityToken
FN:178,getAllAccessibilityTokens
FNF:2
FNH:0
FNDA:0,getAccessibilityToken
FNDA:0,getAllAccessibilityTokens
DA:23,1
DA:24,1
DA:27,1
DA:28,1
DA:29,1
DA:74,1
DA:122,1
DA:124,1
DA:153,1
DA:159,1
DA:160,0
DA:162,0
DA:163,0
DA:166,0
DA:167,0
DA:168,0
DA:169,0
DA:172,0
DA:178,1
DA:179,0
LF:20
LH:11
BRDA:162,0,0,0
BRDA:162,0,1,0
BRDA:166,1,0,0
BRDA:166,1,1,0
BRDA:167,2,0,0
BRDA:167,2,1,0
BRDA:168,3,0,0
BRDA:168,3,1,0
BRDA:169,4,0,0
BRDA:169,4,1,0
BRF:10
BRH:0
end_of_record
TN:
SF:src/tokens/semantic/BlendTokens.ts
FN:146,getBlendToken
FN:153,getAllBlendTokens
FN:160,validateBlendTokenCount
FNF:3
FNH:0
FNDA:0,getBlendToken
FNDA:0,getAllBlendTokens
FNDA:0,validateBlendTokenCount
DA:26,1
DA:58,1
DA:141,1
DA:146,1
DA:147,0
DA:153,1
DA:154,0
DA:160,1
DA:161,0
DA:162,0
DA:163,0
DA:164,0
DA:165,0
DA:167,0
LF:14
LH:6
BRDA:163,0,0,0
BRDA:163,0,1,0
BRF:2
BRH:0
end_of_record
TN:
SF:src/tokens/semantic/BorderWidthTokens.ts
FNF:0
FNH:0
DA:42,1
DA:62,1
DA:85,1
DA:107,1
DA:117,1
LF:5
LH:5
BRF:0
BRH:0
end_of_record
TN:
SF:src/tokens/semantic/ColorTokens.ts
FN:607,getColorToken
FN:614,getAllColorTokens
FN:644,validateColorTokenCount
FN:674,(anonymous_3)
FN:693,(anonymous_4)
FN:704,getAvatarColorTokenDeprecated
FN:724,getBadgeNotificationColorTokenDeprecated
FNF:7
FNH:0
FNDA:0,getColorToken
FNDA:0,getAllColorTokens
FNDA:0,validateColorTokenCount
FNDA:0,(anonymous_3)
FNDA:0,(anonymous_4)
FNDA:0,getAvatarColorTokenDeprecated
FNDA:0,getBadgeNotificationColorTokenDeprecated
DA:66,1
DA:74,1
DA:602,1
DA:607,1
DA:608,0
DA:614,1
DA:615,0
DA:644,1
DA:645,0
DA:646,0
DA:647,0
DA:648,0
DA:649,0
DA:651,0
DA:674,1
DA:693,1
DA:696,1
DA:697,1
DA:704,1
DA:705,0
DA:706,0
DA:711,0
DA:715,0
DA:716,0
DA:724,1
DA:725,0
DA:726,0
DA:731,0
DA:735,0
DA:736,0
LF:30
LH:12
BRDA:647,0,0,0
BRDA:647,0,1,0
BRDA:705,1,0,0
BRDA:705,1,1,0
BRDA:725,2,0,0
BRDA:725,2,1,0
BRF:6
BRH:0
end_of_record
TN:
SF:src/tokens/semantic/ElevationTokens.ts
FN:146,getElevationToken
FN:161,getAllElevationTokens
FNF:2
FNH:0
FNDA:0,getElevationToken
FNDA:0,getAllElevationTokens
DA:32,1
DA:62,1
DA:146,1
DA:147,0
DA:161,1
DA:162,0
DA:177,1
LF:7
LH:5
BRF:0
BRH:0
end_of_record
TN:
SF:src/tokens/semantic/GridSpacingTokens.ts
FN:138,getGridSpacingToken
FN:145,getAllGridSpacingTokens
FNF:2
FNH:0
FNDA:0,getGridSpacingToken
FNDA:0,getAllGridSpacingTokens
DA:19,1
DA:25,1
DA:133,1
DA:138,1
DA:139,0
DA:145,1
DA:146,0
LF:7
LH:5
BRF:0
BRH:0
end_of_record
TN:
SF:src/tokens/semantic/IconTokens.ts
FN:47,calculateIconSize
FN:61,generateIconSizeContext
FN:75,generateIconSizeDescription
FN:112,generateIconSizeTokens
FN:154,parseMultiplier
FN:172,isCustomMultiplier
FN:333,getIconToken
FN:340,getAllIconTokens
FNF:8
FNH:0
FNDA:0,calculateIconSize
FNDA:0,generateIconSizeContext
FNDA:0,generateIconSizeDescription
FNDA:0,generateIconSizeTokens
FNDA:0,parseMultiplier
FNDA:0,isCustomMultiplier
FNDA:0,getIconToken
FNDA:0,getAllIconTokens
DA:16,1
DA:18,1
DA:19,1
DA:25,1
DA:47,1
DA:51,0
DA:52,0
DA:62,0
DA:82,0
DA:83,0
DA:84,0
DA:86,0
DA:87,0
DA:90,0
DA:97,1
DA:103,1
DA:112,1
DA:113,0
DA:114,0
DA:116,0
DA:117,0
DA:118,0
DA:119,0
DA:120,0
DA:122,0
DA:124,0
DA:125,0
DA:127,0
DA:128,0
DA:129,0
DA:131,0
DA:132,0
DA:134,0
DA:147,0
DA:154,1
DA:155,0
DA:156,0
DA:158,0
DA:159,0
DA:162,0
DA:163,0
DA:164,0
DA:166,0
DA:172,1
DA:173,0
DA:174,0
DA:176,0
DA:190,1
DA:328,1
DA:333,1
DA:334,0
DA:340,1
DA:341,0
LF:53
LH:14
BRDA:51,0,0,0
BRDA:51,0,1,0
BRDA:62,1,0,0
BRDA:62,1,1,0
BRDA:84,2,0,0
BRDA:84,2,1,0
BRDA:86,3,0,0
BRDA:86,3,1,0
BRDA:122,4,0,0
BRDA:122,4,1,0
BRDA:122,5,0,0
BRDA:122,5,1,0
BRDA:127,6,0,0
BRDA:127,6,1,0
BRDA:128,7,0,0
BRDA:128,7,1,0
BRDA:129,8,0,0
BRDA:129,8,1,0
BRDA:155,9,0,0
BRDA:155,9,1,0
BRDA:158,10,0,0
BRDA:158,10,1,0
BRDA:163,11,0,0
BRDA:163,11,1,0
BRDA:173,12,0,0
BRDA:173,12,1,0
BRF:26
BRH:0
end_of_record
TN:
SF:src/tokens/semantic/LayeringTokens.ts
FN:103,(anonymous_0)
FN:104,(anonymous_1)
FN:105,(anonymous_2)
FN:106,(anonymous_3)
FN:112,(anonymous_4)
FN:113,(anonymous_5)
FN:114,(anonymous_6)
FN:115,(anonymous_7)
FN:130,getAllLayeringTokens
FN:158,getLayeringTokensByPlatform
FNF:10
FNH:0
FNDA:0,(anonymous_0)
FNDA:0,(anonymous_1)
FNDA:0,(anonymous_2)
FNDA:0,(anonymous_3)
FNDA:0,(anonymous_4)
FNDA:0,(anonymous_5)
FNDA:0,(anonymous_6)
FNDA:0,(anonymous_7)
FNDA:0,getAllLayeringTokens
FNDA:0,getLayeringTokensByPlatform
DA:101,1
DA:103,1
DA:104,1
DA:105,1
DA:106,1
DA:110,1
DA:112,1
DA:113,1
DA:114,1
DA:115,1
DA:130,1
DA:132,0
DA:133,0
DA:135,0
DA:158,1
DA:160,0
DA:161,0
DA:163,0
DA:164,0
DA:166,0
LF:20
LH:12
BRDA:163,0,0,0
BRDA:163,0,1,0
BRF:2
BRH:0
end_of_record
TN:
SF:src/tokens/semantic/MotionTokens.ts
FN:118,getMotionToken
FN:131,getAllMotionTokens
FNF:2
FNH:0
FNDA:0,getMotionToken
FNDA:0,getAllMotionTokens
DA:27,1
DA:50,1
DA:106,1
DA:118,1
DA:119,0
DA:131,1
DA:132,0
LF:7
LH:5
BRF:0
BRH:0
end_of_record
TN:
SF:src/tokens/semantic/OpacityTokens.ts
FN:67,getOpacityToken
FN:74,getAllOpacityTokens
FN:81,validateOpacityTokenCount
FNF:3
FNH:0
FNDA:0,getOpacityToken
FNDA:0,getAllOpacityTokens
FNDA:0,validateOpacityTokenCount
DA:18,1
DA:24,1
DA:62,1
DA:67,1
DA:68,0
DA:74,1
DA:75,0
DA:81,1
DA:82,0
DA:83,0
DA:84,0
DA:85,0
DA:86,0
DA:88,0
LF:14
LH:6
BRDA:84,0,0,0
BRDA:84,0,1,0
BRF:2
BRH:0
end_of_record
TN:
SF:src/tokens/semantic/RadiusTokens.ts
FNF:0
FNH:0
DA:46,1
DA:65,1
DA:85,1
DA:106,1
DA:126,1
DA:146,1
DA:172,1
DA:182,1
LF:8
LH:8
BRF:0
BRH:0
end_of_record
TN:
SF:src/tokens/semantic/ShadowTokens.ts
FN:408,getShadowToken
FN:415,getAllShadowTokens
FNF:2
FNH:0
FNDA:0,getShadowToken
FNDA:0,getAllShadowTokens
DA:15,1
DA:44,1
DA:403,1
DA:408,1
DA:409,0
DA:415,1
DA:416,0
LF:7
LH:5
BRF:0
BRH:0
end_of_record
TN:
SF:src/tokens/semantic/SpacingTokens.ts
FNF:0
FNH:0
DA:29,1
DA:176,1
DA:240,1
LF:3
LH:3
BRF:0
BRH:0
end_of_record
TN:
SF:src/tokens/semantic/StyleTokens.ts
FN:20,getStyleToken
FNF:1
FNH:0
FNDA:0,getStyleToken
DA:14,1
DA:20,1
DA:21,0
LF:3
LH:2
BRF:0
BRH:0
end_of_record
TN:
SF:src/tokens/semantic/TypographyTokens.ts
FN:392,getTypographyToken
FN:399,getAllTypographyTokens
FNF:2
FNH:0
FNDA:0,getTypographyToken
FNDA:0,getAllTypographyTokens
DA:15,1
DA:16,1
DA:28,1
DA:29,1
DA:35,1
DA:387,1
DA:392,1
DA:393,0
DA:399,1
DA:400,0
LF:10
LH:8
BRF:0
BRH:0
end_of_record
TN:
SF:src/tokens/semantic/ZIndexTokens.ts
FN:115,getZIndexToken
FN:122,getAllZIndexTokens
FNF:2
FNH:0
FNDA:0,getZIndexToken
FNDA:0,getAllZIndexTokens
DA:29,1
DA:50,1
DA:110,1
DA:115,1
DA:116,0
DA:122,1
DA:123,0
LF:7
LH:5
BRF:0
BRH:0
end_of_record
TN:
SF:src/tokens/semantic/color-progress.ts
FN:149,getProgressColorToken
FN:156,getAllProgressColorTokens
FN:163,validateProgressColorTokenCount
FNF:3
FNH:0
FNDA:0,getProgressColorToken
FNDA:0,getAllProgressColorTokens
FNDA:0,validateProgressColorTokenCount
DA:26,2
DA:34,2
DA:141,2
DA:144,2
DA:149,2
DA:150,0
DA:156,2
DA:157,0
DA:163,2
DA:164,0
LF:10
LH:7
BRF:0
BRH:0
end_of_record
TN:
SF:src/tokens/semantic/index.ts
FN:30,(anonymous_4)
FN:30,(anonymous_5)
FN:34,(anonymous_6)
FN:35,(anonymous_7)
FN:36,(anonymous_8)
FN:37,(anonymous_9)
FN:38,(anonymous_10)
FN:42,(anonymous_11)
FN:43,(anonymous_12)
FN:44,(anonymous_13)
FN:48,(anonymous_14)
FN:49,(anonymous_15)
FN:50,(anonymous_16)
FN:51,(anonymous_17)
FN:55,(anonymous_18)
FN:56,(anonymous_19)
FN:57,(anonymous_20)
FN:58,(anonymous_21)
FN:62,(anonymous_22)
FN:63,(anonymous_23)
FN:64,(anonymous_24)
FN:65,(anonymous_25)
FN:66,(anonymous_26)
FN:70,(anonymous_27)
FN:72,(anonymous_28)
FN:73,(anonymous_29)
FN:74,(anonymous_30)
FN:75,(anonymous_31)
FN:76,(anonymous_32)
FN:77,(anonymous_33)
FN:78,(anonymous_34)
FN:82,(anonymous_35)
FN:83,(anonymous_36)
FN:84,(anonymous_37)
FN:85,(anonymous_38)
FN:86,(anonymous_39)
FN:90,(anonymous_40)
FN:91,(anonymous_41)
FN:92,(anonymous_42)
FN:93,(anonymous_43)
FN:94,(anonymous_44)
FN:98,(anonymous_45)
FN:99,(anonymous_46)
FN:100,(anonymous_47)
FN:101,(anonymous_48)
FN:102,(anonymous_49)
FN:103,(anonymous_50)
FN:104,(anonymous_51)
FN:105,(anonymous_52)
FN:106,(anonymous_53)
FN:107,(anonymous_54)
FN:111,(anonymous_55)
FN:112,(anonymous_56)
FN:113,(anonymous_57)
FN:114,(anonymous_58)
FN:118,(anonymous_59)
FN:119,(anonymous_60)
FN:120,(anonymous_61)
FN:121,(anonymous_62)
FN:122,(anonymous_63)
FN:123,(anonymous_64)
FN:127,(anonymous_65)
FN:128,(anonymous_66)
FN:129,(anonymous_67)
FN:130,(anonymous_68)
FN:131,(anonymous_69)
FN:135,(anonymous_70)
FN:136,(anonymous_71)
FN:137,(anonymous_72)
FN:138,(anonymous_73)
FN:142,(anonymous_74)
FN:143,(anonymous_75)
FN:144,(anonymous_76)
FN:145,(anonymous_77)
FN:146,(anonymous_78)
FN:147,(anonymous_79)
FN:172,getSemanticToken
FN:281,getSpacingTokenByPath
FN:314,getSpacingContext
FN:353,getSpacingDescription
FN:373,getAllSemanticTokens
FN:451,getSemanticTokensByCategory
FN:458,(anonymous_86)
FN:460,(anonymous_87)
FN:480,validateSemanticTokenStructure
FN:517,getSpacingRecommendation
FN:548,getTypographyRecommendation
FN:582,getSemanticTokenStats
FN:595,(anonymous_92)
FNF:89
FNH:0
FNDA:0,(anonymous_4)
FNDA:0,(anonymous_5)
FNDA:0,(anonymous_6)
FNDA:0,(anonymous_7)
FNDA:0,(anonymous_8)
FNDA:0,(anonymous_9)
FNDA:0,(anonymous_10)
FNDA:0,(anonymous_11)
FNDA:0,(anonymous_12)
FNDA:0,(anonymous_13)
FNDA:0,(anonymous_14)
FNDA:0,(anonymous_15)
FNDA:0,(anonymous_16)
FNDA:0,(anonymous_17)
FNDA:0,(anonymous_18)
FNDA:0,(anonymous_19)
FNDA:0,(anonymous_20)
FNDA:0,(anonymous_21)
FNDA:0,(anonymous_22)
FNDA:0,(anonymous_23)
FNDA:0,(anonymous_24)
FNDA:0,(anonymous_25)
FNDA:0,(anonymous_26)
FNDA:0,(anonymous_27)
FNDA:0,(anonymous_28)
FNDA:0,(anonymous_29)
FNDA:0,(anonymous_30)
FNDA:0,(anonymous_31)
FNDA:0,(anonymous_32)
FNDA:0,(anonymous_33)
FNDA:0,(anonymous_34)
FNDA:0,(anonymous_35)
FNDA:0,(anonymous_36)
FNDA:0,(anonymous_37)
FNDA:0,(anonymous_38)
FNDA:0,(anonymous_39)
FNDA:0,(anonymous_40)
FNDA:0,(anonymous_41)
FNDA:0,(anonymous_42)
FNDA:0,(anonymous_43)
FNDA:0,(anonymous_44)
FNDA:0,(anonymous_45)
FNDA:0,(anonymous_46)
FNDA:0,(anonymous_47)
FNDA:0,(anonymous_48)
FNDA:0,(anonymous_49)
FNDA:0,(anonymous_50)
FNDA:0,(anonymous_51)
FNDA:0,(anonymous_52)
FNDA:0,(anonymous_53)
FNDA:0,(anonymous_54)
FNDA:0,(anonymous_55)
FNDA:0,(anonymous_56)
FNDA:0,(anonymous_57)
FNDA:0,(anonymous_58)
FNDA:0,(anonymous_59)
FNDA:0,(anonymous_60)
FNDA:0,(anonymous_61)
FNDA:0,(anonymous_62)
FNDA:0,(anonymous_63)
FNDA:0,(anonymous_64)
FNDA:0,(anonymous_65)
FNDA:0,(anonymous_66)
FNDA:0,(anonymous_67)
FNDA:0,(anonymous_68)
FNDA:0,(anonymous_69)
FNDA:0,(anonymous_70)
FNDA:0,(anonymous_71)
FNDA:0,(anonymous_72)
FNDA:0,(anonymous_73)
FNDA:0,(anonymous_74)
FNDA:0,(anonymous_75)
FNDA:0,(anonymous_76)
FNDA:0,(anonymous_77)
FNDA:0,(anonymous_78)
FNDA:0,(anonymous_79)
FNDA:0,getSemanticToken
FNDA:0,getSpacingTokenByPath
FNDA:0,getSpacingContext
FNDA:0,getSpacingDescription
FNDA:0,getAllSemanticTokens
FNDA:0,getSemanticTokensByCategory
FNDA:0,(anonymous_86)
FNDA:0,(anonymous_87)
FNDA:0,validateSemanticTokenStructure
FNDA:0,getSpacingRecommendation
FNDA:0,getTypographyRecommendation
FNDA:0,getSemanticTokenStats
FNDA:0,(anonymous_92)
DA:15,1
DA:16,1
DA:17,1
DA:18,1
DA:19,1
DA:20,1
DA:21,1
DA:22,1
DA:23,1
DA:24,1
DA:25,1
DA:26,1
DA:27,1
DA:30,1
DA:33,1
DA:34,1
DA:35,1
DA:36,1
DA:37,1
DA:38,1
DA:41,1
DA:42,1
DA:43,1
DA:44,1
DA:47,1
DA:48,1
DA:49,1
DA:50,1
DA:51,1
DA:54,1
DA:55,1
DA:56,1
DA:57,1
DA:58,1
DA:61,1
DA:62,1
DA:63,1
DA:64,1
DA:65,1
DA:66,1
DA:69,1
DA:70,1
DA:72,1
DA:73,1
DA:74,1
DA:75,1
DA:76,1
DA:77,1
DA:78,1
DA:81,1
DA:82,1
DA:83,1
DA:84,1
DA:85,1
DA:86,1
DA:89,1
DA:90,1
DA:91,1
DA:92,1
DA:93,1
DA:94,1
DA:97,1
DA:98,1
DA:99,1
DA:100,1
DA:101,1
DA:102,1
DA:103,1
DA:104,1
DA:105,1
DA:106,1
DA:107,1
DA:110,1
DA:111,1
DA:112,1
DA:113,1
DA:114,1
DA:117,1
DA:118,1
DA:119,1
DA:120,1
DA:121,1
DA:122,1
DA:123,1
DA:126,1
DA:127,1
DA:128,1
DA:129,1
DA:130,1
DA:131,1
DA:134,1
DA:135,1
DA:136,1
DA:137,1
DA:138,1
DA:141,1
DA:142,1
DA:143,1
DA:144,1
DA:145,1
DA:146,1
DA:147,1
DA:152,1
DA:153,1
DA:154,1
DA:155,1
DA:156,1
DA:157,1
DA:158,1
DA:159,1
DA:160,1
DA:161,1
DA:162,1
DA:163,1
DA:164,1
DA:165,1
DA:166,1
DA:172,1
DA:174,0
DA:175,0
DA:179,0
DA:180,0
DA:184,0
DA:185,0
DA:189,0
DA:190,0
DA:191,0
DA:192,0
DA:193,0
DA:204,0
DA:205,0
DA:206,0
DA:207,0
DA:208,0
DA:219,0
DA:220,0
DA:224,0
DA:225,0
DA:229,0
DA:230,0
DA:234,0
DA:235,0
DA:239,0
DA:240,0
DA:244,0
DA:245,0
DA:249,0
DA:250,0
DA:254,0
DA:255,0
DA:256,0
DA:257,0
DA:258,0
DA:259,0
DA:270,0
DA:271,0
DA:274,0
DA:282,0
DA:284,0
DA:285,0
DA:288,0
DA:291,0
DA:292,0
DA:293,0
DA:296,0
DA:297,0
DA:298,0
DA:302,0
DA:315,0
DA:347,0
DA:354,0
DA:356,0
DA:364,0
DA:365,0
DA:367,0
DA:373,1
DA:374,0
DA:377,0
DA:380,0
DA:383,0
DA:386,0
DA:389,0
DA:392,0
DA:395,0
DA:398,0
DA:401,0
DA:404,0
DA:407,0
DA:410,0
DA:413,0
DA:414,0
DA:424,0
DA:425,0
DA:435,0
DA:436,0
DA:437,0
DA:438,0
DA:439,0
DA:440,0
DA:445,0
DA:451,1
DA:452,0
DA:454,0
DA:456,0
DA:458,0
DA:460,0
DA:462,0
DA:464,0
DA:466,0
DA:468,0
DA:470,0
DA:472,0
DA:480,1
DA:484,0
DA:486,0
DA:487,0
DA:490,0
DA:491,0
DA:492,0
DA:493,0
DA:496,0
DA:497,0
DA:500,0
DA:501,0
DA:504,0
DA:505,0
DA:508,0
DA:517,1
DA:518,0
DA:519,0
DA:530,0
DA:531,0
DA:533,0
DA:534,0
DA:535,0
DA:536,0
DA:537,0
DA:542,0
DA:548,1
DA:549,0
DA:576,0
DA:582,1
DA:583,0
DA:585,0
DA:586,0
DA:587,0
DA:590,0
DA:595,0
LF:248
LH:124
BRDA:174,0,0,0
BRDA:174,0,1,0
BRDA:175,1,0,0
BRDA:175,1,1,0
BRDA:179,2,0,0
BRDA:179,2,1,0
BRDA:184,3,0,0
BRDA:184,3,1,0
BRDA:189,4,0,0
BRDA:189,4,1,0
BRDA:192,5,0,0
BRDA:192,5,1,0
BRDA:204,6,0,0
BRDA:204,6,1,0
BRDA:207,7,0,0
BRDA:207,7,1,0
BRDA:219,8,0,0
BRDA:219,8,1,0
BRDA:224,9,0,0
BRDA:224,9,1,0
BRDA:229,10,0,0
BRDA:229,10,1,0
BRDA:234,11,0,0
BRDA:234,11,1,0
BRDA:239,12,0,0
BRDA:239,12,1,0
BRDA:244,13,0,0
BRDA:244,13,1,0
BRDA:249,14,0,0
BRDA:249,14,1,0
BRDA:254,15,0,0
BRDA:254,15,1,0
BRDA:256,16,0,0
BRDA:256,16,1,0
BRDA:256,17,0,0
BRDA:256,17,1,0
BRDA:270,18,0,0
BRDA:270,18,1,0
BRDA:284,19,0,0
BRDA:284,19,1,0
BRDA:284,20,0,0
BRDA:284,20,1,0
BRDA:292,21,0,0
BRDA:292,21,1,0
BRDA:297,22,0,0
BRDA:297,22,1,0
BRDA:297,23,0,0
BRDA:297,23,1,0
BRDA:347,24,0,0
BRDA:347,24,1,0
BRDA:354,25,0,0
BRDA:354,25,1,0
BRDA:364,26,0,0
BRDA:364,26,1,0
BRDA:439,27,0,0
BRDA:439,27,1,0
BRDA:452,28,0,0
BRDA:452,28,1,0
BRDA:452,28,2,0
BRDA:452,28,3,0
BRDA:452,28,4,0
BRDA:452,28,5,0
BRDA:452,28,6,0
BRDA:452,28,7,0
BRDA:452,28,8,0
BRDA:452,28,9,0
BRDA:486,29,0,0
BRDA:486,29,1,0
BRDA:486,30,0,0
BRDA:486,30,1,0
BRDA:490,31,0,0
BRDA:490,31,1,0
BRDA:490,32,0,0
BRDA:490,32,1,0
BRDA:492,33,0,0
BRDA:492,33,1,0
BRDA:496,34,0,0
BRDA:496,34,1,0
BRDA:496,35,0,0
BRDA:496,35,1,0
BRDA:500,36,0,0
BRDA:500,36,1,0
BRDA:500,37,0,0
BRDA:500,37,1,0
BRDA:504,38,0,0
BRDA:504,38,1,0
BRDA:504,39,0,0
BRDA:504,39,1,0
BRDA:518,40,0,0
BRDA:518,40,1,0
BRDA:531,41,0,0
BRDA:531,41,1,0
BRDA:536,42,0,0
BRDA:536,42,1,0
BRDA:576,43,0,0
BRDA:576,43,1,0
BRDA:587,44,0,0
BRDA:587,44,1,0
BRF:98
BRH:0
end_of_record
TN:
SF:src/types/PrimitiveToken.ts
FN:12,(anonymous_0)
FNF:1
FNH:1
FNDA:3,(anonymous_0)
DA:12,3
DA:13,3
DA:14,3
DA:15,3
DA:16,3
DA:17,3
DA:18,3
DA:19,3
DA:20,3
DA:21,3
DA:22,3
DA:23,3
DA:24,3
DA:25,3
DA:26,3
DA:27,3
DA:28,3
LF:17
LH:17
BRDA:12,0,0,3
BRDA:12,0,1,3
BRF:2
BRH:2
end_of_record
TN:
SF:src/types/SemanticToken.ts
FN:14,(anonymous_0)
FNF:1
FNH:1
FNDA:3,(anonymous_0)
DA:14,3
DA:15,3
DA:16,3
DA:17,3
DA:18,3
DA:19,3
DA:20,3
DA:21,3
DA:22,3
DA:23,3
DA:24,3
LF:11
LH:11
BRDA:14,0,0,3
BRDA:14,0,1,3
BRF:2
BRH:2
end_of_record
