TN:
SF:src/components/core/Icon/platforms/web/Icon.web.ts
FN:23,loadIconSVG
FN:79,createIcon
FN:95,(anonymous_2)
FN:133,(anonymous_3)
FN:142,(anonymous_4)
FN:151,(anonymous_5)
FN:160,(anonymous_6)
FN:198,(anonymous_7)
FN:202,(anonymous_8)
FN:212,(anonymous_9)
FN:219,(anonymous_10)
FN:226,(anonymous_11)
FN:230,(anonymous_12)
FN:234,(anonymous_13)
FN:241,(anonymous_14)
FN:245,(anonymous_15)
FN:249,(anonymous_16)
FN:253,(anonymous_17)
FN:257,(anonymous_18)
FN:268,(anonymous_19)
FNF:20
FNH:20
FNDA:781,loadIconSVG
FNDA:268,createIcon
FNDA:4,(anonymous_2)
FNDA:15,(anonymous_3)
FNDA:15,(anonymous_4)
FNDA:8,(anonymous_5)
FNDA:6,(anonymous_6)
FNDA:9,(anonymous_7)
FNDA:228,(anonymous_8)
FNDA:216,(anonymous_9)
FNDA:298,(anonymous_10)
FNDA:515,(anonymous_11)
FNDA:53,(anonymous_12)
FNDA:515,(anonymous_13)
FNDA:26,(anonymous_14)
FNDA:515,(anonymous_15)
FNDA:7,(anonymous_16)
FNDA:516,(anonymous_17)
FNDA:10,(anonymous_18)
FNDA:513,(anonymous_19)
DA:26,781
DA:44,781
DA:79,9
DA:80,268
DA:83,268
DA:86,268
DA:89,268
DA:94,268
DA:97,4
DA:98,4
DA:103,268
DA:106,268
DA:108,268
DA:130,9
DA:134,15
DA:143,15
DA:152,8
DA:161,6
DA:192,9
DA:199,9
DA:203,228
DA:206,228
DA:213,216
DA:220,298
DA:221,297
DA:227,515
DA:231,53
DA:235,515
DA:237,515
DA:238,515
DA:242,26
DA:246,515
DA:250,7
DA:254,516
DA:258,10
DA:259,8
DA:261,2
DA:269,513
DA:270,513
DA:271,513
DA:272,513
DA:275,513
DA:278,513
DA:283,513
DA:286,513
DA:289,513
DA:312,9
DA:313,9
DA:319,9
LF:49
LH:49
BRDA:44,0,0,781
BRDA:44,0,1,3
BRDA:80,1,0,262
BRDA:80,2,0,266
BRDA:80,3,0,124
BRDA:89,4,0,254
BRDA:89,4,1,14
BRDA:103,5,0,2
BRDA:103,5,1,266
BRDA:106,6,0,2
BRDA:106,6,1,266
BRDA:220,7,0,297
BRDA:227,8,0,515
BRDA:227,8,1,88
BRDA:235,9,0,515
BRDA:235,9,1,306
BRDA:238,10,0,515
BRDA:238,10,1,0
BRDA:246,11,0,515
BRDA:246,11,1,501
BRDA:258,12,0,8
BRDA:258,12,1,2
BRDA:278,13,0,503
BRDA:278,13,1,10
BRDA:283,14,0,15
BRDA:283,14,1,498
BRDA:312,15,0,9
BRF:27
BRH:26
end_of_record
